This is pdfTeX, Version 3.1415926-2.3-1.40.12 (TeX Live 2012/dev/Arch Linux) (format=latex 2011.9.19)  9 OCT 2011 22:30
entering extended mode
 restricted \write18 enabled.
 %&-line parsing enabled.
**\nonstopmode\nofiles\PassOptionsToPackage{active,tightpage,auctex}{preview}\A
tBeginDocument{\ifx\ifPreview\undefined\RequirePackage[displaymath,floats,graph
ics,textmath,sections,footnotes]{preview}[2004/11/05]\fi} \input hw10.tex
(./hw10.tex (/usr/share/texmf-dist/tex/latex/base/article.cls
Document Class: article 2007/10/19 v1.4h Standard LaTeX document class
(/usr/share/texmf-dist/tex/latex/base/size12.clo
File: size12.clo 2007/10/19 v1.4h Standard LaTeX file (size option)
)
\c@part=\count79
\c@section=\count80
\c@subsection=\count81
\c@subsubsection=\count82
\c@paragraph=\count83
\c@subparagraph=\count84
\c@figure=\count85
\c@table=\count86
\abovecaptionskip=\skip41
\belowcaptionskip=\skip42
\bibindent=\dimen102
)
(/usr/share/texmf-dist/tex/latex/amsmath/amsmath.sty
Package: amsmath 2000/07/18 v2.13 AMS math features
\@mathmargin=\skip43

For additional information on amsmath, use the `?' option.
(/usr/share/texmf-dist/tex/latex/amsmath/amstext.sty
Package: amstext 2000/06/29 v2.01

(/usr/share/texmf-dist/tex/latex/amsmath/amsgen.sty
File: amsgen.sty 1999/11/30 v2.0
\@emptytoks=\toks14
\ex@=\dimen103
))
(/usr/share/texmf-dist/tex/latex/amsmath/amsbsy.sty
Package: amsbsy 1999/11/29 v1.2d
\pmbraise@=\dimen104
)
(/usr/share/texmf-dist/tex/latex/amsmath/amsopn.sty
Package: amsopn 1999/12/14 v2.01 operator names
)
\inf@bad=\count87
LaTeX Info: Redefining \frac on input line 211.
\uproot@=\count88
\leftroot@=\count89
LaTeX Info: Redefining \overline on input line 307.
\classnum@=\count90
\DOTSCASE@=\count91
LaTeX Info: Redefining \ldots on input line 379.
LaTeX Info: Redefining \dots on input line 382.
LaTeX Info: Redefining \cdots on input line 467.
\Mathstrutbox@=\box26
\strutbox@=\box27
\big@size=\dimen105
LaTeX Font Info:    Redeclaring font encoding OML on input line 567.
LaTeX Font Info:    Redeclaring font encoding OMS on input line 568.
\macc@depth=\count92
\c@MaxMatrixCols=\count93
\dotsspace@=\muskip10
\c@parentequation=\count94
\dspbrk@lvl=\count95
\tag@help=\toks15
\row@=\count96
\column@=\count97
\maxfields@=\count98
\andhelp@=\toks16
\eqnshift@=\dimen106
\alignsep@=\dimen107
\tagshift@=\dimen108
\tagwidth@=\dimen109
\totwidth@=\dimen110
\lineht@=\dimen111
\@envbody=\toks17
\multlinegap=\skip44
\multlinetaggap=\skip45
\mathdisplay@stack=\toks18
LaTeX Info: Redefining \[ on input line 2666.
LaTeX Info: Redefining \] on input line 2667.
)
(/usr/share/texmf-dist/tex/latex/amsfonts/amssymb.sty
Package: amssymb 2009/06/22 v3.00

(/usr/share/texmf-dist/tex/latex/amsfonts/amsfonts.sty
Package: amsfonts 2009/06/22 v3.00 Basic AMSFonts support
\symAMSa=\mathgroup4
\symAMSb=\mathgroup5
LaTeX Font Info:    Overwriting math alphabet `\mathfrak' in version `bold'
(Font)                  U/euf/m/n --> U/euf/b/n on input line 96.
))
(/usr/share/texmf-dist/tex/latex/tools/enumerate.sty
Package: enumerate 1999/03/05 v3.00 enumerate extensions (DPC)
\@enLab=\toks19
)
(/usr/share/texmf-dist/tex/latex/gastex/gastex.sty
Package: gastex 2006/11/28 v2.8

(/usr/share/texmf-dist/tex/latex/tools/calc.sty
Package: calc 2007/08/22 v4.3 Infix arithmetic (KKT,FJ)
\calc@Acount=\count99
\calc@Bcount=\count100
\calc@Adimen=\dimen112
\calc@Bdimen=\dimen113
\calc@Askip=\skip46
\calc@Bskip=\skip47
LaTeX Info: Redefining \setlength on input line 76.
LaTeX Info: Redefining \addtolength on input line 77.
\calc@Ccount=\count101
\calc@Cskip=\skip48
)
(/usr/share/texmf-dist/tex/latex/graphics/trig.sty
Package: trig 1999/03/16 v1.09 sin cos tan (DPC)
)
\c@cnt@a=\count102
\c@cnt@b=\count103
\c@cnt@c=\count104
\dim@x=\dimen114
\dim@y=\dimen115
\temp@box=\box28
\d@my@unit=\dimen116
\c@cnt@@a=\count105
\c@cnt@@b=\count106
\c@cnt@@c=\count107
) (./hw10.aux)
LaTeX Font Info:    Checking defaults for OML/cmm/m/it on input line 16.
LaTeX Font Info:    ... okay on input line 16.
LaTeX Font Info:    Checking defaults for T1/cmr/m/n on input line 16.
LaTeX Font Info:    ... okay on input line 16.
LaTeX Font Info:    Checking defaults for OT1/cmr/m/n on input line 16.
LaTeX Font Info:    ... okay on input line 16.
LaTeX Font Info:    Checking defaults for OMS/cmsy/m/n on input line 16.
LaTeX Font Info:    ... okay on input line 16.
LaTeX Font Info:    Checking defaults for OMX/cmex/m/n on input line 16.
LaTeX Font Info:    ... okay on input line 16.
LaTeX Font Info:    Checking defaults for U/cmr/m/n on input line 16.
LaTeX Font Info:    ... okay on input line 16.

(/usr/share/texmf/tex/latex/preview/preview.sty
Package: preview 2010/02/14 11.86 (AUCTeX/preview-latex)

(/usr/share/texmf/tex/latex/preview/prtightpage.def
\PreviewBorder=\dimen117
)
(/usr/share/texmf/tex/latex/preview/prauctex.def
No auxiliary output files.


\hbadness=\count108
\hfuzz=\dimen118
(/usr/share/texmf/tex/latex/preview/prauctex.cfg))
(/usr/share/texmf/tex/latex/preview/prfootnotes.def)
\pr@snippet=\count109
\pr@box=\box29
\pr@output=\toks20

Preview: Fontsize 12pt
)
! Preview: Snippet 1 started.
<-><->
      
l.36  $
       f:\mathbb{N} \rightarrow \mathbb{P}(\mathbb{N})$, $f(n) = \{p \in \ma...

Not a real error.

LaTeX Font Info:    Try loading font information for U+msa on input line 36.
(/usr/share/texmf-dist/tex/latex/amsfonts/umsa.fd
File: umsa.fd 2009/06/22 v3.00 AMS symbols A
)
LaTeX Font Info:    Try loading font information for U+msb on input line 36.

(/usr/share/texmf-dist/tex/latex/amsfonts/umsb.fd
File: umsb.fd 2009/06/22 v3.00 AMS symbols B
)
Preview: Tightpage -32891 -32891 32891 32891
! Preview: Snippet 1 ended.(589824+196608x4553139).
<-><->
      
l.36 ...hbb{N} \rightarrow \mathbb{P}(\mathbb{N})$
                                                  , $f(n) = \{p \in \mathbb{...

Not a real error.

[1]
! Preview: Snippet 2 started.
<-><->
      
l.36 ...{N} \rightarrow \mathbb{P}(\mathbb{N})$, $
                                                  f(n) = \{p \in \mathbb{N} ...

Not a real error.

! Preview: Snippet 2 ended.(589824+196608x6975392).
<-><->
      
l.36 ...})$, $f(n) = \{p \in \mathbb{N} : n | p\}$
                                                  .
Not a real error.

[2]
! Preview: Snippet 3 started.
<-><->
      
l.39 \item $
            f(m)= f(p) \cap f(q)$\\
Not a real error.

! Preview: Snippet 3 ended.(589824+196608x6526642).
<-><->
      
l.39 \item $f(m)= f(p) \cap f(q)$
                                 \\
Not a real error.

[3]

! LaTeX Error: There's no line here to end.

See the LaTeX manual or LaTeX Companion for explanation.
Type  H <return>  for immediate help.
 ...                                              
                                                  
l.40   N
        otice that $q$ can be thought of as a multiple of $p$. Therefore only
Your command was ignored.
Type  I <command> <return>  to replace it with another command,
or  <return>  to continue without it.

! Preview: Snippet 4 started.
<-><->
      
l.40   Notice that $
                    q$ can be thought of as a multiple of $p$. Therefore only
Not a real error.

! Preview: Snippet 4 ended.(338603+152916x369638).
<-><->
      
l.40   Notice that $q$
                       can be thought of as a multiple of $p$. Therefore only
Not a real error.

[4]
! Preview: Snippet 5 started.
<-><->
      
l.40 ...t $q$ can be thought of as a multiple of $
                                                  p$. Therefore only
Not a real error.

! Preview: Snippet 5 ended.(338603+152916x386477).
<-><->
      
l.40 ...$q$ can be thought of as a multiple of $p$
                                                  . Therefore only
Not a real error.

[5]
! Preview: Snippet 6 started.
<-><->
      
l.41   the elements of $
                        f(p)$ that have a multiple of a $q$ as the multiple
Not a real error.

! Preview: Snippet 6 ended.(589824+196608x1448924).
<-><->
      
l.41   the elements of $f(p)$
                              that have a multiple of a $q$ as the multiple
Not a real error.

[6]
! Preview: Snippet 7 started.
<-><->
      
l.41 ...ents of $f(p)$ that have a multiple of a $
                                                  q$ as the multiple
Not a real error.

! Preview: Snippet 7 ended.(338603+152916x369638).
<-><->
      
l.41 ...ts of $f(p)$ that have a multiple of a $q$
                                                   as the multiple
Not a real error.

[7]
! Preview: Snippet 8 started.
<-><->
      
l.42   of $
           p$ are selected. This happens to be defined as an intersection.
Not a real error.

! Preview: Snippet 8 ended.(338603+152916x386477).
<-><->
      
l.42   of $p$
              are selected. This happens to be defined as an intersection.
Not a real error.

[8]
! Preview: Snippet 9 started.
<-><->
      
l.44 ...that this is merely an extension of part $
                                                  a$ with
Not a real error.

! Preview: Snippet 9 ended.(338603+0x404225).
<-><->
      
l.44 ...at this is merely an extension of part $a$
                                                   with
Not a real error.

[9]
! Preview: Snippet 10 started.
<-><->
      
l.47 Lets define  $
                   T:\mathbb{N} \rightarrow \mathbb{P}(\mathbb{N})$ to be\\
Not a real error.

! Preview: Snippet 10 ended.(589824+196608x4647891).
<-><->
      
l.47 ...hbb{N} \rightarrow \mathbb{P}(\mathbb{N})$
                                                   to be\\
Not a real error.

[10]
! Preview: Snippet 11 started.
<-><->
      
l.48 $
      T(1) = f(p_1)$\\
Not a real error.

! Preview: Snippet 11 ended.(589824+196608x4338263).
<-><->
      
l.48 $T(1) = f(p_1)$
                    \\
Not a real error.

[11]
! Preview: Snippet 12 started.
<-><->
      
l.49 $
      T(n) = f(p_n) \cap T(n-1)$\\
Not a real error.

! Preview: Snippet 12 ended.(589824+196608x8309244).
<-><->
      
l.49 $T(n) = f(p_n) \cap T(n-1)$
                                \\
Not a real error.

[12]
! Preview: Snippet 13 started.
<-><->
      
l.51 Therefore $
                f(m) = T(m)$
Not a real error.

! Preview: Snippet 13 ended.(589824+196608x4602580).
<-><->
      
l.51 Therefore $f(m) = T(m)$
                            
Not a real error.

[13]
! Preview: Snippet 14 started.
<-><->
      
l.52 \item Notice that if $
                           f(p)$ is a subset of $f(q)$ then all the
Not a real error.

! Preview: Snippet 14 ended.(589824+196608x1448924).
<-><->
      
l.52 \item Notice that if $f(p)$
                                 is a subset of $f(q)$ then all the
Not a real error.

[14]
! Preview: Snippet 15 started.
<-><->
      
l.52 \item Notice that if $f(p)$ is a subset of $
                                                 f(q)$ then all the
Not a real error.

! Preview: Snippet 15 ended.(589824+196608x1432085).
<-><->
      
l.52 ...otice that if $f(p)$ is a subset of $f(q)$
                                                   then all the
Not a real error.

[15]
! Preview: Snippet 16 started.
<-><->
      
l.53   multiples of $
                     p$ are in $f(q)$.\\
Not a real error.

! Preview: Snippet 16 ended.(338603+152916x386477).
<-><->
      
l.53   multiples of $p$
                        are in $f(q)$.\\
Not a real error.

[16]
! Preview: Snippet 17 started.
<-><->
      
l.53   multiples of $p$ are in $
                                f(q)$.\\
Not a real error.

! Preview: Snippet 17 ended.(589824+196608x1432085).
<-><->
      
l.53   multiples of $p$ are in $f(q)$
                                     .\\
Not a real error.

[17]
! Preview: Snippet 18 started.
<-><->
      
l.54   Consider $
                 p=q*k$ for some $p,q,k\in \mathbb{N}$\\
Not a real error.

! Preview: Snippet 18 ended.(546132+152916x2961563).
<-><->
      
l.54   Consider $p=q*k$
                        for some $p,q,k\in \mathbb{N}$\\
Not a real error.

[18]
! Preview: Snippet 19 started.
<-><->
      
l.54   Consider $p=q*k$ for some $
                                  p,q,k\in \mathbb{N}$\\
Not a real error.

! Preview: Snippet 19 ended.(546132+152916x3402115).
<-><->
      
l.54 ...der $p=q*k$ for some $p,q,k\in \mathbb{N}$
                                                  \\
Not a real error.

[19]
! Preview: Snippet 20 started.
<-><->
      
l.55   $
        f(q)$ would then contain multiples of $p$.\\
Not a real error.

! Preview: Snippet 20 ended.(589824+196608x1432085).
<-><->
      
l.55   $f(q)$
              would then contain multiples of $p$.\\
Not a real error.

[20]
! Preview: Snippet 21 started.
<-><->
      
l.55   $f(q)$ would then contain multiples of $
                                               p$.\\
Not a real error.

! Preview: Snippet 21 ended.(338603+152916x386477).
<-><->
      
l.55   $f(q)$ would then contain multiples of $p$
                                                 .\\
Not a real error.

[21]
! Preview: Snippet 22 started.
<-><->
      
l.56   Therefore $
                  f(p)$ is a subset of $f(q)$ for $p = q*k$
Not a real error.

! Preview: Snippet 22 ended.(589824+196608x1448924).
<-><->
      
l.56   Therefore $f(p)$
                        is a subset of $f(q)$ for $p = q*k$
Not a real error.

[22]
! Preview: Snippet 23 started.
<-><->
      
l.56   Therefore $f(p)$ is a subset of $
                                        f(q)$ for $p = q*k$
Not a real error.

! Preview: Snippet 23 ended.(589824+196608x1432085).
<-><->
      
l.56   Therefore $f(p)$ is a subset of $f(q)$
                                              for $p = q*k$
Not a real error.

[23]
! Preview: Snippet 24 started.
<-><->
      
l.56 ...erefore $f(p)$ is a subset of $f(q)$ for $
                                                  p = q*k$
Not a real error.

! Preview: Snippet 24 ended.(546132+152916x2961563).
<-><->
      
l.56 ...$f(p)$ is a subset of $f(q)$ for $p = q*k$
                                                  
Not a real error.

[24]
! Preview: Snippet 25 started.
<-><->
      
l.57 \item $
            m=p*q$ see part a for reasoning.
Not a real error.

! Preview: Snippet 25 ended.(365910+152916x3208229).
<-><->
      
l.57 \item $m=p*q$
                   see part a for reasoning.
Not a real error.

[25]
! Preview: Snippet 26 started.
<-><->
      
l.67 \item  $
             M:V\times\mathbb{N} \rightarrow \mathbb{P}(V)$ by $M(x,n) =\{y ...

Not a real error.

! Preview: Snippet 26 ended.(589824+196608x6550011).
<-><->
      
l.67 ...times\mathbb{N} \rightarrow \mathbb{P}(V)$
                                                   by $M(x,n) =\{y \in V \mi...

Not a real error.

[26]
! Preview: Snippet 27 started.
<-><->
      
l.67 ...\mathbb{N} \rightarrow \mathbb{P}(V)$ by $
                                                  M(x,n) =\{y \in V \mid \te...

Not a real error.

! Preview: Snippet 27 ended.(589824+196608x20371580).
<-><->
      
l.67 ...f length } n\text{ from }x\text{ to }y \}$
                                                  
Not a real error.

[27]

! LaTeX Error: Illegal character in array arg.

See the LaTeX manual or LaTeX Companion for explanation.
Type  H <return>  for immediate help.
 ...                                              
                                                  
l.68 \begin{tabular}{| 1 || r | }
                                 
You're in trouble here.  Try typing  <return>  to proceed.
If that doesn't work, type  X <return>  to quit.

! Preview: Snippet 28 started.
<-><->
      
l.69   $
        M(c,0)$ & $\{c\}$         \\
Not a real error.

! Preview: Snippet 28 ended.(589824+196608x2487431).
<-><->
      
l.69   $M(c,0)$
                & $\{c\}$         \\
Not a real error.

[28]
! Preview: Snippet 29 started.
<-><->
      
l.69   $M(c,0)$ & $
                   \{c\}$         \\
Not a real error.

! Preview: Snippet 29 ended.(589824+196608x1117841).
<-><->
      
l.69   $M(c,0)$ & $\{c\}$
                                  \\
Not a real error.

[29]
! Preview: Snippet 30 started.
<-><->
      
l.70   $
        M(c,1)$ & $\{a,d,f,k\}$   \\
Not a real error.

! Preview: Snippet 30 ended.(589824+196608x2487431).
<-><->
      
l.70   $M(c,1)$
                & $\{a,d,f,k\}$   \\
Not a real error.

[30]
! Preview: Snippet 31 started.
<-><->
      
l.70   $M(c,1)$ & $
                   \{a,d,f,k\}$   \\
Not a real error.

! Preview: Snippet 31 ended.(589824+196608x3473337).
<-><->
      
l.70   $M(c,1)$ & $\{a,d,f,k\}$
                                  \\
Not a real error.

[31]
! Preview: Snippet 32 started.
<-><->
      
l.71   $
        M(c,2)$ & $\{e,b,f,h,k\}$ \\
Not a real error.

! Preview: Snippet 32 ended.(589824+196608x2487431).
<-><->
      
l.71   $M(c,2)$
                & $\{e,b,f,h,k\}$ \\
Not a real error.

[32]
! Preview: Snippet 33 started.
<-><->
      
l.71   $M(c,2)$ & $
                   \{e,b,f,h,k\}$ \\
Not a real error.

! Preview: Snippet 33 ended.(589824+196608x4141523).
<-><->
      
l.71   $M(c,2)$ & $\{e,b,f,h,k\}$
                                  \\
Not a real error.

[33]
! Preview: Snippet 34 started.
<-><->
      
l.72   $
        M(c,3)$ & $\{e,b,g,h\}$   \\
Not a real error.

! Preview: Snippet 34 ended.(589824+196608x2487431).
<-><->
      
l.72   $M(c,3)$
                & $\{e,b,g,h\}$   \\
Not a real error.

[34]
! Preview: Snippet 35 started.
<-><->
      
l.72   $M(c,3)$ & $
                   \{e,b,g,h\}$   \\
Not a real error.

! Preview: Snippet 35 ended.(589824+196608x3345859).
<-><->
      
l.72   $M(c,3)$ & $\{e,b,g,h\}$
                                  \\
Not a real error.

[35]
! Preview: Snippet 36 started.
<-><->
      
l.73   $
        M(c,4)$ & $\{a,b,d,g,h\}$ \\
Not a real error.

! Preview: Snippet 36 ended.(589824+196608x2487431).
<-><->
      
l.73   $M(c,4)$
                & $\{a,b,d,g,h\}$ \\
Not a real error.

[36]
! Preview: Snippet 37 started.
<-><->
      
l.73   $M(c,4)$ & $
                   \{a,b,d,g,h\}$ \\
Not a real error.

! Preview: Snippet 37 ended.(589824+196608x4138289).
<-><->
      
l.73   $M(c,4)$ & $\{a,b,d,g,h\}$
                                  \\
Not a real error.

[37]
! Preview: Snippet 38 started.
<-><->
      
l.74   $
        M(c,5)$ & $\{b,d,e,f,h\}$ \\
Not a real error.

! Preview: Snippet 38 ended.(589824+196608x2487431).
<-><->
      
l.74   $M(c,5)$
                & $\{b,d,e,f,h\}$ \\
Not a real error.

[38]
! Preview: Snippet 39 started.
<-><->
      
l.74   $M(c,5)$ & $
                   \{b,d,e,f,h\}$ \\
Not a real error.

! Preview: Snippet 39 ended.(589824+196608x4114762).
<-><->
      
l.74   $M(c,5)$ & $\{b,d,e,f,h\}$
                                  \\
Not a real error.

[39]
! Preview: Snippet 40 started.
<-><->
      
l.82   \item[] $
                Q(x,0) = \{x\}$
Not a real error.

! Preview: Snippet 40 ended.(589824+196608x4636215).
<-><->
      
l.82   \item[] $Q(x,0) = \{x\}$
                               
Not a real error.

[40]
! Preview: Snippet 41 started.
<-><->
      
l.83   \item[] For any $
                        n \ge 1$, $Q(x,n) = \{y \in V \mid y \text{ is a nei...

Not a real error.

! Preview: Snippet 41 ended.(506811+106932x1893248).
<-><->
      
l.83   \item[] For any $n \ge 1$
                                , $Q(x,n) = \{y \in V \mid y \text{ is a nei...

Not a real error.

[41]
! Preview: Snippet 42 started.
<-><->
      
l.83   \item[] For any $n \ge 1$, $
                                   Q(x,n) = \{y \in V \mid y \text{ is a nei...

Not a real error.

! Preview: Snippet 42 ended.(589824+196608x21926486).
<-><->
      
l.84     \text{ for some } p \in Q(x,n-1)\}$
                                            
Not a real error.

[42]
! Preview: Snippet 43 started.
<-><->
      
l.87   They are not equal because $
                                   Q(x,n)$ generates a walk instead of a
Not a real error.

! Preview: Snippet 43 ended.(589824+196608x2451012).
<-><->
      
l.87   They are not equal because $Q(x,n)$
                                           generates a walk instead of a
Not a real error.

[43]
! Preview: Snippet 44 started.
<-><->
      
l.89   revisit a node which $
                             P(x,n)$ clearly cannot.
Not a real error.

! Preview: Snippet 44 ended.(589824+196608x2444424).
<-><->
      
l.89   revisit a node which $P(x,n)$
                                     clearly cannot.
Not a real error.

[44] ) 
Here is how much of TeX's memory you used:
 1797 strings out of 493634
 19982 string characters out of 3148855
 79543 words of memory out of 3000000
 5110 multiletter control sequences out of 15000+200000
 9198 words of font info for 35 fonts, out of 3000000 for 9000
 831 hyphenation exceptions out of 8191
 27i,9n,24p,421b,293s stack positions out of 5000i,500n,10000p,200000b,50000s

Output written on hw10.dvi (44 pages, 7384 bytes).
