This is pdfTeX, Version 3.1415926-2.3-1.40.12 (TeX Live 2012/dev/Arch Linux) (format=prv_hw5 2011.10.20)  20 OCT 2011 17:20
entering extended mode
 restricted \write18 enabled.
 %&-line parsing enabled.
**&prv_hw5 hw5.tex
(./hw5.tex
LaTeX2e <2009/09/24>
Babel <v3.8l> and hyphenation patterns for english, dumylang, nohyphenation, ge
rman-x-2009-06-19, ngerman-x-2009-06-19, afrikaans, ancientgreek, ibycus, arabi
c, armenian, basque, bulgarian, catalan, pinyin, coptic, croatian, czech, danis
h, dutch, ukenglish, usenglishmax, esperanto, estonian, ethiopic, farsi, finnis
h, french, galician, german, ngerman, swissgerman, monogreek, greek, hungarian,
 icelandic, assamese, bengali, gujarati, hindi, kannada, malayalam, marathi, or
iya, panjabi, tamil, telugu, indonesian, interlingua, irish, italian, kurmanji,
 lao, latin, latvian, lithuanian, mongolian, mongolianlmc, bokmal, nynorsk, pol
ish, portuguese, romanian, russian, sanskrit, serbian, serbianc, slovak, sloven
ian, spanish, swedish, turkish, turkmen, ukrainian, uppersorbian, welsh, loaded
.
CUSTOMISED FORMAT. Preloaded files:
        .
 article.cls    2007/10/19 v1.4h Standard LaTeX document class
  size12.clo    2007/10/19 v1.4h Standard LaTeX file (size option)
 amsmath.sty    2000/07/18 v2.13 AMS math features
 amstext.sty    2000/06/29 v2.01
  amsgen.sty    1999/11/30 v2.0
  amsbsy.sty    1999/11/29 v1.2d
  amsopn.sty    1999/12/14 v2.01 operator names
 amssymb.sty    2009/06/22 v3.00
amsfonts.sty    2009/06/22 v3.00 Basic AMSFonts support
enumerate.sty    1999/03/05 v3.00 enumerate extensions (DPC)
  gastex.sty    2006/11/28 v2.8
    calc.sty    2007/08/22 v4.3 Infix arithmetic (KKT,FJ)
    trig.sty    1999/03/16 v1.09 sin cos tan (DPC)
    umsa.fd    2009/06/22 v3.00 AMS symbols A
    umsb.fd    2009/06/22 v3.00 AMS symbols B
        .
(./hw5.aux)
LaTeX Font Info:    Checking defaults for OML/cmm/m/it on input line 15.
LaTeX Font Info:    ... okay on input line 15.
LaTeX Font Info:    Checking defaults for T1/cmr/m/n on input line 15.
LaTeX Font Info:    ... okay on input line 15.
LaTeX Font Info:    Checking defaults for OT1/cmr/m/n on input line 15.
LaTeX Font Info:    ... okay on input line 15.
LaTeX Font Info:    Checking defaults for OMS/cmsy/m/n on input line 15.
LaTeX Font Info:    ... okay on input line 15.
LaTeX Font Info:    Checking defaults for OMX/cmex/m/n on input line 15.
LaTeX Font Info:    ... okay on input line 15.
LaTeX Font Info:    Checking defaults for U/cmr/m/n on input line 15.
LaTeX Font Info:    ... okay on input line 15.
 (/usr/share/texmf/tex/latex/preview/preview.sty
Package: preview 2010/02/14 11.86 (AUCTeX/preview-latex)

(/usr/share/texmf/tex/latex/preview/prtightpage.def
\PreviewBorder=\dimen117
)
(/usr/share/texmf/tex/latex/preview/prauctex.def
No auxiliary output files.


\hbadness=\count108
\hfuzz=\dimen118
(/usr/share/texmf/tex/latex/preview/prauctex.cfg))
(/usr/share/texmf/tex/latex/preview/prfootnotes.def)
\pr@snippet=\count109
\pr@box=\box29
\pr@output=\toks20

Preview: Fontsize 12pt
)
! Preview: Snippet 1 started.
<-><->
      
l.37  \item a. $
                f: \mathbb{R} \times \mathbb{R} \rightarrow \mathbb{R}$ such...

Not a real error.

Preview: Tightpage -32891 -32891 32891 32891
! Preview: Snippet 1 ended.(546132+152916x5002792).
<-><->
      
l.37 ... \times \mathbb{R} \rightarrow \mathbb{R}$
                                                   such that $f(x,y) = x^5-y...

Not a real error.

[1]
! Preview: Snippet 2 started.
<-><->
      
l.37 ...hbb{R} \rightarrow \mathbb{R}$ such that $
                                                  f(x,y) = x^5-y^2+8$
Not a real error.

! Preview: Snippet 2 ended.(623265+196608x7043018).
<-><->
      
l.37 ...\mathbb{R}$ such that $f(x,y) = x^5-y^2+8$
                                                  
Not a real error.

[2]
! Preview: Snippet 3 started.
<-><->
      
l.40  Not $
           1-1$ because $y^2$ is an even function thus $y$ and $-y$ produce ...

Not a real error.

! Preview: Snippet 3 ended.(506811+65536x1731231).
<-><->
      
l.40  Not $1-1$
                because $y^2$ is an even function thus $y$ and $-y$ produce ...

Not a real error.

[3]
! Preview: Snippet 4 started.
<-><->
      
l.40  Not $1-1$ because $
                         y^2$ is an even function thus $y$ and $-y$ produce ...

Not a real error.

! Preview: Snippet 4 ended.(623265+152916x714979).
<-><->
      
l.40  Not $1-1$ because $y^2$
                              is an even function thus $y$ and $-y$ produce ...

Not a real error.

[4]
! Preview: Snippet 5 started.
<-><->
      
l.40 ...$ because $y^2$ is an even function thus $
                                                  y$ and $-y$ produce the sa...

Not a real error.

! Preview: Snippet 5 ended.(338603+152916x403679).
<-><->
      
l.40 ...because $y^2$ is an even function thus $y$
                                                   and $-y$ produce the same...

Not a real error.

[5]
! Preview: Snippet 6 started.
<-><->
      
l.40 ...e $y^2$ is an even function thus $y$ and $
                                                  -y$ produce the same resul...

Not a real error.

! Preview: Snippet 6 ended.(458752+152916x1015350).
<-><->
      
l.40 ...y^2$ is an even function thus $y$ and $-y$
                                                   produce the same result.\\
Not a real error.

[6]
! Preview: Snippet 7 started.
<-><->
      
l.41  For example $
                   f(x,y) = x^2 - y^2 + 8 = x^2 - (-y)^2 + 8 = f(x,-y)$
Not a real error.

! Preview: Snippet 7 ended.(623265+196608x16944118).
<-><->
      
l.41 ...^2 - y^2 + 8 = x^2 - (-y)^2 + 8 = f(x,-y)$
                                                  
Not a real error.

[7]
! Preview: Snippet 8 started.
<-><->
      
l.44  \item b. $
                f: \mathbb{R}^+ \rightarrow \mathbb{R}$ such that $f(x) = 2e...

Not a real error.

! Preview: Snippet 8 ended.(602150+152916x3939661).
<-><->
      
l.44 .... $f: \mathbb{R}^+ \rightarrow \mathbb{R}$
                                                   such that $f(x) = 2e^{-2x}$
Not a real error.

[8]
! Preview: Snippet 9 started.
<-><->
      
l.44 ...b{R}^+ \rightarrow \mathbb{R}$ such that $
                                                  f(x) = 2e^{-2x}$
Not a real error.

! Preview: Snippet 9 ended.(623265+196608x4335915).
<-><->
      
l.44 ...ow \mathbb{R}$ such that $f(x) = 2e^{-2x}$
                                                  
Not a real error.

[9]
! Preview: Snippet 10 started.
<-><->
      
l.45   where $
              e$ is the base of the natural logarithm.   (Hint:  if I substi...

Not a real error.

! Preview: Snippet 10 ended.(338603+0x356895).
<-><->
      
l.45   where $e$
                 is the base of the natural logarithm.   (Hint:  if I substi...

Not a real error.

[10]
! Preview: Snippet 11 started.
<-><->
      
l.46   another positive number for $
                                    e$, would anything important change?)
Not a real error.

! Preview: Snippet 11 ended.(338603+0x356895).
<-><->
      
l.46   another positive number for $e$
                                      , would anything important change?)
Not a real error.

[11]
! Preview: Snippet 12 started.
<-><->
      
l.49  $
       1-1$\\
Not a real error.

! Preview: Snippet 12 ended.(506811+65536x1731231).
<-><->
      
l.49  $1-1$
           \\
Not a real error.

[12]

! LaTeX Error: There's no line here to end.

See the LaTeX manual or LaTeX Companion for explanation.
Type  H <return>  for immediate help.
 ...                                              
                                                  
l.50  L
       et $f(x) = f(y)$
Your command was ignored.
Type  I <command> <return>  to replace it with another command,
or  <return>  to continue without it.

! Preview: Snippet 13 started.
<-><->
      
l.50  Let $
           f(x) = f(y)$
Not a real error.

! Preview: Snippet 13 ended.(589824+196608x4001979).
<-><->
      
l.50  Let $f(x) = f(y)$
                       
Not a real error.

[13]
! Preview: Snippet 14 started.
<-><->
      
l.51  Thus $
            2e^{-2x} = 2e^{-2y}$
Not a real error.

! Preview: Snippet 14 ended.(623265+0x4616526).
<-><->
      
l.51  Thus $2e^{-2x} = 2e^{-2y}$
                                
Not a real error.

[14]
! Preview: Snippet 15 started.
<-><->
      
l.52  Therefore $
                 -2x = -2y$, $x=y$....
Not a real error.

! Preview: Snippet 15 ended.(506811+152916x3870467).
<-><->
      
l.52  Therefore $-2x = -2y$
                           , $x=y$....
Not a real error.

[15]
! Preview: Snippet 16 started.
<-><->
      
l.52  Therefore $-2x = -2y$, $
                              x=y$....
Not a real error.

! Preview: Snippet 16 ended.(338603+152916x1877085).
<-><->
      
l.52  Therefore $-2x = -2y$, $x=y$
                                  ....
Not a real error.

[16]
! Preview: Snippet 17 started.
<-><->
      
l.55  \item c. $
                f: \mathbb{N} \times \mathbb{N} \rightarrow \mathbb{Z}$ such...

Not a real error.

! Preview: Snippet 17 ended.(546132+152916x4959101).
<-><->
      
l.55 ... \times \mathbb{N} \rightarrow \mathbb{Z}$
                                                   such that $f(x,y) = \left...

Not a real error.

[17]
! Preview: Snippet 18 started.
<-><->
      
l.55 ...hbb{N} \rightarrow \mathbb{Z}$ such that $
                                                  f(x,y) = \left|x+1\right|-...

Not a real error.

! Preview: Snippet 18 ended.(623265+196608x7605534).
<-><->
      
l.55 ...(x,y) = \left|x+1\right|-\left|y^3\right|$
                                                  
Not a real error.

[18]
! Preview: Snippet 19 started.
<-><->
      
l.58  Not $
           1-1$\\
Not a real error.

! Preview: Snippet 19 ended.(506811+65536x1731231).
<-><->
      
l.58  Not $1-1$
               \\
Not a real error.

[19]
! Preview: Snippet 20 started.
<-><->
      
l.59  Counter-example: $
                        (8,2)$ and $(0,0)$ produce the same result. $|8+1| -...

Not a real error.

! Preview: Snippet 20 ended.(589824+196608x1713930).
<-><->
      
l.59  Counter-example: $(8,2)$
                               and $(0,0)$ produce the same result. $|8+1| -...

Not a real error.

[20]
! Preview: Snippet 21 started.
<-><->
      
l.59  Counter-example: $(8,2)$ and $
                                    (0,0)$ produce the same result. $|8+1| -...

Not a real error.

! Preview: Snippet 21 ended.(589824+196608x1713930).
<-><->
      
l.59  Counter-example: $(8,2)$ and $(0,0)$
                                           produce the same result. $|8+1| -...

Not a real error.

[21]
! Preview: Snippet 22 started.
<-><->
      
l.59 ...2)$ and $(0,0)$ produce the same result. $
                                                  |8+1| - |2^3| = 1 = |1| -|...

Not a real error.

! Preview: Snippet 22 ended.(623265+196608x9622814).
<-><->
      
l.59 ...e result. $|8+1| - |2^3| = 1 = |1| -|0^3|$
                                                  
Not a real error.

[22]
! Preview: Snippet 23 started.
<-><->
      
l.66 \item Let's define a function $
                                    f$ as follows:
Not a real error.

! Preview: Snippet 23 ended.(546132+152916x463527).
<-><->
      
l.66 \item Let's define a function $f$
                                       as follows:
Not a real error.

[23]
! Preview: Snippet 24 started.
<-><->
      
l.67 \item $
            f: [1/4,3] \rightarrow [0,1] $ such that $f(x) = \frac{4x-1}{2x+5}$

Not a real error.

! Preview: Snippet 24 ended.(589824+196608x6193321).
<-><->
      
l.67 \item $f: [1/4,3] \rightarrow [0,1] $
                                           such that $f(x) = \frac{4x-1}{2x+5}$

Not a real error.

[24]
! Preview: Snippet 25 started.
<-><->
      
l.67 ...f: [1/4,3] \rightarrow [0,1] $ such that $
                                                  f(x) = \frac{4x-1}{2x+5}$
Not a real error.

! Preview: Snippet 25 ended.(647518+325810x3997050).
<-><->
      
l.67 ...,1] $ such that $f(x) = \frac{4x-1}{2x+5}$
                                                  
Not a real error.

[25]
! Preview: Snippet 26 started.
<-><->
      
l.68 ...tions of one-to-one and onto, prove that $
                                                  f$ is a
Not a real error.

! Preview: Snippet 26 ended.(546132+152916x463527).
<-><->
      
l.68 ...ons of one-to-one and onto, prove that $f$
                                                   is a
Not a real error.

[26]
! Preview: Snippet 27 started.
<-><->
      
l.73 \item Let $
                f: [\frac{1}{4},3] \rightarrow [0,1]$ s.t $f(x) = \frac{4x-1...

Not a real error.

! Preview: Snippet 27 ended.(647518+271194x5474079).
<-><->
      
l.73 ...Let $f: [\frac{1}{4},3] \rightarrow [0,1]$
                                                   s.t $f(x) = \frac{4x-1}{2...

Not a real error.

[27]
! Preview: Snippet 28 started.
<-><->
      
l.73 ...: [\frac{1}{4},3] \rightarrow [0,1]$ s.t $
                                                  f(x) = \frac{4x-1}{2x+5}$
Not a real error.

! Preview: Snippet 28 ended.(647518+325810x3997050).
<-><->
      
l.73 ...rrow [0,1]$ s.t $f(x) = \frac{4x-1}{2x+5}$
                                                  
Not a real error.

[28]
! Preview: Snippet 29 started.
<-><->
      
l.74 \item Note that bijective means onto and $
                                               1-1$
Not a real error.

! Preview: Snippet 29 ended.(506811+65536x1731231).
<-><->
      
l.74 ...m Note that bijective means onto and $1-1$
                                                  
Not a real error.

[29]
! Preview: Snippet 30 started.
<-><->
      
l.75 \item Claim 1: $
                     f$ is onto:
Not a real error.

! Preview: Snippet 30 ended.(546132+152916x463527).
<-><->
      
l.75 \item Claim 1: $f$
                        is onto:
Not a real error.

[30]
! Preview: Snippet 31 started.
<-><->
      
l.76 \item Note the $
                     f$ is only undefined at $x= -2.5$ $,x\in \mathbb{R}$
Not a real error.

! Preview: Snippet 31 ended.(546132+152916x463527).
<-><->
      
l.76 \item Note the $f$
                        is only undefined at $x= -2.5$ $,x\in \mathbb{R}$
Not a real error.

[31]
! Preview: Snippet 32 started.
<-><->
      
l.76 \item Note the $f$ is only undefined at $
                                              x= -2.5$ $,x\in \mathbb{R}$
Not a real error.

! Preview: Snippet 32 ended.(506811+65536x3069017).
<-><->
      
l.76 ...ote the $f$ is only undefined at $x= -2.5$
                                                   $,x\in \mathbb{R}$
Not a real error.

[32]
! Preview: Snippet 33 started.
<-><->
      
l.76 ...e the $f$ is only undefined at $x= -2.5$ $
                                                  ,x\in \mathbb{R}$
Not a real error.

! Preview: Snippet 33 ended.(541764+152916x2311725).
<-><->
      
l.76 ... undefined at $x= -2.5$ $,x\in \mathbb{R}$
                                                  
Not a real error.

[33]
! Preview: Snippet 34 started.
<-><->
      
l.77 \item Also note that $
                           -2.5$ isn't in the interval $[\frac{1}{4}, 3]$
Not a real error.

! Preview: Snippet 34 ended.(506811+65536x1595611).
<-><->
      
l.77 \item Also note that $-2.5$
                                 isn't in the interval $[\frac{1}{4}, 3]$
Not a real error.

[34]
! Preview: Snippet 35 started.
<-><->
      
l.77 ...o note that $-2.5$ isn't in the interval $
                                                  [\frac{1}{4}, 3]$
Not a real error.

! Preview: Snippet 35 ended.(647518+271194x1593608).
<-><->
      
l.77 ...$ isn't in the interval $[\frac{1}{4}, 3]$
                                                  
Not a real error.

[35]
! Preview: Snippet 36 started.
<-><->
      
l.78 \item Consider $
                     x= \frac{5y+1}{2*(2-y)}$ where $y$ is an arbitrary elem...

Not a real error.

! Preview: Snippet 36 ended.(683612+402266x3626989).
<-><->
      
l.78 \item Consider $x= \frac{5y+1}{2*(2-y)}$
                                              where $y$ is an arbitrary elem...

Not a real error.

[36]
! Preview: Snippet 37 started.
<-><->
      
l.78 ...Consider $x= \frac{5y+1}{2*(2-y)}$ where $
                                                  y$ is an arbitrary element...

Not a real error.

! Preview: Snippet 37 ended.(338603+152916x403679).
<-><->
      
l.78 ...nsider $x= \frac{5y+1}{2*(2-y)}$ where $y$
                                                   is an arbitrary element  ...

Not a real error.

[37]
! Preview: Snippet 38 started.
<-><->
      
l.78 ...-y)}$ where $y$ is an arbitrary element  $
                                                  \in [0,1]$ $,x,y\in \mathb...

Not a real error.

! Preview: Snippet 38 ended.(589824+196608x2285549).
<-><->
      
l.78 ...e $y$ is an arbitrary element  $\in [0,1]$
                                                   $,x,y\in \mathbb{R}$
Not a real error.

[38]
! Preview: Snippet 39 started.
<-><->
      
l.78 ...$y$ is an arbitrary element  $\in [0,1]$ $
                                                  ,x,y\in \mathbb{R}$
Not a real error.

! Preview: Snippet 39 ended.(541764+152916x3060374).
<-><->
      
l.78 ... element  $\in [0,1]$ $,x,y\in \mathbb{R}$
                                                  
Not a real error.

[39]
! Preview: Snippet 40 started.
<-><->
      
l.79 \item Let $
                a = 4x-1$ and $b = 2x+5$
Not a real error.

! Preview: Snippet 40 ended.(506811+65536x3608862).
<-><->
      
l.79 \item Let $a = 4x-1$
                          and $b = 2x+5$
Not a real error.

[40]
! Preview: Snippet 41 started.
<-><->
      
l.79 \item Let $a = 4x-1$ and $
                               b = 2x+5$
Not a real error.

! Preview: Snippet 41 ended.(546132+60072x3519288).
<-><->
      
l.79 \item Let $a = 4x-1$ and $b = 2x+5$
                                        
Not a real error.

[41]
! Preview: Snippet 42 started.
<-><->
      
l.80 \item $
            f(x) = \frac{a}{b}$
Not a real error.

! Preview: Snippet 42 ended.(589824+271194x2989026).
<-><->
      
l.80 \item $f(x) = \frac{a}{b}$
                               
Not a real error.

[42]
! Preview: Snippet 43 started.
<-><->
      
l.81 \item Subsituting $
                        x$ in $a$ and $b$
Not a real error.

! Preview: Snippet 43 ended.(338603+0x437586).
<-><->
      
l.81 \item Subsituting $x$
                           in $a$ and $b$
Not a real error.

[43]
! Preview: Snippet 44 started.
<-><->
      
l.81 \item Subsituting $x$ in $
                               a$ and $b$
Not a real error.

! Preview: Snippet 44 ended.(338603+0x404225).
<-><->
      
l.81 \item Subsituting $x$ in $a$
                                  and $b$
Not a real error.

[44]
! Preview: Snippet 45 started.
<-><->
      
l.81 \item Subsituting $x$ in $a$ and $
                                       b$
Not a real error.

! Preview: Snippet 45 ended.(546132+0x327402).
<-><->
      
l.81 \item Subsituting $x$ in $a$ and $b$
                                         
Not a real error.

[45]
! Preview: Snippet 46 started.
<-><->
      
l.82 \item $
            a = \frac{11y}{2-y}$ and $b = \frac{11}{2-y}$
Not a real error.

! Preview: Snippet 46 ended.(683612+373139x2603292).
<-><->
      
l.82 \item $a = \frac{11y}{2-y}$
                                 and $b = \frac{11}{2-y}$
Not a real error.

[46]
! Preview: Snippet 47 started.
<-><->
      
l.82 \item $a = \frac{11y}{2-y}$ and $
                                      b = \frac{11}{2-y}$
Not a real error.

! Preview: Snippet 47 ended.(647518+373139x2526469).
<-><->
      
l.82 ... \frac{11y}{2-y}$ and $b = \frac{11}{2-y}$
                                                  
Not a real error.

[47]
! Preview: Snippet 48 started.
<-><->
      
l.83 \item Thus $
                 f(x) = \frac{a}{b}  = \frac{11y}{11} = y$
Not a real error.

! Preview: Snippet 48 ended.(683612+271194x6472852).
<-><->
      
l.83 ...$f(x) = \frac{a}{b}  = \frac{11y}{11} = y$
                                                  
Not a real error.

[48]
! Preview: Snippet 49 started.
<-><->
      
l.84 \item Thus $
                 \forall y \in [0,1], \exists x \in[\frac{1}{4}, 3]$
Not a real error.

! Preview: Snippet 49 ended.(647518+271194x7118847).
<-><->
      
l.84 ... \in [0,1], \exists x \in[\frac{1}{4}, 3]$
                                                  
Not a real error.

[49]
! Preview: Snippet 50 started.
<-><->
      
l.85 \item Thus $
                 f$ is onto
Not a real error.

! Preview: Snippet 50 ended.(546132+152916x463527).
<-><->
      
l.85 \item Thus $f$
                    is onto
Not a real error.

[50]
! Preview: Snippet 51 started.
<-><->
      
l.86 \item Claim 2: $
                     f$ is $1-1$
Not a real error.

! Preview: Snippet 51 ended.(546132+152916x463527).
<-><->
      
l.86 \item Claim 2: $f$
                        is $1-1$
Not a real error.

[51]
! Preview: Snippet 52 started.
<-><->
      
l.86 \item Claim 2: $f$ is $
                            1-1$
Not a real error.

! Preview: Snippet 52 ended.(506811+65536x1731231).
<-><->
      
l.86 \item Claim 2: $f$ is $1-1$
                                
Not a real error.

[52]
! Preview: Snippet 53 started.
<-><->
      
l.87 \item Let $
                f(x) = f(y) x,y \in \mathbb{R}$
Not a real error.

! Preview: Snippet 53 ended.(589824+196608x6717383).
<-><->
      
l.87 \item Let $f(x) = f(y) x,y \in \mathbb{R}$
                                               
Not a real error.

[53]
! Preview: Snippet 54 started.
<-><->
      
l.88 \item Notice that then $
                             \frac{4y-1}{2y+4} = \frac{4x-1}{2x+4}$
Not a real error.

! Preview: Snippet 54 ended.(683612+373139x3938796).
<-><->
      
l.88 ...en $\frac{4y-1}{2y+4} = \frac{4x-1}{2x+4}$
                                                  
Not a real error.

[54]
! Preview: Snippet 55 started.
<-><->
      
l.89 \item Simplifying $
                        (2x+4)(4y-1) = (4x-1)(2y+4), 8xy-2x+16y-4=8xy-2y+16x-4$

Not a real error.

! Preview: Snippet 55 ended.(589824+196608x26351146).
<-><->
      
l.89 ...= (4x-1)(2y+4), 8xy-2x+16y-4=8xy-2y+16x-4$
                                                  
Not a real error.

[55]
! Preview: Snippet 56 started.
<-><->
      
l.90 \item $
            -2x+16y = -2y+16x, 18y=18x, x=y$
Not a real error.

! Preview: Snippet 56 ended.(506811+152916x14132882).
<-><->
      
l.90 \item $-2x+16y = -2y+16x, 18y=18x, x=y$
                                            
Not a real error.

[56]
! Preview: Snippet 57 started.
<-><->
      
l.91 \item Thus is $
                    1-1$
Not a real error.

! Preview: Snippet 57 ended.(506811+65536x1731231).
<-><->
      
l.91 \item Thus is $1-1$
                        
Not a real error.

[57]
! Preview: Snippet 58 started.
<-><->
      
l.92 \item Therefore, because $
                               f$ is onto and $1-1$ it is bijective
Not a real error.

! Preview: Snippet 58 ended.(546132+152916x463527).
<-><->
      
l.92 \item Therefore, because $f$
                                  is onto and $1-1$ it is bijective
Not a real error.

[58]
! Preview: Snippet 59 started.
<-><->
      
l.92 \item Therefore, because $f$ is onto and $
                                               1-1$ it is bijective
Not a real error.

! Preview: Snippet 59 ended.(506811+65536x1731231).
<-><->
      
l.92 ...m Therefore, because $f$ is onto and $1-1$
                                                   it is bijective
Not a real error.

[59]
! Preview: Snippet 60 started.
<-><->
      
l.93 \item $
            \square$
Not a real error.

! Preview: Snippet 60 ended.(530841+0x611671).
<-><->
      
l.93 \item $\square$
                    
Not a real error.

[60]
! Preview: Snippet 61 started.
<-><->
      
l.102 two points are $
                      \le 0.5$ in apart?   (Hint:  try dividing the triangle
Not a real error.

! Preview: Snippet 61 ended.(506811+106932x1814061).
<-><->
      
l.102 two points are $\le 0.5$
                               in apart?   (Hint:  try dividing the triangle
Not a real error.

[61]
! Preview: Snippet 62 started.
<-><->
      
l.107 \item Note that the length of each side is $
                                                  1$ therefore base, $b =1$ ...

Not a real error.

! Preview: Snippet 62 ended.(506811+0x385020).
<-><->
      
l.107 ... Note that the length of each side is $1$
                                                   therefore base, $b =1$ $b...

Not a real error.

[62]
! Preview: Snippet 63 started.
<-><->
      
l.107 ...gth of each side is $1$ therefore base, $
                                                  b =1$ $b \in \mathbb{R}$
Not a real error.

! Preview: Snippet 63 ended.(546132+0x1748242).
<-><->
      
l.107 ...f each side is $1$ therefore base, $b =1$
                                                   $b \in \mathbb{R}$
Not a real error.

[63]
! Preview: Snippet 64 started.
<-><->
      
l.107 ...each side is $1$ therefore base, $b =1$ $
                                                  b \in \mathbb{R}$
Not a real error.

! Preview: Snippet 64 ended.(546132+30747x1856571).
<-><->
      
l.107 ...therefore base, $b =1$ $b \in \mathbb{R}$
                                                  
Not a real error.

[64]
! Preview: Snippet 65 started.
<-><->
      
l.108 \item Also note that the height, $
                                        h = .5*\sqrt{3}$ $h \in \mathbb{R}$
Not a real error.

! Preview: Snippet 65 ended.(713465+104422x3861133).
<-><->
      
l.108 ...o note that the height, $h = .5*\sqrt{3}$
                                                   $h \in \mathbb{R}$
Not a real error.

[65]
! Preview: Snippet 66 started.
<-><->
      
l.108 ...note that the height, $h = .5*\sqrt{3}$ $
                                                  h \in \mathbb{R}$
Not a real error.

! Preview: Snippet 66 ended.(546132+30747x1972443).
<-><->
      
l.108 ...ght, $h = .5*\sqrt{3}$ $h \in \mathbb{R}$
                                                  
Not a real error.

[66]
! Preview: Snippet 67 started.
<-><->
      
l.109 \item Therefore the Area of the triangle, $
                                                 A = .5*b*h = .25*\sqrt{3}$
Not a real error.

! Preview: Snippet 67 ended.(713465+104422x8271026).
<-><->
      
l.109 ...the triangle, $A = .5*b*h = .25*\sqrt{3}$
                                                  
Not a real error.

[67]
! Preview: Snippet 68 started.
<-><->
      
l.111 \item Thus because the angle is $
                                       \frac{\pi}{3}$ which is $\frac{1}{6}$...

Not a real error.

! Preview: Snippet 68 ended.(535378+271194x495984).
<-><->
      
l.111 ...Thus because the angle is $\frac{\pi}{3}$
                                                   which is $\frac{1}{6}$ of...

Not a real error.

[68]
! Preview: Snippet 69 started.
<-><->
      
l.111 ...e the angle is $\frac{\pi}{3}$ which is $
                                                  \frac{1}{6}$ of the Circle...

Not a real error.

! Preview: Snippet 69 ended.(647518+271194x435818).
<-><->
      
l.111 ...is $\frac{\pi}{3}$ which is $\frac{1}{6}$
                                                   of the Circle's Area
Not a real error.

[69]
! Preview: Snippet 70 started.
<-><->
      
l.112 \item $
             P_{Area} = \frac{\pi}{24}$
Not a real error.

! Preview: Snippet 70 ended.(537395+271194x3517684).
<-><->
      
l.112 \item $P_{Area} = \frac{\pi}{24}$
                                       
Not a real error.

[70]
! Preview: Snippet 71 started.
<-><->
      
l.113 \item Note that $
                       3*P_{Area} = \frac{\pi}{8}$ and $A-3*P = \frac{2*\sqr...

Not a real error.

! Preview: Snippet 71 ended.(537395+271194x4427075).
<-><->
      
l.113 \item Note that $3*P_{Area} = \frac{\pi}{8}$
                                                   and $A-3*P = \frac{2*\sqr...

Not a real error.

[71]
! Preview: Snippet 72 started.
<-><->
      
l.113 ...e that $3*P_{Area} = \frac{\pi}{8}$ and $
                                                  A-3*P = \frac{2*\sqrt{3}-\...

Not a real error.

! Preview: Snippet 72 ended.(791673+271194x8284558).
<-><->
      
l.113 ...\frac{2*\sqrt{3}-\pi}{8} < \frac{pi}{24}$
                                                  
Not a real error.

[72]
! Preview: Snippet 73 started.
<-><->
      
l.115 \item Let $
                 R$ be the set of regions and $C$ be the set of Points then ...

Not a real error.

! Preview: Snippet 73 ended.(537395+0x592596).
<-><->
      
l.115 \item Let $R$
                    be the set of regions and $C$ be the set of Points then ...

Not a real error.

[73]
! Preview: Snippet 74 started.
<-><->
      
l.115 \item Let $R$ be the set of regions and $
                                               C$ be the set of Points then ...

Not a real error.

! Preview: Snippet 74 ended.(537395+0x607403).
<-><->
      
l.115 \item Let $R$ be the set of regions and $C$
                                                  be the set of Points then ...

Not a real error.

[74]
! Preview: Snippet 75 started.
<-><->
      
l.115 ...s and $C$ be the set of Points then s.t $
                                                  |R|=4$
Not a real error.

! Preview: Snippet 75 ended.(589824+196608x2450344).
<-><->
      
l.115 ...$C$ be the set of Points then s.t $|R|=4$
                                                  
Not a real error.

[75]
! Preview: Snippet 76 started.
<-><->
      
l.116 \item Thus by P.P if $
                            |C| > 4$ two point will occupy the same region t...

Not a real error.

! Preview: Snippet 76 ended.(589824+196608x2465151).
<-><->
      
l.116 \item Thus by P.P if $|C| > 4$
                                     two point will occupy the same region t...

Not a real error.

[76]
! Preview: Snippet 77 started.
<-><->
      
l.117 \item Therfore max = $
                            4$
Not a real error.

! Preview: Snippet 77 ended.(506811+0x385020).
<-><->
      
l.117 \item Therfore max = $4$
                              
Not a real error.

[77]
! Preview: Snippet 78 started.
<-><->
      
l.124 Suppose that $
                    V$ is a set with $n$ elements.   How
Not a real error.

! Preview: Snippet 78 ended.(537395+0x620037).
<-><->
      
l.124 Suppose that $V$
                       is a set with $n$ elements.   How
Not a real error.

[78]
! Preview: Snippet 79 started.
<-><->
      
l.124 Suppose that $V$ is a set with $
                                      n$ elements.   How
Not a real error.

! Preview: Snippet 79 ended.(338603+0x459657).
<-><->
      
l.124 Suppose that $V$ is a set with $n$
                                         elements.   How
Not a real error.

[79]
! Preview: Snippet 80 started.
<-><->
      
l.126 graphs are there with vertex set $
                                        V$?  Briefly justify your answer.
Not a real error.

! Preview: Snippet 80 ended.(537395+0x620037).
<-><->
      
l.126 graphs are there with vertex set $V$
                                          ?  Briefly justify your answer.
Not a real error.

[80]
! Preview: Snippet 81 started.
<-><->
      
l.130 \item Observe that a complete graph a $
                                             n$ Vertices, $n =|V|$ has $k$ e...

Not a real error.

! Preview: Snippet 81 ended.(338603+0x459657).
<-><->
      
l.130 \item Observe that a complete graph a $n$
                                                Vertices, $n =|V|$ has $k$ e...

Not a real error.

[81]
! Preview: Snippet 82 started.
<-><->
      
l.130 ...e that a complete graph a $n$ Vertices, $
                                                  n =|V|$ has $k$ edges wher...

Not a real error.

! Preview: Snippet 82 ended.(589824+196608x2552422).
<-><->
      
l.130 ...a complete graph a $n$ Vertices, $n =|V|$
                                                   has $k$ edges where $k = ...

Not a real error.

[82]
! Preview: Snippet 83 started.
<-><->
      
l.130 ...lete graph a $n$ Vertices, $n =|V|$ has $
                                                  k$ edges where $k = \frac{...

Not a real error.

! Preview: Snippet 83 ended.(546132+0x426891).
<-><->
      
l.130 ...te graph a $n$ Vertices, $n =|V|$ has $k$
                                                   edges where $k = \frac{n*...

Not a real error.

[83]
! Preview: Snippet 84 started.
<-><->
      
l.130 ... Vertices, $n =|V|$ has $k$ edges where $
                                                  k = \frac{n*(n-1)}{2}$
Not a real error.

! Preview: Snippet 84 ended.(768080+271194x3719605).
<-><->
      
l.130 ...s $k$ edges where $k = \frac{n*(n-1)}{2}$
                                                  
Not a real error.

[84]
! Preview: Snippet 85 started.
<-><->
      
l.132 \item Thus a binary tree of $
                                   k$ levels is produced modeled by $2^k$
Not a real error.

! Preview: Snippet 85 ended.(546132+0x426891).
<-><->
      
l.132 \item Thus a binary tree of $k$
                                      levels is produced modeled by $2^k$
Not a real error.

[85]
! Preview: Snippet 86 started.
<-><->
      
l.132 ...ee of $k$ levels is produced modeled by $
                                                  2^k$
Not a real error.

! Preview: Snippet 86 ended.(649479+0x721806).
<-><->
      
l.132 ...f $k$ levels is produced modeled by $2^k$
                                                  
Not a real error.

[86]
! Preview: Snippet 87 started.
<-><->
      
l.146 ...a perfectly symetrical shape, there are $
                                                  4$ axies of symmetry, and ...

Not a real error.

! Preview: Snippet 87 ended.(506811+0x385020).
<-><->
      
l.146 ...perfectly symetrical shape, there are $4$
                                                   axies of symmetry, and lo...

Not a real error.

[87]
! Preview: Snippet 88 started.
<-><->
      
l.146 ...nd looking counting rotations there are $
                                                  6$. Thus $10$ isomorphisms//
Not a real error.

! Preview: Snippet 88 ended.(506811+0x385020).
<-><->
      
l.146 ... looking counting rotations there are $6$
                                                  . Thus $10$ isomorphisms//
Not a real error.

[88]
! Preview: Snippet 89 started.
<-><->
      
l.146 ... counting rotations there are $6$. Thus $
                                                  10$ isomorphisms//
Not a real error.

! Preview: Snippet 89 ended.(506811+0x770040).
<-><->
      
l.146 ...unting rotations there are $6$. Thus $10$
                                                   isomorphisms//
Not a real error.

[89]
! Preview: Snippet 90 started.
<-><->
      
l.149 \item $
             = 2$ choices
Not a real error.

! Preview: Snippet 90 ended.(506811+0x1202390).
<-><->
      
l.149 \item $= 2$
                  choices
Not a real error.

[90]
! Preview: Snippet 91 started.
<-><->
      
l.150 \item $
             = 1$ choices
Not a real error.

! Preview: Snippet 91 ended.(506811+0x1202390).
<-><->
      
l.150 \item $= 1$
                  choices
Not a real error.

[91]
! Preview: Snippet 92 started.
<-><->
      
l.151 \item $
             = 2$ choice
Not a real error.

! Preview: Snippet 92 ended.(506811+0x1202390).
<-><->
      
l.151 \item $= 2$
                  choice
Not a real error.

[92]
! Preview: Snippet 93 started.
<-><->
      
l.152 \item $
             = 1$ choice
Not a real error.

! Preview: Snippet 93 ended.(506811+0x1202390).
<-><->
      
l.152 \item $= 1$
                  choice
Not a real error.

[93]
! Preview: Snippet 94 started.
<-><->
      
l.153 \item $
             = 2$ choice
Not a real error.

! Preview: Snippet 94 ended.(506811+0x1202390).
<-><->
      
l.153 \item $= 2$
                  choice
Not a real error.

[94]
! Preview: Snippet 95 started.
<-><->
      
l.154 \item $
             = 1$ choice
Not a real error.

! Preview: Snippet 95 ended.(506811+0x1202390).
<-><->
      
l.154 \item $= 1$
                  choice
Not a real error.

[95]
! Preview: Snippet 96 started.
<-><->
      
l.155 \item $
             = 1$ choice
Not a real error.

! Preview: Snippet 96 ended.(506811+0x1202390).
<-><->
      
l.155 \item $= 1$
                  choice
Not a real error.

[96]
! Preview: Snippet 97 started.
<-><->
      
l.158 Therefore there are $
                           10$ isomorphisms...which matches our previous con...

Not a real error.

! Preview: Snippet 97 ended.(506811+0x770040).
<-><->
      
l.158 Therefore there are $10$
                               isomorphisms...which matches our previous con...

Not a real error.

[97]
! Preview: Snippet 98 started.
<-><->
      
l.164 Not Isomorphic because the subgraph in $
                                              G2$ where a 2 degree is connec...

Not a real error.

! Preview: Snippet 98 ended.(537395+0x992424).
<-><->
      
l.164 Not Isomorphic because the subgraph in $G2$
                                                  where a 2 degree is connec...

Not a real error.

[98]
! Preview: Snippet 99 started.
<-><->
      
l.164 ...ected to another 2 degree is missing in $
                                                  G1$
Not a real error.

! Preview: Snippet 99 ended.(537395+0x992424).
<-><->
      
l.164 ...ed to another 2 degree is missing in $G1$
                                                  
Not a real error.

[99]
! Preview: Snippet 100 started.
<-><->
      
l.168 \item C. For which values of $
                                    n$ does $G1$ contain a cycle
Not a real error.

! Preview: Snippet 100 ended.(338603+0x459657).
<-><->
      
l.168 \item C. For which values of $n$
                                       does $G1$ contain a cycle
Not a real error.

[100]
! Preview: Snippet 101 started.
<-><->
      
l.168 \item C. For which values of $n$ does $
                                             G1$ contain a cycle
Not a real error.

! Preview: Snippet 101 ended.(537395+0x992424).
<-><->
      
l.168 \item C. For which values of $n$ does $G1$
                                                 contain a cycle
Not a real error.

[101]
! Preview: Snippet 102 started.
<-><->
      
l.169 of length $
                 n$?
Not a real error.

! Preview: Snippet 102 ended.(338603+0x459657).
<-><->
      
l.169 of length $n$
                   ?
Not a real error.

[102]
! Preview: Snippet 103 started.
<-><->
      
l.172 $
       n = 3$ $bc,cg,gb$\\
Not a real error.

! Preview: Snippet 103 ended.(506811+0x1880497).
<-><->
      
l.172 $n = 3$
              $bc,cg,gb$\\
Not a real error.

[103]
! Preview: Snippet 104 started.
<-><->
      
l.172 $n = 3$ $
               bc,cg,gb$\\
Not a real error.

! Preview: Snippet 104 ended.(546132+152916x2801446).
<-><->
      
l.172 $n = 3$ $bc,cg,gb$
                        \\
Not a real error.

[104]

! LaTeX Error: There's no line here to end.

See the LaTeX manual or LaTeX Companion for explanation.
Type  H <return>  for immediate help.
 ...                                              
                                                  
l.173 $
       n = 4$ $ab,bg,ge,ea$\\
Your command was ignored.
Type  I <command> <return>  to replace it with another command,
or  <return>  to continue without it.

! Preview: Snippet 105 started.
<-><->
      
l.173 $
       n = 4$ $ab,bg,ge,ea$\\
Not a real error.

! Preview: Snippet 105 ended.(506811+0x1880497).
<-><->
      
l.173 $n = 4$
              $ab,bg,ge,ea$\\
Not a real error.

[105]
! Preview: Snippet 106 started.
<-><->
      
l.173 $n = 4$ $
               ab,bg,ge,ea$\\
Not a real error.

! Preview: Snippet 106 ended.(546132+152916x4005842).
<-><->
      
l.173 $n = 4$ $ab,bg,ge,ea$
                           \\
Not a real error.

[106]

! LaTeX Error: There's no line here to end.

See the LaTeX manual or LaTeX Companion for explanation.
Type  H <return>  for immediate help.
 ...                                              
                                                  
l.174 $
       n = 5$ $ab,bc,cg,ge,ea$\\
Your command was ignored.
Type  I <command> <return>  to replace it with another command,
or  <return>  to continue without it.

! Preview: Snippet 107 started.
<-><->
      
l.174 $
       n = 5$ $ab,bc,cg,ge,ea$\\
Not a real error.

! Preview: Snippet 107 ended.(506811+0x1880497).
<-><->
      
l.174 $n = 5$
              $ab,bc,cg,ge,ea$\\
Not a real error.

[107]
! Preview: Snippet 108 started.
<-><->
      
l.174 $n = 5$ $
               ab,bc,cg,ge,ea$\\
Not a real error.

! Preview: Snippet 108 ended.(546132+152916x5013626).
<-><->
      
l.174 $n = 5$ $ab,bc,cg,ge,ea$
                              \\
Not a real error.

[108]

! LaTeX Error: There's no line here to end.

See the LaTeX manual or LaTeX Companion for explanation.
Type  H <return>  for immediate help.
 ...                                              
                                                  
l.175 $
       n = 6$ $ab,bc,cd,df,fe,ea$\\
Your command was ignored.
Type  I <command> <return>  to replace it with another command,
or  <return>  to continue without it.

! Preview: Snippet 109 started.
<-><->
      
l.175 $
       n = 6$ $ab,bc,cd,df,fe,ea$\\
Not a real error.

! Preview: Snippet 109 ended.(506811+0x1880497).
<-><->
      
l.175 $n = 6$
              $ab,bc,cd,df,fe,ea$\\
Not a real error.

[109]
! Preview: Snippet 110 started.
<-><->
      
l.175 $n = 6$ $
               ab,bc,cd,df,fe,ea$\\
Not a real error.

! Preview: Snippet 110 ended.(546132+152916x6120902).
<-><->
      
l.175 $n = 6$ $ab,bc,cd,df,fe,ea$
                                 \\
Not a real error.

[110]

! LaTeX Error: There's no line here to end.

See the LaTeX manual or LaTeX Companion for explanation.
Type  H <return>  for immediate help.
 ...                                              
                                                  
l.176 $
       n = 7$ $ab,bg,gc,cd,df,fe,ea$\\
Your command was ignored.
Type  I <command> <return>  to replace it with another command,
or  <return>  to continue without it.

! Preview: Snippet 111 started.
<-><->
      
l.176 $
       n = 7$ $ab,bg,gc,cd,df,fe,ea$\\
Not a real error.

! Preview: Snippet 111 ended.(506811+0x1880497).
<-><->
      
l.176 $n = 7$
              $ab,bg,gc,cd,df,fe,ea$\\
Not a real error.

[111]
! Preview: Snippet 112 started.
<-><->
      
l.176 $n = 7$ $
               ab,bg,gc,cd,df,fe,ea$\\
Not a real error.

! Preview: Snippet 112 ended.(546132+152916x7259760).
<-><->
      
l.176 $n = 7$ $ab,bg,gc,cd,df,fe,ea$
                                    \\
Not a real error.

[112]

! LaTeX Error: There's no line here to end.

See the LaTeX manual or LaTeX Companion for explanation.
Type  H <return>  for immediate help.
 ...                                              
                                                  
l.177 
      
Your command was ignored.
Type  I <command> <return>  to replace it with another command,
or  <return>  to continue without it.

 ) 
Here is how much of TeX's memory you used:
 273 strings out of 491982
 3327 string characters out of 3130620
 81747 words of memory out of 3000000
 5220 multiletter control sequences out of 15000+200000
 10678 words of font info for 40 fonts, out of 3000000 for 9000
 831 hyphenation exceptions out of 8191
 22i,5n,24p,218b,224s stack positions out of 5000i,500n,10000p,200000b,50000s

Output written on hw5.dvi (112 pages, 16308 bytes).
