This is pdfTeX, Version 3.1415926-1.40.11 (TeX Live 2010/Arch Linux) (format=prv_hw9 2011.8.28)  28 AUG 2011 18:16
entering extended mode
 restricted \write18 enabled.
 %&-line parsing enabled.
**&prv_hw9 hw9.tex
(./hw9.tex
LaTeX2e <2009/09/24>
Babel <v3.8l> and hyphenation patterns for english, dumylang, nohyphenation, ge
rman-x-2009-06-19, ngerman-x-2009-06-19, afrikaans, ancientgreek, ibycus, arabi
c, armenian, basque, bulgarian, catalan, pinyin, coptic, croatian, czech, danis
h, dutch, ukenglish, usenglishmax, esperanto, estonian, farsi, finnish, french,
 galician, german, ngerman, swissgerman, monogreek, greek, hungarian, icelandic
, assamese, bengali, gujarati, hindi, kannada, malayalam, marathi, oriya, panja
bi, tamil, telugu, indonesian, interlingua, irish, italian, kurmanji, lao, lati
n, latvian, lithuanian, mongolian, mongolianlmc, bokmal, nynorsk, polish, portu
guese, romanian, russian, sanskrit, serbian, slovak, slovenian, spanish, swedis
h, turkish, turkmen, ukrainian, uppersorbian, welsh, loaded.
CUSTOMISED FORMAT. Preloaded files:
        .
 article.cls    2007/10/19 v1.4h Standard LaTeX document class
  size12.clo    2007/10/19 v1.4h Standard LaTeX file (size option)
 amsmath.sty    2000/07/18 v2.13 AMS math features
 amstext.sty    2000/06/29 v2.01
  amsgen.sty    1999/11/30 v2.0
  amsbsy.sty    1999/11/29 v1.2d
  amsopn.sty    1999/12/14 v2.01 operator names
 amssymb.sty    2009/06/22 v3.00
amsfonts.sty    2009/06/22 v3.00 Basic AMSFonts support
enumerate.sty    1999/03/05 v3.00 enumerate extensions (DPC)
    umsa.fd    2009/06/22 v3.00 AMS symbols A
    umsb.fd    2009/06/22 v3.00 AMS symbols B
        .
(./hw9.aux)
LaTeX Font Info:    Checking defaults for OML/cmm/m/it on input line 16.
LaTeX Font Info:    ... okay on input line 16.
LaTeX Font Info:    Checking defaults for T1/cmr/m/n on input line 16.
LaTeX Font Info:    ... okay on input line 16.
LaTeX Font Info:    Checking defaults for OT1/cmr/m/n on input line 16.
LaTeX Font Info:    ... okay on input line 16.
LaTeX Font Info:    Checking defaults for OMS/cmsy/m/n on input line 16.
LaTeX Font Info:    ... okay on input line 16.
LaTeX Font Info:    Checking defaults for OMX/cmex/m/n on input line 16.
LaTeX Font Info:    ... okay on input line 16.
LaTeX Font Info:    Checking defaults for U/cmr/m/n on input line 16.
LaTeX Font Info:    ... okay on input line 16.
 (/usr/share/texmf/tex/latex/preview/preview.sty
Package: preview 2010/02/14 11.86 (AUCTeX/preview-latex)

(/usr/share/texmf/tex/latex/preview/prtightpage.def
\PreviewBorder=\dimen112
)
(/usr/share/texmf/tex/latex/preview/prauctex.def
No auxiliary output files.


\hbadness=\count99
\hfuzz=\dimen113
(/usr/share/texmf/tex/latex/preview/prauctex.cfg))
(/usr/share/texmf/tex/latex/preview/prfootnotes.def)
\pr@snippet=\count100
\pr@box=\box28
\pr@output=\toks20

Preview: Fontsize 12pt
)
! Preview: Snippet 1 started.
<-><->
      
l.33 \item $
            A(n)=2A(n/4) + \sqrt{n}$\\
Not a real error.

Preview: Tightpage -32891 -32891 32891 32891
! Preview: Snippet 1 ended.(629361+196608x7526007).
<-><->
      
l.33 \item $A(n)=2A(n/4) + \sqrt{n}$
                                    \\
Not a real error.

[1]

! LaTeX Error: There's no line here to end.

See the LaTeX manual or LaTeX Companion for explanation.
Type  H <return>  for immediate help.
 ...                                              
                                                  
l.34   O
        bserve that each level does $\sqrt(n)$ work.\\
Your command was ignored.
Type  I <command> <return>  to replace it with another command,
or  <return>  to continue without it.

! Preview: Snippet 2 started.
<-><->
      
l.34   Observe that each level does $
                                     \sqrt(n)$ work.\\
Not a real error.

! Preview: Snippet 2 ended.(735316+239867x1845011).
<-><->
      
l.34   Observe that each level does $\sqrt(n)$
                                               work.\\
Not a real error.

[2]
! Preview: Snippet 3 started.
<-><->
      
l.35   Also note that the is $
                              \log(n)$ depth to the tree
Not a real error.

! Preview: Snippet 3 ended.(589824+196608x2053212).
<-><->
      
l.35   Also note that the is $\log(n)$
                                       depth to the tree
Not a real error.

[3]
! Preview: Snippet 4 started.
<-><->
      
l.36   Thus  $
              O(\sqrt(n) \log(n))$\\
Not a real error.

! Preview: Snippet 4 ended.(735316+239867x5238092).
<-><->
      
l.36   Thus  $O(\sqrt(n) \log(n))$
                                  \\
Not a real error.

[4]
! Preview: Snippet 5 started.
<-><->
      
l.38 \item $
            J(n)=J(n/2) + J(n/6) + J(n/3) + n$\\
Not a real error.

! Preview: Snippet 5 ended.(589824+196608x12878969).
<-><->
      
l.38 \item $J(n)=J(n/2) + J(n/6) + J(n/3) + n$
                                              \\
Not a real error.

[5]

! LaTeX Error: There's no line here to end.

See the LaTeX manual or LaTeX Companion for explanation.
Type  H <return>  for immediate help.
 ...                                              
                                                  
l.39   O
        bserve that each level does $n$ work\\
Your command was ignored.
Type  I <command> <return>  to replace it with another command,
or  <return>  to continue without it.

! Preview: Snippet 6 started.
<-><->
      
l.39   Observe that each level does $
                                     n$ work\\
Not a real error.

! Preview: Snippet 6 ended.(338603+0x459657).
<-><->
      
l.39   Observe that each level does $n$
                                        work\\
Not a real error.

[6]
! Preview: Snippet 7 started.
<-><->
      
l.40   Also note that the tree has a depth of $
                                               log(n)$ (The base is $2$\\
Not a real error.

! Preview: Snippet 7 ended.(589824+196608x2072372).
<-><->
      
l.40 ...note that the tree has a depth of $log(n)$
                                                   (The base is $2$\\
Not a real error.

[7]
! Preview: Snippet 8 started.
<-><->
      
l.40 ...ree has a depth of $log(n)$ (The base is $
                                                  2$\\
Not a real error.

! Preview: Snippet 8 ended.(506811+0x385020).
<-><->
      
l.40 ...e has a depth of $log(n)$ (The base is $2$
                                                  \\
Not a real error.

[8]
! Preview: Snippet 9 started.
<-><->
      
l.42   Thus $
             O(n*\log(n))$
Not a real error.

! Preview: Snippet 9 ended.(589824+196608x4464405).
<-><->
      
l.42   Thus $O(n*\log(n))$
                          
Not a real error.

[9]
! Preview: Snippet 10 started.
<-><->
      
l.44 \item $
            T(n)=4T(n-1)+2^n$\\
Not a real error.

! Preview: Snippet 10 ended.(589824+196608x7704991).
<-><->
      
l.44 \item $T(n)=4T(n-1)+2^n$
                             \\
Not a real error.

[10]

! LaTeX Error: There's no line here to end.

See the LaTeX manual or LaTeX Companion for explanation.
Type  H <return>  for immediate help.
 ...                                              
                                                  
l.45   N
        otice that the depth is $n$\\
Your command was ignored.
Type  I <command> <return>  to replace it with another command,
or  <return>  to continue without it.

! Preview: Snippet 11 started.
<-><->
      
l.45   Notice that the depth is $
                                 n$\\
Not a real error.

! Preview: Snippet 11 ended.(338603+0x459657).
<-><->
      
l.45   Notice that the depth is $n$
                                   \\
Not a real error.

[11]
! Preview: Snippet 12 started.
<-><->
      
l.46   Observe that each level does $
                                     4^i*2^{2-i}$ work where $i$ is the dept...

Not a real error.

! Preview: Snippet 12 ended.(631990+0x2669433).
<-><->
      
l.46   Observe that each level does $4^i*2^{2-i}$
                                                  work where $i$ is the dept...

Not a real error.

[12]
! Preview: Snippet 13 started.
<-><->
      
l.46 ...each level does $4^i*2^{2-i}$ work where $
                                                  i$ is the depth.\\
Not a real error.

! Preview: Snippet 13 ended.(515577+0x262695).
<-><->
      
l.46 ...ch level does $4^i*2^{2-i}$ work where $i$
                                                   is the depth.\\
Not a real error.

[13]
! Preview: Snippet 14 started.
<-><->
      
l.47   Thus the total work done is $
                                    \displaystyle\sum\limits_{i=0}^n
Not a real error.

! Preview: Snippet 14 ended.(1287422+988858x9942999).
<-><->
      
l.48   4^i*2^{n-i} = 2^n*(2^{n+1} -1)$
                                      .\\
Not a real error.

[14]
! Preview: Snippet 15 started.
<-><->
      
l.49   Thus $
             O(2^{2n+1})$
Not a real error.

! Preview: Snippet 15 ended.(623265+196608x2954923).
<-><->
      
l.49   Thus $O(2^{2n+1})$
                         
Not a real error.

[15]
! Preview: Snippet 16 started.
<-><->
      
l.57 \item The algorithm below calculates $
                                           n!=n*(n-1)*(n-2)*\ldots*1$ \\
Not a real error.

! Preview: Snippet 16 ended.(589824+196608x11238418).
<-><->
      
l.57 ...low calculates $n!=n*(n-1)*(n-2)*\ldots*1$
                                                   \\
Not a real error.

[16]
! Preview: Snippet 17 started.
<-><->
      
l.59 Factorial ($
                 n$: non negative integer)
Not a real error.

! Preview: Snippet 17 ended.(338603+0x459657).
<-><->
      
l.59 Factorial ($n$
                   : non negative integer)
Not a real error.

[17]
! Preview: Snippet 18 started.
<-><->
      
l.62 1.	\hspace{0.1in}	if ($
                            n = 0$ or $n = 1$)   $O(1)$\\
Not a real error.

! Preview: Snippet 18 ended.(506811+0x1880497).
<-><->
      
l.62 1.	\hspace{0.1in}	if ($n = 0$
                                   or $n = 1$)   $O(1)$\\
Not a real error.

[18]
! Preview: Snippet 19 started.
<-><->
      
l.62 1.	\hspace{0.1in}	if ($n = 0$ or $
                                       n = 1$)   $O(1)$\\
Not a real error.

! Preview: Snippet 19 ended.(506811+0x1880497).
<-><->
      
l.62 1.	\hspace{0.1in}	if ($n = 0$ or $n = 1$
                                             )   $O(1)$\\
Not a real error.

[19]
! Preview: Snippet 20 started.
<-><->
      
l.62 1.	\hspace{0.1in}	if ($n = 0$ or $n = 1$)   $
                                                  O(1)$\\
Not a real error.

! Preview: Snippet 20 ended.(589824+196608x1593819).
<-><->
      
l.62 ...ce{0.1in}	if ($n = 0$ or $n = 1$)   $O(1)$
                                                  \\
Not a real error.

[20]
! Preview: Snippet 21 started.
<-><->
      
l.63 2.	\hspace{0.3in}		return 1 $
                                  O(1)$\\
Not a real error.

! Preview: Snippet 21 ended.(589824+196608x1593819).
<-><->
      
l.63 2.	\hspace{0.3in}		return 1 $O(1)$
                                       \\
Not a real error.

[21]
! Preview: Snippet 22 started.
<-><->
      
l.64 3.	\hspace{0.1in}	return $
                               n \times $Factorial($n-1$) $O(n)$
Not a real error.

! Preview: Snippet 22 ended.(458752+65536x1071328).
<-><->
      
l.64 3.	\hspace{0.1in}	return $n \times $
                                         Factorial($n-1$) $O(n)$
Not a real error.

[22]
! Preview: Snippet 23 started.
<-><->
      
l.64 ...space{0.1in}	return $n \times $Factorial($
                                                  n-1$) $O(n)$
Not a real error.

! Preview: Snippet 23 ended.(506811+65536x1805868).
<-><->
      
l.64 ...e{0.1in}	return $n \times $Factorial($n-1$
                                                  ) $O(n)$
Not a real error.

[23]
! Preview: Snippet 24 started.
<-><->
      
l.64 ....1in}	return $n \times $Factorial($n-1$) $
                                                  O(n)$
Not a real error.

! Preview: Snippet 24 ended.(589824+196608x1668456).
<-><->
      
l.64 ...	return $n \times $Factorial($n-1$) $O(n)$
                                                  
Not a real error.

[24]
! Preview: Snippet 25 started.
<-><->
      
l.67 The algorithm is $
                       O(n)$. This is because with each recursion, the new
Not a real error.

! Preview: Snippet 25 ended.(589824+196608x1668456).
<-><->
      
l.67 The algorithm is $O(n)$
                            . This is because with each recursion, the new
Not a real error.

[25]
! Preview: Snippet 26 started.
<-><->
      
l.68 state's $
              n = n -1$. Thus it requires $n$ time for it to reach the base
Not a real error.

! Preview: Snippet 26 ended.(506811+65536x3301345).
<-><->
      
l.68 state's $n = n -1$
                       . Thus it requires $n$ time for it to reach the base
Not a real error.

[26]
! Preview: Snippet 27 started.
<-><->
      
l.68 state's $n = n -1$. Thus it requires $
                                           n$ time for it to reach the base
Not a real error.

! Preview: Snippet 27 ended.(338603+0x459657).
<-><->
      
l.68 state's $n = n -1$. Thus it requires $n$
                                              time for it to reach the base
Not a real error.

[27]
! Preview: Snippet 28 started.
<-><->
      
l.69 case. Everything else is constant therefore $
                                                  O(n)$
Not a real error.

! Preview: Snippet 28 ended.(589824+196608x1668456).
<-><->
      
l.69 ...erything else is constant therefore $O(n)$
                                                  
Not a real error.

[28]
! Preview: Snippet 29 started.
<-><->
      
l.77 SquareRoot($
                 n$: positive integer)
Not a real error.

! Preview: Snippet 29 ended.(338603+0x459657).
<-><->
      
l.77 SquareRoot($n$
                   : positive integer)
Not a real error.

[29]
! Preview: Snippet 30 started.
<-><->
      
l.80 $
      L,H,M$ : reals \\
Not a real error.

! Preview: Snippet 30 ended.(537395+152916x2696967).
<-><->
      
l.80 $L,H,M$
             : reals \\
Not a real error.

[30]
! Preview: Snippet 31 started.
<-><->
      
l.81 1.	\hspace{0.1in}	$
                        L = 0$ $O(1)$\\
Not a real error.

! Preview: Snippet 31 ended.(537395+0x1944759).
<-><->
      
l.81 1.	\hspace{0.1in}	$L = 0$
                               $O(1)$\\
Not a real error.

[31]
! Preview: Snippet 32 started.
<-><->
      
l.81 1.	\hspace{0.1in}	$L = 0$ $
                                O(1)$\\
Not a real error.

! Preview: Snippet 32 ended.(589824+196608x1593819).
<-><->
      
l.81 1.	\hspace{0.1in}	$L = 0$ $O(1)$
                                     \\
Not a real error.

[32]
! Preview: Snippet 33 started.
<-><->
      
l.82 2.	\hspace{0.1in}	$
                        H = n$ $O(1)$\\
Not a real error.

! Preview: Snippet 33 ended.(537395+0x2194251).
<-><->
      
l.82 2.	\hspace{0.1in}	$H = n$
                               $O(1)$\\
Not a real error.

[33]
! Preview: Snippet 34 started.
<-><->
      
l.82 2.	\hspace{0.1in}	$H = n$ $
                                O(1)$\\
Not a real error.

! Preview: Snippet 34 ended.(589824+196608x1593819).
<-><->
      
l.82 2.	\hspace{0.1in}	$H = n$ $O(1)$
                                     \\
Not a real error.

[34]
! Preview: Snippet 35 started.
<-><->
      
l.83 3.	\hspace{0.1in}	while ($
                               H - L > 1/10^9$) $O(\log(n)$ ish\\
Not a real error.

! Preview: Snippet 35 ended.(623265+196608x5071084).
<-><->
      
l.83 3.	\hspace{0.1in}	while ($H - L > 1/10^9$
                                              ) $O(\log(n)$ ish\\
Not a real error.

[35]
! Preview: Snippet 36 started.
<-><->
      
l.83 3.	\hspace{0.1in}	while ($H - L > 1/10^9$) $
                                                 O(\log(n)$ ish\\
Not a real error.

! Preview: Snippet 36 ended.(589824+196608x2962551).
<-><->
      
l.83 ....1in}	while ($H - L > 1/10^9$) $O(\log(n)$
                                                   ish\\
Not a real error.

[36]
! Preview: Snippet 37 started.
<-><->
      
l.84 4.	\hspace{0.3in}		$
                         M = (L+H)/2$ $O(1)$\\
Not a real error.

! Preview: Snippet 37 ended.(589824+196608x5403027).
<-><->
      
l.84 4.	\hspace{0.3in}		$M = (L+H)/2$
                                      $O(1)$\\
Not a real error.

[37]
! Preview: Snippet 38 started.
<-><->
      
l.84 4.	\hspace{0.3in}		$M = (L+H)/2$ $
                                       O(1)$\\
Not a real error.

! Preview: Snippet 38 ended.(589824+196608x1593819).
<-><->
      
l.84 4.	\hspace{0.3in}		$M = (L+H)/2$ $O(1)$
                                            \\
Not a real error.

[38]
! Preview: Snippet 39 started.
<-><->
      
l.85 5.	\hspace{0.3in}		if ($
                             M^2 > n$) $O(1)$\\
Not a real error.

! Preview: Snippet 39 ended.(623265+20972x2633891).
<-><->
      
l.85 5.	\hspace{0.3in}		if ($M^2 > n$
                                     ) $O(1)$\\
Not a real error.

[39]
! Preview: Snippet 40 started.
<-><->
      
l.85 5.	\hspace{0.3in}		if ($M^2 > n$) $
                                        O(1)$\\
Not a real error.

! Preview: Snippet 40 ended.(589824+196608x1593819).
<-><->
      
l.85 5.	\hspace{0.3in}		if ($M^2 > n$) $O(1)$
                                             \\
Not a real error.

[40]
! Preview: Snippet 41 started.
<-><->
      
l.86 6.	\hspace{0.5in}			$
                          H = M$ $O(1)$\\
Not a real error.

! Preview: Snippet 41 ended.(537395+0x2561708).
<-><->
      
l.86 6.	\hspace{0.5in}			$H = M$
                                 $O(1)$\\
Not a real error.

[41]
! Preview: Snippet 42 started.
<-><->
      
l.86 6.	\hspace{0.5in}			$H = M$ $
                                  O(1)$\\
Not a real error.

! Preview: Snippet 42 ended.(589824+196608x1593819).
<-><->
      
l.86 6.	\hspace{0.5in}			$H = M$ $O(1)$
                                       \\
Not a real error.

[42]
! Preview: Snippet 43 started.
<-><->
      
l.87 7.	\hspace{0.3in}		else if ($
                                  M^2 < n$) $O(1)$\\
Not a real error.

! Preview: Snippet 43 ended.(623265+20972x2633891).
<-><->
      
l.87 7.	\hspace{0.3in}		else if ($M^2 < n$
                                          ) $O(1)$\\
Not a real error.

[43]
! Preview: Snippet 44 started.
<-><->
      
l.87 7.	\hspace{0.3in}		else if ($M^2 < n$) $
                                             O(1)$\\
Not a real error.

! Preview: Snippet 44 ended.(589824+196608x1593819).
<-><->
      
l.87 7.	\hspace{0.3in}		else if ($M^2 < n$) $O(1)$
                                                  \\
Not a real error.

[44]
! Preview: Snippet 45 started.
<-><->
      
l.88 8.	\hspace{0.5in}			$
                          L = M$ $O(1)$\\
Not a real error.

! Preview: Snippet 45 ended.(537395+0x2386853).
<-><->
      
l.88 8.	\hspace{0.5in}			$L = M$
                                 $O(1)$\\
Not a real error.

[45]
! Preview: Snippet 46 started.
<-><->
      
l.88 8.	\hspace{0.5in}			$L = M$ $
                                  O(1)$\\
Not a real error.

! Preview: Snippet 46 ended.(589824+196608x1593819).
<-><->
      
l.88 8.	\hspace{0.5in}			$L = M$ $O(1)$
                                       \\
Not a real error.

[46]
! Preview: Snippet 47 started.
<-><->
      
l.89 9.	\hspace{0.3in}		else return $
                                     M$ $O(1)$...sometimes never\\
Not a real error.

! Preview: Snippet 47 ended.(537395+0x827114).
<-><->
      
l.89 9.	\hspace{0.3in}		else return $M$
                                        $O(1)$...sometimes never\\
Not a real error.

[47]
! Preview: Snippet 48 started.
<-><->
      
l.89 9.	\hspace{0.3in}		else return $M$ $
                                         O(1)$...sometimes never\\
Not a real error.

! Preview: Snippet 48 ended.(589824+196608x1593819).
<-><->
      
l.89 9.	\hspace{0.3in}		else return $M$ $O(1)$
                                              ...sometimes never\\
Not a real error.

[48]
! Preview: Snippet 49 started.
<-><->
      
l.90 10.	\hspace{0.02in}	return $
                                 M$
Not a real error.

! Preview: Snippet 49 ended.(537395+0x827114).
<-><->
      
l.90 10.	\hspace{0.02in}	return $M$
                                   
Not a real error.

[49]
! Preview: Snippet 50 started.
<-><->
      
l.93 This algorithm runs at $
                             O(\log(n))$
Not a real error.

! Preview: Snippet 50 ended.(589824+196608x3262011).
<-><->
      
l.93 This algorithm runs at $O(\log(n))$
                                        
Not a real error.

[50]
! Preview: Snippet 51 started.
<-><->
      
l.94 Note that until roughly $
                              \log(n)$ times, line $5$ will execute thus
Not a real error.

! Preview: Snippet 51 ended.(589824+196608x2053212).
<-><->
      
l.94 Note that until roughly $\log(n)$
                                       times, line $5$ will execute thus
Not a real error.

[51]
! Preview: Snippet 52 started.
<-><->
      
l.94 ...that until roughly $\log(n)$ times, line $
                                                  5$ will execute thus
Not a real error.

! Preview: Snippet 52 ended.(506811+0x385020).
<-><->
      
l.94 ...at until roughly $\log(n)$ times, line $5$
                                                   will execute thus
Not a real error.

[52]
! Preview: Snippet 53 started.
<-><->
      
l.95 skipping $
               7-9$\\
Not a real error.

! Preview: Snippet 53 ended.(506811+65536x1731231).
<-><->
      
l.95 skipping $7-9$
                   \\
Not a real error.

[53]
! Preview: Snippet 54 started.
<-><->
      
l.97 $
      M-L$ limits to roughly $0$. (easily with a multiple of $\log(n)$)\\
Not a real error.

! Preview: Snippet 54 ended.(537395+65536x2312224).
<-><->
      
l.97 $M-L$
           limits to roughly $0$. (easily with a multiple of $\log(n)$)\\
Not a real error.

[54]
! Preview: Snippet 55 started.
<-><->
      
l.97 $M-L$ limits to roughly $
                              0$. (easily with a multiple of $\log(n)$)\\
Not a real error.

! Preview: Snippet 55 ended.(506811+0x385020).
<-><->
      
l.97 $M-L$ limits to roughly $0$
                                . (easily with a multiple of $\log(n)$)\\
Not a real error.

[55]
! Preview: Snippet 56 started.
<-><->
      
l.97 ... roughly $0$. (easily with a multiple of $
                                                  \log(n)$)\\
Not a real error.

! Preview: Snippet 56 ended.(589824+196608x2053212).
<-><->
      
l.97 ... $0$. (easily with a multiple of $\log(n)$
                                                  )\\
Not a real error.

[56]
! Preview: Snippet 57 started.
<-><->
      
l.98 Thus this is $
                   O(\log(n))$
Not a real error.

! Preview: Snippet 57 ended.(589824+196608x3262011).
<-><->
      
l.98 Thus this is $O(\log(n))$
                              
Not a real error.

[57]
! Preview: Snippet 58 started.
<-><->
      
l.102 AlmostSorted($
                    a_1,a_2, \ldots , a_n$: array of $n$ integers)
Not a real error.

! Preview: Snippet 58 ended.(338603+152916x4275863).
<-><->
      
l.102 AlmostSorted($a_1,a_2, \ldots , a_n$
                                          : array of $n$ integers)
Not a real error.

[58]
! Preview: Snippet 59 started.
<-><->
      
l.102 ...orted($a_1,a_2, \ldots , a_n$: array of $
                                                  n$ integers)
Not a real error.

! Preview: Snippet 59 ended.(338603+0x459657).
<-><->
      
l.102 ...ted($a_1,a_2, \ldots , a_n$: array of $n$
                                                   integers)
Not a real error.

[59]
! Preview: Snippet 60 started.
<-><->
      
l.105 $
       i$ : integer \\
Not a real error.

! Preview: Snippet 60 ended.(515577+0x262695).
<-><->
      
l.105 $i$
          : integer \\
Not a real error.

[60]
! Preview: Snippet 61 started.
<-><->
      
l.106 1.	\hspace{0.1in}	for $
                             i=1$ to $n$ $O(n)$\\
Not a real error.

! Preview: Snippet 61 ended.(515577+0x1683535).
<-><->
      
l.106 1.	\hspace{0.1in}	for $i=1$
                                  to $n$ $O(n)$\\
Not a real error.

[61]
! Preview: Snippet 62 started.
<-><->
      
l.106 1.	\hspace{0.1in}	for $i=1$ to $
                                      n$ $O(n)$\\
Not a real error.

! Preview: Snippet 62 ended.(338603+0x459657).
<-><->
      
l.106 1.	\hspace{0.1in}	for $i=1$ to $n$
                                         $O(n)$\\
Not a real error.

[62]
! Preview: Snippet 63 started.
<-><->
      
l.106 1.	\hspace{0.1in}	for $i=1$ to $n$ $
                                          O(n)$\\
Not a real error.

! Preview: Snippet 63 ended.(589824+196608x1668456).
<-><->
      
l.106 1.	\hspace{0.1in}	for $i=1$ to $n$ $O(n)$
                                               \\
Not a real error.

[63]
! Preview: Snippet 64 started.
<-><->
      
l.107 2.	\hspace{0.3in}		min=$
                              a_i$; $O(1)$\\
Not a real error.

! Preview: Snippet 64 ended.(338603+117964x626651).
<-><->
      
l.107 2.	\hspace{0.3in}		min=$a_i$
                                  ; $O(1)$\\
Not a real error.

[64]
! Preview: Snippet 65 started.
<-><->
      
l.107 2.	\hspace{0.3in}		min=$a_i$; $
                                     O(1)$\\
Not a real error.

! Preview: Snippet 65 ended.(589824+196608x1593819).
<-><->
      
l.107 2.	\hspace{0.3in}		min=$a_i$; $O(1)$
                                          \\
Not a real error.

[65]
! Preview: Snippet 66 started.
<-><->
      
l.108 3.	\hspace{0.3in}		minpos=i; $
                                    O(1)$\\
Not a real error.

! Preview: Snippet 66 ended.(589824+196608x1593819).
<-><->
      
l.108 3.	\hspace{0.3in}		minpos=i; $O(1)$
                                         \\
Not a real error.

[66]
! Preview: Snippet 67 started.
<-><->
      
l.109 4.	\hspace{0.3in}		for $
                              j=i+1$ to $minimum(i+k,n)$ $O(n)
Not a real error.

! Preview: Snippet 67 ended.(515577+152916x2994794).
<-><->
      
l.109 4.	\hspace{0.3in}		for $j=i+1$
                                     to $minimum(i+k,n)$ $O(n)
Not a real error.

[67]
! Preview: Snippet 68 started.
<-><->
      
l.109 4.	\hspace{0.3in}		for $j=i+1$ to $
                                         minimum(i+k,n)$ $O(n)
Not a real error.

! Preview: Snippet 68 ended.(589824+196608x6485558).
<-><->
      
l.109 ...e{0.3in}		for $j=i+1$ to $minimum(i+k,n)$
                                                   $O(n)
Not a real error.

[68]
! Preview: Snippet 69 started.
<-><->
      
l.109 ...0.3in}		for $j=i+1$ to $minimum(i+k,n)$ $
                                                  O(n)
Not a real error.

! Preview: Snippet 69 ended.(589824+196608x4177955).
<-><->
      
l.110 \vee O(k)$
                \\
Not a real error.

[69]
! Preview: Snippet 70 started.
<-><->
      
l.111 5.	\hspace{0.5in}			if ($
                               a_j < min$) $O(1)$\\
Not a real error.

! Preview: Snippet 70 ended.(515577+219909x3124220).
<-><->
      
l.111 5.	\hspace{0.5in}			if ($a_j < min$
                                         ) $O(1)$\\
Not a real error.

[70]
! Preview: Snippet 71 started.
<-><->
      
l.111 5.	\hspace{0.5in}			if ($a_j < min$) $
                                            O(1)$\\
Not a real error.

! Preview: Snippet 71 ended.(589824+196608x1593819).
<-><->
      
l.111 5.	\hspace{0.5in}			if ($a_j < min$) $O(1)$
                                                 \\
Not a real error.

[71]
! Preview: Snippet 72 started.
<-><->
      
l.112 6.	\hspace{0.7in}				min=$
                                a_j$ $O(1)$\\
Not a real error.

! Preview: Snippet 72 ended.(338603+219909x692491).
<-><->
      
l.112 6.	\hspace{0.7in}				min=$a_j$
                                     $O(1)$\\
Not a real error.

[72]
! Preview: Snippet 73 started.
<-><->
      
l.112 6.	\hspace{0.7in}				min=$a_j$ $
                                      O(1)$\\
Not a real error.

! Preview: Snippet 73 ended.(589824+196608x1593819).
<-><->
      
l.112 6.	\hspace{0.7in}				min=$a_j$ $O(1)$
                                           \\
Not a real error.

[73]
! Preview: Snippet 74 started.
<-><->
      
l.113 7.	\hspace{0.7in}				minpos=j $
                                     O(1)$\\
Not a real error.

! Preview: Snippet 74 ended.(589824+196608x1593819).
<-><->
      
l.113 7.	\hspace{0.7in}				minpos=j $O(1)$
                                          \\
Not a real error.

[74]
! Preview: Snippet 75 started.
<-><->
      
l.114 8.	\hspace{0.3in}		$
                          swap(a_i,a_{minpos})$ $O(1)$\\
Not a real error.

! Preview: Snippet 75 ended.(589824+219909x5560225).
<-><->
      
l.114 8.	\hspace{0.3in}		$swap(a_i,a_{minpos})$
                                                $O(1)$\\
Not a real error.

[75]
! Preview: Snippet 76 started.
<-><->
      
l.114 8.	\hspace{0.3in}		$swap(a_i,a_{minpos})$ $
                                                 O(1)$\\
Not a real error.

! Preview: Snippet 76 ended.(589824+196608x1593819).
<-><->
      
l.114 ...ace{0.3in}		$swap(a_i,a_{minpos})$ $O(1)$
                                                  \\
Not a real error.

[76]
! Preview: Snippet 77 started.
<-><->
      
l.115 9.	\hspace{0.1in}	return $
                                a_1,a_2, \ldots , a_n$ $O(1)$
Not a real error.

! Preview: Snippet 77 ended.(338603+152916x4275863).
<-><->
      
l.115 ...ace{0.1in}	return $a_1,a_2, \ldots , a_n$
                                                   $O(1)$
Not a real error.

[77]
! Preview: Snippet 78 started.
<-><->
      
l.115 ...e{0.1in}	return $a_1,a_2, \ldots , a_n$ $
                                                  O(1)$
Not a real error.

! Preview: Snippet 78 ended.(589824+196608x1593819).
<-><->
      
l.115 ...in}	return $a_1,a_2, \ldots , a_n$ $O(1)$
                                                  
Not a real error.

[78]
! Preview: Snippet 79 started.
<-><->
      
l.118 This algorithm is $
                         O(n^2)$. Observe that line $1$ will run $O(n)$
Not a real error.

! Preview: Snippet 79 ended.(623265+196608x1979756).
<-><->
      
l.118 This algorithm is $O(n^2)$
                                . Observe that line $1$ will run $O(n)$
Not a real error.

[79]
! Preview: Snippet 80 started.
<-><->
      
l.118 ...lgorithm is $O(n^2)$. Observe that line $
                                                  1$ will run $O(n)$
Not a real error.

! Preview: Snippet 80 ended.(506811+0x385020).
<-><->
      
l.118 ...orithm is $O(n^2)$. Observe that line $1$
                                                   will run $O(n)$
Not a real error.

[80]
! Preview: Snippet 81 started.
<-><->
      
l.118 ...O(n^2)$. Observe that line $1$ will run $
                                                  O(n)$
Not a real error.

! Preview: Snippet 81 ended.(589824+196608x1668456).
<-><->
      
l.118 ...)$. Observe that line $1$ will run $O(n)$
                                                  
Not a real error.

[81]
! Preview: Snippet 82 started.
<-><->
      
l.119 ...lso observe that the inner loop at line $
                                                  4$ will run either
Not a real error.

! Preview: Snippet 82 ended.(506811+0x385020).
<-><->
      
l.119 ...o observe that the inner loop at line $4$
                                                   will run either
Not a real error.

[82]
! Preview: Snippet 83 started.
<-><->
      
l.120 $
       O(n) or O(k)$ times. However if $k >= n$ then the loop will go $O(n)$
Not a real error.

! Preview: Snippet 83 ended.(589824+196608x4042737).
<-><->
      
l.120 $O(n) or O(k)$
                     times. However if $k >= n$ then the loop will go $O(n)$
Not a real error.

[83]
! Preview: Snippet 84 started.
<-><->
      
l.120 $O(n) or O(k)$ times. However if $
                                        k >= n$ then the loop will go $O(n)$
Not a real error.

! Preview: Snippet 84 ended.(546132+20972x2521288).
<-><->
      
l.120 $O(n) or O(k)$ times. However if $k >= n$
                                                then the loop will go $O(n)$
Not a real error.

[84]
! Preview: Snippet 85 started.
<-><->
      
l.120 ...wever if $k >= n$ then the loop will go $
                                                  O(n)$
Not a real error.

! Preview: Snippet 85 ended.(589824+196608x1668456).
<-><->
      
l.120 ... if $k >= n$ then the loop will go $O(n)$
                                                  
Not a real error.

[85]
! Preview: Snippet 86 started.
<-><->
      
l.121 times because of the $
                            min$ function. Thus the code loops $n^2$
Not a real error.

! Preview: Snippet 86 ended.(515577+0x1395909).
<-><->
      
l.121 times because of the $min$
                                 function. Thus the code loops $n^2$
Not a real error.

[86]
! Preview: Snippet 87 started.
<-><->
      
l.121 ...the $min$ function. Thus the code loops $
                                                  n^2$
Not a real error.

! Preview: Snippet 87 ended.(623265+0x770957).
<-><->
      
l.121 ...$min$ function. Thus the code loops $n^2$
                                                  
Not a real error.

[87]
! Preview: Snippet 88 started.
<-><->
      
l.122 ......and everything else is constant thus $
                                                  O(n^2)$
Not a real error.

! Preview: Snippet 88 ended.(623265+196608x1979756).
<-><->
      
l.122 ...everything else is constant thus $O(n^2)$
                                                  
Not a real error.

[88] ) 
Here is how much of TeX's memory you used:
 177 strings out of 492622
 2372 string characters out of 3137813
 66123 words of memory out of 3000000
 4627 multiletter control sequences out of 15000+200000
 10678 words of font info for 40 fonts, out of 3000000 for 9000
 715 hyphenation exceptions out of 8191
 22i,4n,22p,155b,284s stack positions out of 5000i,500n,10000p,200000b,50000s

Output written on hw9.dvi (88 pages, 12448 bytes).
