This is pdfTeX, Version 3.1415926-2.3-1.40.12 (TeX Live 2012/dev/Arch Linux) (format=prv_review 2011.11.4)  4 NOV 2011 23:47
entering extended mode
 restricted \write18 enabled.
 %&-line parsing enabled.
**&prv_review review.tex
(./review.tex
LaTeX2e <2009/09/24>
Babel <v3.8l> and hyphenation patterns for english, dumylang, nohyphenation, ge
rman-x-2009-06-19, ngerman-x-2009-06-19, afrikaans, ancientgreek, ibycus, arabi
c, armenian, basque, bulgarian, catalan, pinyin, coptic, croatian, czech, danis
h, dutch, ukenglish, usenglishmax, esperanto, estonian, ethiopic, farsi, finnis
h, french, galician, german, ngerman, swissgerman, monogreek, greek, hungarian,
 icelandic, assamese, bengali, gujarati, hindi, kannada, malayalam, marathi, or
iya, panjabi, tamil, telugu, indonesian, interlingua, irish, italian, kurmanji,
 lao, latin, latvian, lithuanian, mongolian, mongolianlmc, bokmal, nynorsk, pol
ish, portuguese, romanian, russian, sanskrit, serbian, serbianc, slovak, sloven
ian, spanish, swedish, turkish, turkmen, ukrainian, uppersorbian, welsh, loaded
.
CUSTOMISED FORMAT. Preloaded files:
        .
 article.cls    2007/10/19 v1.4h Standard LaTeX document class
  size12.clo    2007/10/19 v1.4h Standard LaTeX file (size option)
 amsmath.sty    2000/07/18 v2.13 AMS math features
 amstext.sty    2000/06/29 v2.01
  amsgen.sty    1999/11/30 v2.0
  amsbsy.sty    1999/11/29 v1.2d
  amsopn.sty    1999/12/14 v2.01 operator names
  amsthm.sty    2009/07/02 v2.20.1
 amssymb.sty    2009/06/22 v3.00
amsfonts.sty    2009/06/22 v3.00 Basic AMSFonts support
graphicx.sty    1999/02/16 v1.0f Enhanced LaTeX Graphics (DPC,SPQR)
  keyval.sty    1999/03/16 v1.13 key=value parser (DPC)
graphics.sty    2009/02/05 v1.0o Standard LaTeX Graphics (DPC,SPQR)
    trig.sty    1999/03/16 v1.09 sin cos tan (DPC)
graphics.cfg    2010/04/23 v1.9 graphics configuration of TeX Live
   dvips.def    1999/02/16 v3.0i Driver-dependant file (DPC,SPQR)
multicol.sty    2008/12/05 v1.6h multicolumn formatting (FMi)
geometry.sty    2010/09/12 v5.6 Page Geometry
   ifpdf.sty    2011/01/30 v2.3 Provides the ifpdf switch (HO)
  ifvtex.sty    2010/03/01 v1.5 Switches for detecting VTeX and its modes (HO)
 ifxetex.sty    2010/09/12 v0.6 Provides ifxetex conditional
    umsa.fd    2009/06/22 v3.00 AMS symbols A
    umsb.fd    2009/06/22 v3.00 AMS symbols B
        .
(./review.aux)
LaTeX Font Info:    Checking defaults for OML/cmm/m/it on input line 73.
LaTeX Font Info:    ... okay on input line 73.
LaTeX Font Info:    Checking defaults for T1/cmr/m/n on input line 73.
LaTeX Font Info:    ... okay on input line 73.
LaTeX Font Info:    Checking defaults for OT1/cmr/m/n on input line 73.
LaTeX Font Info:    ... okay on input line 73.
LaTeX Font Info:    Checking defaults for OMS/cmsy/m/n on input line 73.
LaTeX Font Info:    ... okay on input line 73.
LaTeX Font Info:    Checking defaults for OMX/cmex/m/n on input line 73.
LaTeX Font Info:    ... okay on input line 73.
LaTeX Font Info:    Checking defaults for U/cmr/m/n on input line 73.
LaTeX Font Info:    ... okay on input line 73.
 (/usr/share/texmf/tex/latex/preview/preview.sty
Package: preview 2010/02/14 11.86 (AUCTeX/preview-latex)

(/usr/share/texmf/tex/latex/preview/prtightpage.def
\PreviewBorder=\dimen130
)
(/usr/share/texmf/tex/latex/preview/prauctex.def
No auxiliary output files.


\hbadness=\count113
\hfuzz=\dimen131
(/usr/share/texmf/tex/latex/preview/prauctex.cfg))
(/usr/share/texmf/tex/latex/preview/prfootnotes.def)
\pr@snippet=\count114
\pr@box=\box54
\pr@output=\toks27

Preview: Fontsize 12pt
)
*geometry* detected driver: dvips
*geometry* verbose mode - [ preamble ] result:
* driver: dvips
* paper: letterpaper
* layout: <same size as paper>
* layoutoffset:(h,v)=(0.0pt,0.0pt)
* modes: 
* h-part:(L,W,R)=(54.2025pt, 505.89pt, 54.2025pt)
* v-part:(T,H,B)=(54.2025pt, 704.63249pt, 36.135pt)
* \paperwidth=614.295pt
* \paperheight=794.96999pt
* \textwidth=505.89pt
* \textheight=704.63249pt
* \oddsidemargin=-18.06749pt
* \evensidemargin=-18.06749pt
* \topmargin=-18.06749pt
* \headheight=0.0pt
* \headsep=0.0pt
* \topskip=12.0pt
* \footskip=30.0pt
* \marginparwidth=44.0pt
* \marginparsep=10.0pt
* \columnsep=10.0pt
* \skip\footins=10.8pt plus 4.0pt minus 2.0pt
* \hoffset=0.0pt
* \voffset=0.0pt
* \mag=1000
* \@twocolumnfalse
* \@twosidefalse
* \@mparswitchfalse
* \@reversemarginfalse
* (1in=72.27pt=25.4mm, 1cm=28.453pt)

! Preview: Snippet 1 started.
<-><->
      
l.90     \item Even: An integer $
                                 n$ is even if there is an integer $m$ such
Not a real error.

Preview: Tightpage -32891 -32891 32891 32891
! Preview: Snippet 1 ended.(338603+0x459657).
<-><->
      
l.90     \item Even: An integer $n$
                                    is even if there is an integer $m$ such
Not a real error.

[1]
! Preview: Snippet 2 started.
<-><->
      
l.90 ...teger $n$ is even if there is an integer $
                                                  m$ such
Not a real error.

! Preview: Snippet 2 ended.(338603+0x673557).
<-><->
      
l.90 ...ger $n$ is even if there is an integer $m$
                                                   such
Not a real error.

[2]
! Preview: Snippet 3 started.
<-><->
      
l.91       that $
                 n = 2m$.
Not a real error.

! Preview: Snippet 3 ended.(506811+0x2554054).
<-><->
      
l.91       that $n = 2m$
                        .
Not a real error.

[3]
! Preview: Snippet 4 started.
<-><->
      
l.92     \item Odd: An integer $
                                n$ is odd if there is an integer $m$ s.t. $n =
Not a real error.

! Preview: Snippet 4 ended.(338603+0x459657).
<-><->
      
l.92     \item Odd: An integer $n$
                                   is odd if there is an integer $m$ s.t. $n =
Not a real error.

[4]
! Preview: Snippet 5 started.
<-><->
      
l.92 ...nteger $n$ is odd if there is an integer $
                                                  m$ s.t. $n =
Not a real error.

! Preview: Snippet 5 ended.(338603+0x673557).
<-><->
      
l.92 ...eger $n$ is odd if there is an integer $m$
                                                   s.t. $n =
Not a real error.

[5]
! Preview: Snippet 6 started.
<-><->
      
l.92 ...$ is odd if there is an integer $m$ s.t. $
                                                  n =
Not a real error.

! Preview: Snippet 6 ended.(506811+60072x3887514).
<-><->
      
l.93       2m + 1$
                  
Not a real error.

[6]
! Preview: Snippet 7 started.
<-><->
      
l.94     \item Multiplicative inverse: If $
                                           q$ and $r$ are real numbers, $r$ ...

Not a real error.

! Preview: Snippet 7 ended.(338603+152916x369638).
<-><->
      
l.94     \item Multiplicative inverse: If $q$
                                              and $r$ are real numbers, $r$ ...

Not a real error.

[7]
! Preview: Snippet 8 started.
<-><->
      
l.94 ...\item Multiplicative inverse: If $q$ and $
                                                  r$ are real numbers, $r$ i...

Not a real error.

! Preview: Snippet 8 ended.(338603+0x368409).
<-><->
      
l.94 ...tem Multiplicative inverse: If $q$ and $r$
                                                   are real numbers, $r$ is ...

Not a real error.

[8]
! Preview: Snippet 9 started.
<-><->
      
l.94 ...nverse: If $q$ and $r$ are real numbers, $
                                                  r$ is a multiplicative inv...

Not a real error.

! Preview: Snippet 9 ended.(338603+0x368409).
<-><->
      
l.94 ...erse: If $q$ and $r$ are real numbers, $r$
                                                   is a multiplicative inver...

Not a real error.

[9]
! Preview: Snippet 10 started.
<-><->
      
l.94 ...ers, $r$ is a multiplicative inverse for $
                                                  q$
Not a real error.

! Preview: Snippet 10 ended.(338603+152916x369638).
<-><->
      
l.94 ...s, $r$ is a multiplicative inverse for $q$
                                                  
Not a real error.

[10]
! Preview: Snippet 11 started.
<-><->
      
l.95       if $
               qr = 1$.
Not a real error.

! Preview: Snippet 11 ended.(506811+152916x2158887).
<-><->
      
l.95       if $qr = 1$
                      .
Not a real error.

[11]
Missing character: There is no Ô in font cmr12!
Missing character: There is no ¨ in font cmr12!
Missing character: There is no Å in font cmr12!
Missing character: There is no Ô in font cmr12!
Missing character: There is no ¨ in font cmr12!
Missing character: There is no Å in font cmr12!

! Preview: Snippet 12 started.
<-><->
      
l.110     $
           a|b \textrm{ iff } b = an$
Not a real error.

! Preview: Snippet 12 ended.(589824+196608x4353635).
<-><->
      
l.110     $a|b \textrm{ iff } b = an$
                                     
Not a real error.

[12]
! Preview: Snippet 13 started.
<-><->
      
l.112     an integer $
                      q \geq 2$ is prime iff positive factors of $q$ are
Not a real error.

! Preview: Snippet 13 ended.(506811+152916x1803229).
<-><->
      
l.112     an integer $q \geq 2$
                                is prime iff positive factors of $q$ are
Not a real error.

[13]
! Preview: Snippet 14 started.
<-><->
      
l.112 ...geq 2$ is prime iff positive factors of $
                                                  q$ are
Not a real error.

! Preview: Snippet 14 ended.(338603+152916x369638).
<-><->
      
l.112 ...q 2$ is prime iff positive factors of $q$
                                                   are
Not a real error.

[14]
! Preview: Snippet 15 started.
<-><->
      
l.113     $
           q$ and $1$. An integer $q \geq 2$ is composite if it is not prime.
Not a real error.

! Preview: Snippet 15 ended.(338603+152916x369638).
<-><->
      
l.113     $q$
              and $1$. An integer $q \geq 2$ is composite if it is not prime.
Not a real error.

[15]
! Preview: Snippet 16 started.
<-><->
      
l.113     $q$ and $
                   1$. An integer $q \geq 2$ is composite if it is not prime.
Not a real error.

! Preview: Snippet 16 ended.(506811+0x385020).
<-><->
      
l.113     $q$ and $1$
                     . An integer $q \geq 2$ is composite if it is not prime.
Not a real error.

[16]
! Preview: Snippet 17 started.
<-><->
      
l.113     $q$ and $1$. An integer $
                                   q \geq 2$ is composite if it is not prime.
Not a real error.

! Preview: Snippet 17 ended.(506811+152916x1803229).
<-><->
      
l.113     $q$ and $1$. An integer $q \geq 2$
                                             is composite if it is not prime.
Not a real error.

[17]
! Preview: Snippet 18 started.
<-><->
      
l.117     \item def $
                     \gcd(a,b)$:
Not a real error.

! Preview: Snippet 18 ended.(589824+196608x2830577).
<-><->
      
l.117     \item def $\gcd(a,b)$
                               :
Not a real error.

[18]
! Preview: Snippet 19 started.
<-><->
      
l.118     \item $
                 r =$ remainder$(a,b)$
Not a real error.

! Preview: Snippet 19 ended.(338603+0x1185779).
<-><->
      
l.118     \item $r =$
                      remainder$(a,b)$
Not a real error.

[19]
! Preview: Snippet 20 started.
<-><->
      
l.118     \item $r =$ remainder$
                                (a,b)$
Not a real error.

! Preview: Snippet 20 ended.(589824+196608x1675517).
<-><->
      
l.118     \item $r =$ remainder$(a,b)$
                                      
Not a real error.

[20]
! Preview: Snippet 21 started.
<-><->
      
l.119     \item if$
                   (r = 0)$ return  $b$
Not a real error.

! Preview: Snippet 21 ended.(589824+196608x2388169).
<-><->
      
l.119     \item if$(r = 0)$
                            return  $b$
Not a real error.

[21]
! Preview: Snippet 22 started.
<-><->
      
l.119     \item if$(r = 0)$ return  $
                                     b$
Not a real error.

! Preview: Snippet 22 ended.(546132+0x327402).
<-><->
      
l.119     \item if$(r = 0)$ return  $b$
                                       
Not a real error.

[22]
! Preview: Snippet 23 started.
<-><->
      
l.120     \item return $
                        \gcd(b,r)$
Not a real error.

! Preview: Snippet 23 ended.(589824+196608x2794761).
<-><->
      
l.120     \item return $\gcd(b,r)$
                                  
Not a real error.

[23]
! Preview: Snippet 24 started.
<-><->
      
l.122   \item LCD: $
                     \frac{ab}{\gcd(a, b)}$
Not a real error.

! Preview: Snippet 24 ended.(673732+402266x2115081).
<-><->
      
l.122   \item LCD: $ \frac{ab}{\gcd(a, b)}$
                                           
Not a real error.

[24]
Missing character: There is no Ô in font cmr12!
Missing character: There is no ¨ in font cmr12!
Missing character: There is no Å in font cmr12!

! Preview: Snippet 25 started.
<-><->
      
l.124     DeÔ¨Ånition: If $
                           k$ is any positive integer, two integers $a$ and ...

Not a real error.

! Preview: Snippet 25 ended.(546132+0x426891).
<-><->
      
l.124     DeÔ¨Ånition: If $k$
                              is any positive integer, two integers $a$ and ...

Not a real error.

[25]
! Preview: Snippet 26 started.
<-><->
      
l.124 ...$ is any positive integer, two integers $
                                                  a$ and $b$, $a ‚â° b \mod(...

Not a real error.

! Preview: Snippet 26 ended.(338603+0x404225).
<-><->
      
l.124 ...is any positive integer, two integers $a$
                                                   and $b$, $a ‚â° b \mod(k)...

Not a real error.

[26]
! Preview: Snippet 27 started.
<-><->
      
l.124 ... positive integer, two integers $a$ and $
                                                  b$, $a ‚â° b \mod(k)$ if $...

Not a real error.

! Preview: Snippet 27 ended.(546132+0x327402).
<-><->
      
l.124 ...ositive integer, two integers $a$ and $b$
                                                  , $a ‚â° b \mod(k)$ if $k ...

Not a real error.

[27]
! Preview: Snippet 28 started.
<-><->
      
l.124 ...tive integer, two integers $a$ and $b$, $
                                                  a ‚â° b \mod(k)$ if $k | (...

Not a real error.

Missing character: There is no ‚ in font cmr12!
Missing character: There is no â in font cmr12!
Missing character: There is no ° in font cmr12!
! Preview: Snippet 28 ended.(589824+196608x4019768).
<-><->
      
l.124 ...o integers $a$ and $b$, $a ‚â° b \mod(k)$
                                                   if $k | (a ‚àí b)$.
Not a real error.

[28]
! Preview: Snippet 29 started.
<-><->
      
l.124 ...egers $a$ and $b$, $a ‚â° b \mod(k)$ if $
                                                  k | (a ‚àí b)$.
Not a real error.

Missing character: There is no ‚ in font cmr12!
Missing character: There is no à in font cmr12!
Missing character: There is no í in font cmr12!
! Preview: Snippet 29 ended.(589824+196608x1975892).
<-><->
      
l.124 ...$b$, $a ‚â° b \mod(k)$ if $k | (a ‚àí b)$
                                                  .
Not a real error.

[29]
Missing character: There is no Ô in font cmr12!
Missing character: There is no ¨ in font cmr12!
Missing character: There is no Å in font cmr12!

! Preview: Snippet 30 started.
<-><->
      
l.134       $
             \{a,b\}$, empty set = $\emptyset$
Not a real error.

! Preview: Snippet 30 ended.(589824+196608x1863031).
<-><->
      
l.134       $\{a,b\}$
                     , empty set = $\emptyset$
Not a real error.

[30]
! Preview: Snippet 31 started.
<-><->
      
l.134       $\{a,b\}$, empty set = $
                                    \emptyset$
Not a real error.

! Preview: Snippet 31 ended.(589824+43690x393217).
<-><->
      
l.134       $\{a,b\}$, empty set = $\emptyset$
                                              
Not a real error.

[31]
Missing character: There is no Ô in font cmr12!
Missing character: There is no ¨ in font cmr12!
Missing character: There is no Å in font cmr12!

! Preview: Snippet 32 started.
<-><->
      
l.137       Example $
                     (a,b)$
Not a real error.

! Preview: Snippet 32 ended.(589824+196608x1675517).
<-><->
      
l.137       Example $(a,b)$
                           
Not a real error.

[32]
! Preview: Snippet 33 started.
<-><->
      
l.140       Cardinality of set $
                                S$ = $|S|$
Not a real error.

! Preview: Snippet 33 ended.(537395+0x519368).
<-><->
      
l.140       Cardinality of set $S$
                                   = $|S|$
Not a real error.

[33]
! Preview: Snippet 34 started.
<-><->
      
l.140       Cardinality of set $S$ = $
                                      |S|$
Not a real error.

! Preview: Snippet 34 ended.(589824+196608x956276).
<-><->
      
l.140       Cardinality of set $S$ = $|S|$
                                          
Not a real error.

[34]
! Preview: Snippet 35 started.
<-><->
      
l.141     \item Inclusion: Definition: $
                                        A \subseteq B$ iff $\{\forall x, x \in
Not a real error.

! Preview: Snippet 35 ended.(537395+106932x2250508).
<-><->
      
l.141 ...em Inclusion: Definition: $A \subseteq B$
                                                   iff $\{\forall x, x \in
Not a real error.

[35]
! Preview: Snippet 36 started.
<-><->
      
l.141 ...lusion: Definition: $A \subseteq B$ iff $
                                                  \{\forall x, x \in
Not a real error.

! Preview: Snippet 36 ended.(589824+196608x7228719).
<-><->
      
l.142       A \rightarrow x \in B\}$
                                    
Not a real error.

[36]
! Preview: Snippet 37 started.
<-><->
      
l.145       \item Intersection: $
                                 A \cap B = \{S | S \in A \wedge S \in B\}$\\
Not a real error.

! Preview: Snippet 37 ended.(589824+196608x9672682).
<-><->
      
l.145 ... \cap B = \{S | S \in A \wedge S \in B\}$
                                                  \\
Not a real error.

[37]
! Preview: Snippet 38 started.
<-><->
      
l.146         Disjoint: $
                         A \cap B = \emptyset$
Not a real error.

! Preview: Snippet 38 ended.(589824+43690x3504783).
<-><->
      
l.146         Disjoint: $A \cap B = \emptyset$
                                              
Not a real error.

[38]
! Preview: Snippet 39 started.
<-><->
      
l.147       \item Union: $
                          A \cup B = \{x:x\in A \vee x \in B\}$
Not a real error.

! Preview: Snippet 39 ended.(589824+196608x9859682).
<-><->
      
l.147 ...n: $A \cup B = \{x:x\in A \vee x \in B\}$
                                                  
Not a real error.

[39]
! Preview: Snippet 40 started.
<-><->
      
l.148       \item Difference: $
                               A-B = \{x:x\in A \wedge x\notin B\}$
Not a real error.

! Preview: Snippet 40 ended.(589824+196608x9947064).
<-><->
      
l.148 ...ce: $A-B = \{x:x\in A \wedge x\notin B\}$
                                                  
Not a real error.

[40]
! Preview: Snippet 41 started.
<-><->
      
l.149       \item Complement $
                              \bar A = \{x: x\notin A \wedge x\in U\}$
Not a real error.

! Preview: Snippet 41 ended.(642978+196608x8341642).
<-><->
      
l.149 ...$\bar A = \{x: x\notin A \wedge x\in U\}$
                                                  
Not a real error.

[41]
! Preview: Snippet 42 started.
<-><->
      
l.150       \item Cartesian product: $
                                      A \times B = \{(x, y) | x \in A \wedge
Not a real error.

! Preview: Snippet 42 ended.(589824+196608x10828380).
<-><->
      
l.151         y \in B\}$
                        
Not a real error.

[42]
Missing character: There is no ‚ in font cmr12!
Missing character: There is no Ä in font cmr12!
Missing character: There is no ô in font cmr12!

! Preview: Snippet 43 started.
<-><->
      
l.153     \item DeMorgan‚Äôs Law: $
                                   \bar{A \cup B} = \bar A \cap \bar B$
Not a real error.

! Preview: Snippet 43 ended.(642978+0x5187312).
<-><->
      
l.153 ...aw: $\bar{A \cup B} = \bar A \cap \bar B$
                                                  
Not a real error.

[43]
! Preview: Snippet 44 started.
<-><->
      
l.154     \item Inclusion-Exclusion Principle: $
                                                |A \cup B| = |A| + |B| ‚àí |A
Not a real error.

Missing character: There is no ‚ in font cmr12!
Missing character: There is no à in font cmr12!
Missing character: There is no í in font cmr12!
! Preview: Snippet 44 ended.(589824+196608x9085321).
<-><->
      
l.155       \cap B|$
                    
Not a real error.

[44]
! Preview: Snippet 45 started.
<-><->
      
l.156     \item Product Rule: $
                               |A \times B| = |A||B|$.
Not a real error.

! Preview: Snippet 45 ended.(589824+196608x5711609).
<-><->
      
l.156 ...tem Product Rule: $|A \times B| = |A||B|$
                                                  .
Not a real error.

[45]
! Preview: Snippet 46 started.
<-><->
      
l.162     \item Relation: $
                           A$ relation $R$ on a set $A$ is a subset of $A \t...

Not a real error.

! Preview: Snippet 46 ended.(537395+0x577257).
<-><->
      
l.162     \item Relation: $A$
                              relation $R$ on a set $A$ is a subset of $A \t...

Not a real error.

[46]
! Preview: Snippet 47 started.
<-><->
      
l.162     \item Relation: $A$ relation $
                                        R$ on a set $A$ is a subset of $A \t...

Not a real error.

! Preview: Snippet 47 ended.(537395+0x592596).
<-><->
      
l.162     \item Relation: $A$ relation $R$
                                           on a set $A$ is a subset of $A \t...

Not a real error.

[47]
! Preview: Snippet 48 started.
<-><->
      
l.162 ...tem Relation: $A$ relation $R$ on a set $
                                                  A$ is a subset of $A \time...

Not a real error.

! Preview: Snippet 48 ended.(537395+0x577257).
<-><->
      
l.162 ...m Relation: $A$ relation $R$ on a set $A$
                                                   is a subset of $A \times ...

Not a real error.

[48]
! Preview: Snippet 49 started.
<-><->
      
l.162 ...elation $R$ on a set $A$ is a subset of $
                                                  A \times A$, i.e. $R$ is a...

Not a real error.

! Preview: Snippet 49 ended.(537395+65536x2115705).
<-><->
      
l.162 ... on a set $A$ is a subset of $A \times A$
                                                  , i.e. $R$ is a set of ord...

Not a real error.

[49]
! Preview: Snippet 50 started.
<-><->
      
l.162 ...t $A$ is a subset of $A \times A$, i.e. $
                                                  R$ is a set of ordered pairs
Not a real error.

! Preview: Snippet 50 ended.(537395+0x592596).
<-><->
      
l.162 ...$A$ is a subset of $A \times A$, i.e. $R$
                                                   is a set of ordered pairs
Not a real error.

[50]
! Preview: Snippet 51 started.
<-><->
      
l.163       of elements from $
                              A$.
Not a real error.

! Preview: Snippet 51 ended.(537395+0x577257).
<-><->
      
l.163       of elements from $A$
                                .
Not a real error.

[51]
! Preview: Snippet 52 started.
<-><->
      
l.164     \item Reflexive: $
                            R$ is reÔ¨Çexive if $xRx$ for all $x \in A$
Not a real error.

! Preview: Snippet 52 ended.(537395+0x592596).
<-><->
      
l.164     \item Reflexive: $R$
                               is reÔ¨Çexive if $xRx$ for all $x \in A$
Not a real error.

[52]
Missing character: There is no Ô in font cmr12!
Missing character: There is no ¨ in font cmr12!
Missing character: There is no Ç in font cmr12!

! Preview: Snippet 53 started.
<-><->
      
l.164     \item Reflexive: $R$ is reÔ¨Çexive if $
                                                 xRx$ for all $x \in A$
Not a real error.

! Preview: Snippet 53 ended.(537395+0x1467768).
<-><->
      
l.164 ...tem Reflexive: $R$ is reÔ¨Çexive if $xRx$
                                                   for all $x \in A$
Not a real error.

[53]
! Preview: Snippet 54 started.
<-><->
      
l.164 ...ive: $R$ is reÔ¨Çexive if $xRx$ for all $
                                                  x \in A$
Not a real error.

! Preview: Snippet 54 ended.(537395+30747x1976032).
<-><->
      
l.164 ... is reÔ¨Çexive if $xRx$ for all $x \in A$
                                                  
Not a real error.

[54]
! Preview: Snippet 55 started.
<-><->
      
l.165     \item Irreflexive $
                             R$ is irreÔ¨Çexive if $x \textrm{ not R }x$ for
Not a real error.

! Preview: Snippet 55 ended.(537395+0x592596).
<-><->
      
l.165     \item Irreflexive $R$
                                is irreÔ¨Çexive if $x \textrm{ not R }x$ for
Not a real error.

[55]
Missing character: There is no Ô in font cmr12!
Missing character: There is no ¨ in font cmr12!
Missing character: There is no Ç in font cmr12!

! Preview: Snippet 56 started.
<-><->
      
l.165 ...item Irreflexive $R$ is irreÔ¨Çexive if $
                                                  x \textrm{ not R }x$ for
Not a real error.

! Preview: Snippet 56 ended.(537395+0x3324191).
<-><->
      
l.165 ... is irreÔ¨Çexive if $x \textrm{ not R }x$
                                                   for
Not a real error.

[56]
! Preview: Snippet 57 started.
<-><->
      
l.166       all $
                 x \in A$.
Not a real error.

! Preview: Snippet 57 ended.(537395+30747x1976032).
<-><->
      
l.166       all $x \in A$
                         .
Not a real error.

[57]
! Preview: Snippet 58 started.
<-><->
      
l.167     \item Symmetric: $
                            \forall x, y \in A, xRy \rightarrow yRx$
Not a real error.

! Preview: Snippet 58 ended.(546133+152916x7597615).
<-><->
      
l.167 ...$\forall x, y \in A, xRy \rightarrow yRx$
                                                  
Not a real error.

[58]
! Preview: Snippet 59 started.
<-><->
      
l.168     \item Antisymmetric: $
                                \forall x, y \in A,(xRy \wedge yRx) \rightar...

Not a real error.

! Preview: Snippet 59 ended.(589824+196608x10947429).
<-><->
      
l.168 ...\in A,(xRy \wedge yRx) \rightarrow x = y$
                                                  
Not a real error.

[59]
! Preview: Snippet 60 started.
<-><->
      
l.169     \item Transitive: $
                             \forall a, b, c \in A$, if $aRb$ and $bRc$,
Not a real error.

! Preview: Snippet 60 ended.(546133+152916x3728328).
<-><->
      
l.169 ...\item Transitive: $\forall a, b, c \in A$
                                                  , if $aRb$ and $bRc$,
Not a real error.

[60]
! Preview: Snippet 61 started.
<-><->
      
l.169 ...Transitive: $\forall a, b, c \in A$, if $
                                                  aRb$ and $bRc$,
Not a real error.

! Preview: Snippet 61 ended.(546132+0x1324223).
<-><->
      
l.169 ...sitive: $\forall a, b, c \in A$, if $aRb$
                                                   and $bRc$,
Not a real error.

[61]
! Preview: Snippet 62 started.
<-><->
      
l.169 ...: $\forall a, b, c \in A$, if $aRb$ and $
                                                  bRc$,
Not a real error.

! Preview: Snippet 62 ended.(546132+0x1251405).
<-><->
      
l.169 ...forall a, b, c \in A$, if $aRb$ and $bRc$
                                                  ,
Not a real error.

[62]
! Preview: Snippet 63 started.
<-><->
      
l.170       then $
                  aRc$
Not a real error.

! Preview: Snippet 63 ended.(537395+0x1328228).
<-><->
      
l.170       then $aRc$
                      
Not a real error.

[63]
Missing character: There is no Ô in font cmr12!
Missing character: There is no ¨ in font cmr12!
Missing character: There is no Ç in font cmr12!

! Preview: Snippet 64 started.
<-><->
      
l.177         for every pair $
                              x, y$, $x \geq y$ or $y \geq x$.
Not a real error.

! Preview: Snippet 64 ended.(338603+152916x1186235).
<-><->
      
l.177         for every pair $x, y$
                                   , $x \geq y$ or $y \geq x$.
Not a real error.

[64]
! Preview: Snippet 65 started.
<-><->
      
l.177         for every pair $x, y$, $
                                      x \geq y$ or $y \geq x$.
Not a real error.

! Preview: Snippet 65 ended.(500148+152916x1889836).
<-><->
      
l.177         for every pair $x, y$, $x \geq y$
                                                or $y \geq x$.
Not a real error.

[65]
! Preview: Snippet 66 started.
<-><->
      
l.177 ...   for every pair $x, y$, $x \geq y$ or $
                                                  y \geq x$.
Not a real error.

! Preview: Snippet 66 ended.(500148+152916x1889836).
<-><->
      
l.177 ...ery pair $x, y$, $x \geq y$ or $y \geq x$
                                                  .
Not a real error.

[66]
Missing character: There is no Ô in font cmr12!
Missing character: There is no ¨ in font cmr12!
Missing character: There is no Ç in font cmr12!
Missing character: There is no Ô in font cmr12!
Missing character: There is no ¨ in font cmr12!
Missing character: There is no Ç in font cmr12!

! Preview: Snippet 67 started.
<-><->
      
l.190       Image: $
                    f(A) = {f(x) : x \in A}$
Not a real error.

! Preview: Snippet 67 ended.(589824+196608x6802389).
<-><->
      
l.190       Image: $f(A) = {f(x) : x \in A}$
                                            
Not a real error.

[67]
! Preview: Snippet 68 started.
<-><->
      
l.192       Onto(surjective): $
                               \forall y \in  B, \exists x \in A, f(x) = y$
Not a real error.

! Preview: Snippet 68 ended.(589824+196608x8468868).
<-><->
      
l.192 ...rall y \in  B, \exists x \in A, f(x) = y$
                                                  
Not a real error.

[68]
! Preview: Snippet 69 started.
<-><->
      
l.194       One-to-One(injective): $
                                    \forall x, y \in A, f (x) = f (y) \right...

Not a real error.

! Preview: Snippet 69 ended.(589824+196608x10608957).
<-><->
      
l.195       y$
              
Not a real error.

[69]
! Preview: Snippet 70 started.
<-><->
      
l.199 ... Pigeonhole principle: Suppose you have $
                                                  n$ objects and assign $k$
Not a real error.

! Preview: Snippet 70 ended.(338603+0x459657).
<-><->
      
l.199 ...igeonhole principle: Suppose you have $n$
                                                   objects and assign $k$
Not a real error.

[70]
! Preview: Snippet 71 started.
<-><->
      
l.199 ...Suppose you have $n$ objects and assign $
                                                  k$
Not a real error.

! Preview: Snippet 71 ended.(546132+0x426891).
<-><->
      
l.199 ...ppose you have $n$ objects and assign $k$
                                                  
Not a real error.

[71]
! Preview: Snippet 72 started.
<-><->
      
l.200       labels to these objects. If $
                                         n > k$, then two objects must get the
Not a real error.

! Preview: Snippet 72 ended.(546132+20972x1922368).
<-><->
      
l.200       labels to these objects. If $n > k$
                                               , then two objects must get the
Not a real error.

[72]
! Preview: Snippet 73 started.
<-><->
      
l.207     \item Permuation: $
                             \frac{n!}{(n - k)!}$
Not a real error.

! Preview: Snippet 73 ended.(673732+402266x1820588).
<-><->
      
l.207     \item Permuation: $\frac{n!}{(n - k)!}$
                                                 
Not a real error.

[73]
! Preview: Snippet 74 started.
<-><->
      
l.208     \item Combination: $
                              \dbinom{n}{k}=\frac{n!}{k!(n-k)!}$
Not a real error.

! Preview: Snippet 74 ended.(1140335+747120x4932631).
<-><->
      
l.208 ...tion: $\dbinom{n}{k}=\frac{n!}{k!(n-k)!}$
                                                  
Not a real error.

[74]
! Preview: Snippet 75 started.
<-><->
      
l.209     \item Combinations with repetition:  $
                                                \dbinom{k+n-1}{k}$
Not a real error.

! Preview: Snippet 75 ended.(1140335+747120x4339007).
<-><->
      
l.209 ...ons with repetition:  $\dbinom{k+n-1}{k}$
                                                  
Not a real error.

[75]
! Preview: Snippet 76 started.
<-><->
      
l.210     \item General Idenity: $
                                  \dbinom{n}{k} =  \dbinom{n}{n-k}$
Not a real error.

! Preview: Snippet 76 ended.(1140335+747120x5658832).
<-><->
      
l.210 ...enity: $\dbinom{n}{k} =  \dbinom{n}{n-k}$
                                                  
Not a real error.

[76]
! Preview: Snippet 77 started.
<-><->
      
l.211     \item Pascals Idenity:  $
                                   \dbinom{n+1}{k} =  \dbinom{n}{k} +
Not a real error.

! Preview: Snippet 77 ended.(1140335+747120x9483560).
<-><->
      
l.212       \dbinom{n}{k-1}$
                            
Not a real error.

[77]
! Preview: Snippet 78 started.
<-><->
      
l.213     \item Binomial Theorem: $
                                   (x+y)^n=\sum_{k=0}^n\dbinom{n}{k}x^{n-k}y^k$

Not a real error.

! Preview: Snippet 78 ended.(1140335+747120x9708572).
<-><->
      
l.213 ...y)^n=\sum_{k=0}^n\dbinom{n}{k}x^{n-k}y^k$
                                                  
Not a real error.

[78]
! Preview: Snippet 79 started.
<-><->
      
l.221     \item An isomorphism from $
                                     G_1$ to $G_2$ is a bijection $f : V1 \r...

Not a real error.

! Preview: Snippet 79 ended.(537395+117964x918704).
<-><->
      
l.221     \item An isomorphism from $G_1$
                                          to $G_2$ is a bijection $f : V1 \r...

Not a real error.

[79]
! Preview: Snippet 80 started.
<-><->
      
l.221     \item An isomorphism from $G_1$ to $
                                              G_2$ is a bijection $f : V1 \r...

Not a real error.

! Preview: Snippet 80 ended.(537395+117964x918704).
<-><->
      
l.221     \item An isomorphism from $G_1$ to $G_2$
                                                   is a bijection $f : V1 \r...

Not a real error.

[80]
! Preview: Snippet 81 started.
<-><->
      
l.221 ...hism from $G_1$ to $G_2$ is a bijection $
                                                  f : V1 \rightarrow V2$ such
Not a real error.

! Preview: Snippet 81 ended.(546132+152916x4347775).
<-><->
      
l.221 ...2$ is a bijection $f : V1 \rightarrow V2$
                                                   such
Not a real error.

[81]
! Preview: Snippet 82 started.
<-><->
      
l.222       that vertices $
                           a$ and $b$ are joined by an edge iff $f (a)$
Not a real error.

! Preview: Snippet 82 ended.(338603+0x404225).
<-><->
      
l.222       that vertices $a$
                              and $b$ are joined by an edge iff $f (a)$
Not a real error.

[82]
! Preview: Snippet 83 started.
<-><->
      
l.222       that vertices $a$ and $
                                   b$ are joined by an edge iff $f (a)$
Not a real error.

! Preview: Snippet 83 ended.(546132+0x327402).
<-><->
      
l.222       that vertices $a$ and $b$
                                      are joined by an edge iff $f (a)$
Not a real error.

[83]
! Preview: Snippet 84 started.
<-><->
      
l.222 ...s $a$ and $b$ are joined by an edge iff $
                                                  f (a)$
Not a real error.

! Preview: Snippet 84 ended.(589824+196608x1466672).
<-><->
      
l.222 ...and $b$ are joined by an edge iff $f (a)$
                                                  
Not a real error.

[84]
! Preview: Snippet 85 started.
<-><->
      
l.223       and $
                 f (b)$ are joined by an edge.
Not a real error.

! Preview: Snippet 85 ended.(589824+196608x1389849).
<-><->
      
l.223       and $f (b)$
                        are joined by an edge.
Not a real error.

[85]
! Preview: Snippet 86 started.
<-><->
      
l.224     \item Complete graphs: $
                                  K_n$ is a graph with $n$ vertices in which
Not a real error.

! Preview: Snippet 86 ended.(537395+117964x1025896).
<-><->
      
l.224     \item Complete graphs: $K_n$
                                       is a graph with $n$ vertices in which
Not a real error.

[86]
! Preview: Snippet 87 started.
<-><->
      
l.224 ... Complete graphs: $K_n$ is a graph with $
                                                  n$ vertices in which
Not a real error.

! Preview: Snippet 87 ended.(338603+0x459657).
<-><->
      
l.224 ...omplete graphs: $K_n$ is a graph with $n$
                                                   vertices in which
Not a real error.

[87]
! Preview: Snippet 88 started.
<-><->
      
l.226       vertex. $
                     (\frac{n(n-1)}{2})$ edges
Not a real error.

! Preview: Snippet 88 ended.(768080+271194x2577282).
<-><->
      
l.226       vertex. $(\frac{n(n-1)}{2})$
                                         edges
Not a real error.

[88]
! Preview: Snippet 89 started.
<-><->
      
l.227 ...: Suppose that we have n vertices named $
                                                  v_1 , . . . ,
Not a real error.

! Preview: Snippet 89 ended.(338603+152916x2758260).
<-><->
      
l.228       v_n$
                 , where $n \geq 3$. Then the cycle $C_n$ is the graph with ...

Not a real error.

[89]
! Preview: Snippet 90 started.
<-><->
      
l.228       v_n$ , where $
                          n \geq 3$. Then the cycle $C_n$ is the graph with ...

Not a real error.

! Preview: Snippet 90 ended.(506811+106932x1893248).
<-><->
      
l.228       v_n$ , where $n \geq 3$
                                   . Then the cycle $C_n$ is the graph with ...

Not a real error.

[90]
! Preview: Snippet 91 started.
<-><->
      
l.228 ...v_n$ , where $n \geq 3$. Then the cycle $
                                                  C_n$ is the graph with these
Not a real error.

! Preview: Snippet 91 ended.(537395+117964x921693).
<-><->
      
l.228 ... , where $n \geq 3$. Then the cycle $C_n$
                                                   is the graph with these
Not a real error.

[91]
! Preview: Snippet 92 started.
<-><->
      
l.229       vertices and edges connecting $
                                           v_i$ to $v_i+1$ , plus an
Not a real error.

! Preview: Snippet 92 ended.(338603+117964x594702).
<-><->
      
l.229       vertices and edges connecting $v_i$
                                                to $v_i+1$ , plus an
Not a real error.

[92]
! Preview: Snippet 93 started.
<-><->
      
l.229 ... vertices and edges connecting $v_i$ to $
                                                  v_i+1$ , plus an
Not a real error.

! Preview: Snippet 93 ended.(506811+117964x1928162).
<-><->
      
l.229 ...ces and edges connecting $v_i$ to $v_i+1$
                                                   , plus an
Not a real error.

[93]
! Preview: Snippet 94 started.
<-><->
      
l.230       additional edge from $
                                  v_n$ to $v_1$. $n$ edges
Not a real error.

! Preview: Snippet 94 ended.(338603+117964x743044).
<-><->
      
l.230       additional edge from $v_n$
                                       to $v_1$. $n$ edges
Not a real error.

[94]
! Preview: Snippet 95 started.
<-><->
      
l.230       additional edge from $v_n$ to $
                                           v_1$. $n$ edges
Not a real error.

! Preview: Snippet 95 ended.(338603+117964x683576).
<-><->
      
l.230       additional edge from $v_n$ to $v_1$
                                               . $n$ edges
Not a real error.

[95]
! Preview: Snippet 96 started.
<-><->
      
l.230       additional edge from $v_n$ to $v_1$. $
                                                  n$ edges
Not a real error.

! Preview: Snippet 96 ended.(338603+0x459657).
<-><->
      
l.230 ... additional edge from $v_n$ to $v_1$. $n$
                                                   edges
Not a real error.

[96]
! Preview: Snippet 97 started.
<-><->
      
l.231     \item Wheels: The wheel $
                                   W_n$ is just like the cycle $C_n$ except
Not a real error.

! Preview: Snippet 97 ended.(537395+117964x1097755).
<-><->
      
l.231     \item Wheels: The wheel $W_n$
                                        is just like the cycle $C_n$ except
Not a real error.

[97]
! Preview: Snippet 98 started.
<-><->
      
l.231 ... The wheel $W_n$ is just like the cycle $
                                                  C_n$ except
Not a real error.

! Preview: Snippet 98 ended.(537395+117964x921693).
<-><->
      
l.231 ... wheel $W_n$ is just like the cycle $C_n$
                                                   except
Not a real error.

[98]
Missing character: There is no ‚ in font cmr12!
Missing character: There is no Ä in font cmr12!
Missing character: There is no ú in font cmr12!
Missing character: There is no ‚ in font cmr12!
Missing character: There is no Ä in font cmr12!
Missing character: There is no ù in font cmr12!

! Preview: Snippet 99 started.
<-><->
      
l.233       to all the others. Notice that $
                                            W_n$ has $n + 1$ nodes (not $n$ ...

Not a real error.

! Preview: Snippet 99 ended.(537395+117964x1097755).
<-><->
      
l.233       to all the others. Notice that $W_n$
                                                 has $n + 1$ nodes (not $n$ ...

Not a real error.

[99]
! Preview: Snippet 100 started.
<-><->
      
l.233 ...o all the others. Notice that $W_n$ has $
                                                  n + 1$ nodes (not $n$ node...

Not a real error.

! Preview: Snippet 100 ended.(506811+60072x1793117).
<-><->
      
l.233 ...the others. Notice that $W_n$ has $n + 1$
                                                   nodes (not $n$ nodes). It...

Not a real error.

[100]
! Preview: Snippet 101 started.
<-><->
      
l.233 ...otice that $W_n$ has $n + 1$ nodes (not $
                                                  n$ nodes). It has $2n$ edges.

Not a real error.

! Preview: Snippet 101 ended.(338603+0x459657).
<-><->
      
l.233 ...ice that $W_n$ has $n + 1$ nodes (not $n$
                                                   nodes). It has $2n$ edges.
Not a real error.

[101]
! Preview: Snippet 102 started.
<-><->
      
l.233 ...s $n + 1$ nodes (not $n$ nodes). It has $
                                                  2n$ edges.
Not a real error.

! Preview: Snippet 102 ended.(506811+0x844677).
<-><->
      
l.233 ...n + 1$ nodes (not $n$ nodes). It has $2n$
                                                   edges.
Not a real error.

[102]
! Preview: Snippet 103 started.
<-><->
      
l.234     \item Walk: a walk of length $
                                        k$ from vertex $a$ to vertex $b$ is a
Not a real error.

! Preview: Snippet 103 ended.(546132+0x426891).
<-><->
      
l.234     \item Walk: a walk of length $k$
                                           from vertex $a$ to vertex $b$ is a
Not a real error.

[103]
! Preview: Snippet 104 started.
<-><->
      
l.234 ... Walk: a walk of length $k$ from vertex $
                                                  a$ to vertex $b$ is a
Not a real error.

! Preview: Snippet 104 ended.(338603+0x404225).
<-><->
      
l.234 ...alk: a walk of length $k$ from vertex $a$
                                                   to vertex $b$ is a
Not a real error.

[104]
! Preview: Snippet 105 started.
<-><->
      
l.234 ...of length $k$ from vertex $a$ to vertex $
                                                  b$ is a
Not a real error.

! Preview: Snippet 105 ended.(546132+0x327402).
<-><->
      
l.234 ... length $k$ from vertex $a$ to vertex $b$
                                                   is a
Not a real error.

[105]
Missing character: There is no Ô in font cmr12!
Missing character: There is no ¨ in font cmr12!
Missing character: There is no Å in font cmr12!

! Preview: Snippet 106 started.
<-><->
      
l.235       Ô¨Ånite sequence of vertices $
                                          a = v1 , v2 , . . . , v_n = b$ and...

Not a real error.

! Preview: Snippet 106 ended.(546132+152916x6793947).
<-><->
      
l.235 ... vertices $a = v1 , v2 , . . . , v_n = b$
                                                   and $a$
Not a real error.

[106]
! Preview: Snippet 107 started.
<-><->
      
l.235 ...ces $a = v1 , v2 , . . . , v_n = b$ and $
                                                  a$
Not a real error.

! Preview: Snippet 107 ended.(338603+0x404225).
<-><->
      
l.235 ...s $a = v1 , v2 , . . . , v_n = b$ and $a$
                                                  
Not a real error.

[107]
Missing character: There is no Ô in font cmr12!
Missing character: There is no ¨ in font cmr12!
Missing character: There is no Å in font cmr12!

! Preview: Snippet 108 started.
<-><->
      
l.236       Ô¨Ånite sequence of edges $
                                       e_1 , e_2 , . . . , e_{n‚àí1}$ in whi...

Not a real error.

Missing character: There is no ‚ in font cmr8!
Missing character: There is no à in font cmr8!
Missing character: There is no í in font cmr8!
! Preview: Snippet 108 ended.(338603+152916x4019195).
<-><->
      
l.236 ... of edges $e_1 , e_2 , . . . , e_{n‚àí1}$
                                                   in which $e_i$ connects $...

Not a real error.

[108]
! Preview: Snippet 109 started.
<-><->
      
l.236 ...e_1 , e_2 , . . . , e_{n‚àí1}$ in which $
                                                  e_i$ connects $v_i$ and $v...

Not a real error.

! Preview: Snippet 109 ended.(338603+117964x579321).
<-><->
      
l.236 ..., e_2 , . . . , e_{n‚àí1}$ in which $e_i$
                                                   connects $v_i$ and $v_i+1...

Not a real error.

[109]
! Preview: Snippet 110 started.
<-><->
      
l.236 ... . , e_{n‚àí1}$ in which $e_i$ connects $
                                                  v_i$ and $v_i+1$ , for all...

Not a real error.

! Preview: Snippet 110 ended.(338603+117964x594702).
<-><->
      
l.236 ... e_{n‚àí1}$ in which $e_i$ connects $v_i$
                                                   and $v_i+1$ , for all $i$
Not a real error.

[110]
! Preview: Snippet 111 started.
<-><->
      
l.236 ...àí1}$ in which $e_i$ connects $v_i$ and $
                                                  v_i+1$ , for all $i$
Not a real error.

! Preview: Snippet 111 ended.(506811+117964x1928162).
<-><->
      
l.236 ...in which $e_i$ connects $v_i$ and $v_i+1$
                                                   , for all $i$
Not a real error.

[111]
! Preview: Snippet 112 started.
<-><->
      
l.236 ...i$ connects $v_i$ and $v_i+1$ , for all $
                                                  i$
Not a real error.

! Preview: Snippet 112 ended.(515577+0x262695).
<-><->
      
l.236 ... connects $v_i$ and $v_i+1$ , for all $i$
                                                  
Not a real error.

[112]
! Preview: Snippet 113 started.
<-><->
      
l.240 ...er Circuit: An Euler circuit of a graph $
                                                  G$ is a closed
Not a real error.

! Preview: Snippet 113 ended.(537395+0x607404).
<-><->
      
l.240 ... Circuit: An Euler circuit of a graph $G$
                                                   is a closed
Not a real error.

[113]
! Preview: Snippet 114 started.
<-><->
      
l.242     \item Bipartite: A graph $
                                    G = (V, E)$ is bipartite if we can split...

Not a real error.

! Preview: Snippet 114 ended.(589824+196608x3694935).
<-><->
      
l.242     \item Bipartite: A graph $G = (V, E)$
                                                is bipartite if we can split...

Not a real error.

[114]
! Preview: Snippet 115 started.
<-><->
      
l.242 ... = (V, E)$ is bipartite if we can split $
                                                  V$
Not a real error.

! Preview: Snippet 115 ended.(537395+0x620037).
<-><->
      
l.242 ... (V, E)$ is bipartite if we can split $V$
                                                  
Not a real error.

[115]
! Preview: Snippet 116 started.
<-><->
      
l.243       into two non-overlapping subsets $
                                              V_1$ and $V_2$ such that every...

Not a real error.

! Preview: Snippet 116 ended.(537395+117964x760217).
<-><->
      
l.243       into two non-overlapping subsets $V_1$
                                                   and $V_2$ such that every...

Not a real error.

[116]
! Preview: Snippet 117 started.
<-><->
      
l.243 ...o two non-overlapping subsets $V_1$ and $
                                                  V_2$ such that every edge ...

Not a real error.

! Preview: Snippet 117 ended.(537395+117964x760217).
<-><->
      
l.243 ...o non-overlapping subsets $V_1$ and $V_2$
                                                   such that every edge in $...

Not a real error.

[117]
! Preview: Snippet 118 started.
<-><->
      
l.243 ...$V_1$ and $V_2$ such that every edge in $
                                                  G$ connects an element of ...

Not a real error.

! Preview: Snippet 118 ended.(537395+0x607404).
<-><->
      
l.243 ..._1$ and $V_2$ such that every edge in $G$
                                                   connects an element of $V...

Not a real error.

[118]
! Preview: Snippet 119 started.
<-><->
      
l.243 ...very edge in $G$ connects an element of $
                                                  V_1$ with an element of $V...

Not a real error.

! Preview: Snippet 119 ended.(537395+117964x760217).
<-><->
      
l.243 ... edge in $G$ connects an element of $V_1$
                                                   with an element of $V_2$ .
Not a real error.

[119]
! Preview: Snippet 120 started.
<-><->
      
l.243 ... an element of $V_1$ with an element of $
                                                  V_2$ .
Not a real error.

! Preview: Snippet 120 ended.(537395+117964x760217).
<-><->
      
l.243 ...element of $V_1$ with an element of $V_2$
                                                   .
Not a real error.

[120]
! Preview: Snippet 121 started.
<-><->
      
l.246       \item $
                   Q_0$ is a single vertex with no edges
Not a real error.

! Preview: Snippet 121 ended.(537395+152916x921179).
<-><->
      
l.246       \item $Q_0$
                        is a single vertex with no edges
Not a real error.

[121]
! Preview: Snippet 122 started.
<-><->
      
l.247       \item $
                   Q_n$ consists of two copies of $Q_{n‚àí1}$ with edges joi...

Not a real error.

! Preview: Snippet 122 ended.(537395+152916x980647).
<-><->
      
l.247       \item $Q_n$
                        consists of two copies of $Q_{n‚àí1}$ with edges joi...

Not a real error.

[122]
! Preview: Snippet 123 started.
<-><->
      
l.247 ...  \item $Q_n$ consists of two copies of $
                                                  Q_{n‚àí1}$ with edges join...

Not a real error.

Missing character: There is no ‚ in font cmr8!
Missing character: There is no à in font cmr8!
Missing character: There is no í in font cmr8!
! Preview: Snippet 123 ended.(537395+152916x1259179).
<-><->
      
l.247 ..._n$ consists of two copies of $Q_{n‚àí1}$
                                                   with edges joining corres...

Not a real error.

[123]
! Preview: Snippet 124 started.
<-><->
      
l.268     \item Order of functions: $
                                     1 \prec \log{n} \prec n \prec n\log{n}\...

Not a real error.

! Preview: Snippet 124 ended.(649479+152916x13165213).
<-><->
      
l.268 ...rec n\log{n}\prec n^k \prec k^n \prec n!$
                                                  
Not a real error.

[124]
! Preview: Snippet 125 started.
<-><->
      
l.269     \item $
                 f(x)$ is  $O(g(X)$ iff there are positive real numbers $c$
Not a real error.

! Preview: Snippet 125 ended.(589824+196608x1500033).
<-><->
      
l.269     \item $f(x)$
                       is  $O(g(X)$ iff there are positive real numbers $c$
Not a real error.

[125]
! Preview: Snippet 126 started.
<-><->
      
l.269     \item $f(x)$ is  $
                            O(g(X)$ iff there are positive real numbers $c$
Not a real error.

! Preview: Snippet 126 ended.(589824+196608x2606114).
<-><->
      
l.269     \item $f(x)$ is  $O(g(X)$
                                    iff there are positive real numbers $c$
Not a real error.

[126]
! Preview: Snippet 127 started.
<-><->
      
l.269 ...X)$ iff there are positive real numbers $
                                                  c$
Not a real error.

! Preview: Snippet 127 ended.(338603+0x331407).
<-><->
      
l.269 ...$ iff there are positive real numbers $c$
                                                  
Not a real error.

[127]
! Preview: Snippet 128 started.
<-><->
      
l.270       and $
                 k$ s.t. $0 \leq f (x) \leq cg(x)$ for every $x \geq k$.
Not a real error.

! Preview: Snippet 128 ended.(546132+0x426891).
<-><->
      
l.270       and $k$
                    s.t. $0 \leq f (x) \leq cg(x)$ for every $x \geq k$.
Not a real error.

[128]
! Preview: Snippet 129 started.
<-><->
      
l.270       and $k$ s.t. $
                          0 \leq f (x) \leq cg(x)$ for every $x \geq k$.
Not a real error.

! Preview: Snippet 129 ended.(589824+196608x5747052).
<-><->
      
l.270       and $k$ s.t. $0 \leq f (x) \leq cg(x)$
                                                   for every $x \geq k$.
Not a real error.

[129]
! Preview: Snippet 130 started.
<-><->
      
l.270 ....t. $0 \leq f (x) \leq cg(x)$ for every $
                                                  x \geq k$.
Not a real error.

! Preview: Snippet 130 ended.(546132+106932x1913048).
<-><->
      
l.270 ...eq f (x) \leq cg(x)$ for every $x \geq k$
                                                  .
Not a real error.

[130]
! Preview: Snippet 131 started.
<-><->
      
l.271     \item $
                 g(x)$ is $\Omega(f (x))$ iff $f (x)$ is $O(g(x))$
Not a real error.

! Preview: Snippet 131 ended.(589824+196608x1433450).
<-><->
      
l.271     \item $g(x)$
                       is $\Omega(f (x))$ iff $f (x)$ is $O(g(x))$
Not a real error.

[131]
! Preview: Snippet 132 started.
<-><->
      
l.271     \item $g(x)$ is $
                           \Omega(f (x))$ iff $f (x)$ is $O(g(x))$
Not a real error.

! Preview: Snippet 132 ended.(589824+196608x2655093).
<-><->
      
l.271     \item $g(x)$ is $\Omega(f (x))$
                                          iff $f (x)$ is $O(g(x))$
Not a real error.

[132]
! Preview: Snippet 133 started.
<-><->
      
l.271     \item $g(x)$ is $\Omega(f (x))$ iff $
                                               f (x)$ is $O(g(x))$
Not a real error.

! Preview: Snippet 133 ended.(589824+196608x1500033).
<-><->
      
l.271 ...tem $g(x)$ is $\Omega(f (x))$ iff $f (x)$
                                                   is $O(g(x))$
Not a real error.

[133]
! Preview: Snippet 134 started.
<-><->
      
l.271 ...g(x)$ is $\Omega(f (x))$ iff $f (x)$ is $
                                                  O(g(x))$
Not a real error.

! Preview: Snippet 134 ended.(589824+196608x2642249).
<-><->
      
l.271 ... $\Omega(f (x))$ iff $f (x)$ is $O(g(x))$
                                                  
Not a real error.

[134]
! Preview: Snippet 135 started.
<-><->
      
l.272     \item $
                 f (x)$ is $\Theta(g(x))$ iff $g(x)$ is $O(f (x))$ and $f (x...

Not a real error.

! Preview: Snippet 135 ended.(589824+196608x1500033).
<-><->
      
l.272     \item $f (x)$
                        is $\Theta(g(x))$ iff $g(x)$ is $O(f (x))$ and $f (x...

Not a real error.

[135]
! Preview: Snippet 136 started.
<-><->
      
l.272     \item $f (x)$ is $
                            \Theta(g(x))$ iff $g(x)$ is $O(f (x))$ and $f (x...

Not a real error.

! Preview: Snippet 136 ended.(589824+196608x2631290).
<-><->
      
l.272     \item $f (x)$ is $\Theta(g(x))$
                                          iff $g(x)$ is $O(f (x))$ and $f (x...

Not a real error.

[136]
! Preview: Snippet 137 started.
<-><->
      
l.272     \item $f (x)$ is $\Theta(g(x))$ iff $
                                               g(x)$ is $O(f (x))$ and $f (x...

Not a real error.

! Preview: Snippet 137 ended.(589824+196608x1433450).
<-><->
      
l.272 ...item $f (x)$ is $\Theta(g(x))$ iff $g(x)$
                                                   is $O(f (x))$ and $f (x)$...

Not a real error.

[137]
! Preview: Snippet 138 started.
<-><->
      
l.272 ...$f (x)$ is $\Theta(g(x))$ iff $g(x)$ is $
                                                  O(f (x))$ and $f (x)$ is $...

Not a real error.

! Preview: Snippet 138 ended.(589824+196608x2708832).
<-><->
      
l.272 ...s $\Theta(g(x))$ iff $g(x)$ is $O(f (x))$
                                                   and $f (x)$ is $O(g(x))$
Not a real error.

[138]
! Preview: Snippet 139 started.
<-><->
      
l.272 ...eta(g(x))$ iff $g(x)$ is $O(f (x))$ and $
                                                  f (x)$ is $O(g(x))$
Not a real error.

! Preview: Snippet 139 ended.(589824+196608x1500033).
<-><->
      
l.272 ...x))$ iff $g(x)$ is $O(f (x))$ and $f (x)$
                                                   is $O(g(x))$
Not a real error.

[139]
! Preview: Snippet 140 started.
<-><->
      
l.272 ...iff $g(x)$ is $O(f (x))$ and $f (x)$ is $
                                                  O(g(x))$
Not a real error.

! Preview: Snippet 140 ended.(589824+196608x2642249).
<-><->
      
l.272 ...)$ is $O(f (x))$ and $f (x)$ is $O(g(x))$
                                                  
Not a real error.

[140]
! Preview: Snippet 141 started.
<-><->
      
l.280     \item Linear Search: $
                                O(n)$
Not a real error.

! Preview: Snippet 141 ended.(589824+196608x1668456).
<-><->
      
l.280     \item Linear Search: $O(n)$
                                     
Not a real error.

[141]
! Preview: Snippet 142 started.
<-><->
      
l.281     \item Binary search: $
                                O(\log{n})$
Not a real error.

! Preview: Snippet 142 ended.(589824+196608x2794161).
<-><->
      
l.281     \item Binary search: $O(\log{n})$
                                           
Not a real error.

[142]
! Preview: Snippet 143 started.
<-><->
      
l.282     \item Bubble sort: $
                              O(n^2)$
Not a real error.

! Preview: Snippet 143 ended.(623265+196608x1979756).
<-><->
      
l.282     \item Bubble sort: $O(n^2)$
                                     
Not a real error.

[143]
! Preview: Snippet 144 started.
<-><->
      
l.283     \item Insertion sort: $
                                 O(n^2)$
Not a real error.

! Preview: Snippet 144 ended.(623265+196608x1979756).
<-><->
      
l.283     \item Insertion sort: $O(n^2)$
                                        
Not a real error.

[144]
! Preview: Snippet 145 started.
<-><->
      
l.285     \item Merge: $
                        O(n)$
Not a real error.

! Preview: Snippet 145 ended.(589824+196608x1668456).
<-><->
      
l.285     \item Merge: $O(n)$
                             
Not a real error.

[145]
! Preview: Snippet 146 started.
<-><->
      
l.286     \item Mergesort: $
                            O(n\log{n})$
Not a real error.

! Preview: Snippet 146 ended.(589824+196608x3384888).
<-><->
      
l.286     \item Mergesort: $O(n\log{n})$
                                        
Not a real error.

[146]
! Preview: Snippet 147 started.
<-><->
      
l.287     \item Tower of Hanoi: $
                                 O(2^n)$
Not a real error.

! Preview: Snippet 147 ended.(589824+196608x1964587).
<-><->
      
l.287     \item Tower of Hanoi: $O(2^n)$
                                        
Not a real error.

[147]
! Preview: Snippet 148 started.
<-><->
      
l.288 ...em Anatolii Karatsuba's Multiplication: $
                                                  O(n^{\log_2 3} )$
Not a real error.

! Preview: Snippet 148 ended.(649479+196608x3065204).
<-><->
      
l.288 ...suba's Multiplication: $O(n^{\log_2 3} )$
                                                  
Not a real error.

[148]
! Preview: Snippet 149 started.
<-><->
      
l.294     \item Powersets($
                           \mathbb{P}$): set of all subsets of $S$, includin...

Not a real error.

! Preview: Snippet 149 ended.(541764+0x480598).
<-><->
      
l.294     \item Powersets($\mathbb{P}$
                                      ): set of all subsets of $S$, includin...

Not a real error.

[149]
! Preview: Snippet 150 started.
<-><->
      
l.294 ...ts($\mathbb{P}$): set of all subsets of $
                                                  S$, including the empty se...

Not a real error.

! Preview: Snippet 150 ended.(537395+0x519368).
<-><->
      
l.294 ...($\mathbb{P}$): set of all subsets of $S$
                                                  , including the empty set ...

Not a real error.

[150]
! Preview: Snippet 151 started.
<-><->
      
l.294 ...ets of $S$, including the empty set and $
                                                  S$ itself.
Not a real error.

! Preview: Snippet 151 ended.(537395+0x519368).
<-><->
      
l.294 ...s of $S$, including the empty set and $S$
                                                   itself.
Not a real error.

[151]
! Preview: Snippet 152 started.
<-><->
      
l.295     \item Partitions: A set $
                                   A$ is a collection of non-empty subsets
Not a real error.

! Preview: Snippet 152 ended.(537395+0x577257).
<-><->
      
l.295     \item Partitions: A set $A$
                                      is a collection of non-empty subsets
Not a real error.

[152]
! Preview: Snippet 153 started.
<-><->
      
l.296       of $
                A$ which cover all the elements of $A$ and which don‚Äôt
Not a real error.

! Preview: Snippet 153 ended.(537395+0x577257).
<-><->
      
l.296       of $A$
                   which cover all the elements of $A$ and which don‚Äôt
Not a real error.

[153]
! Preview: Snippet 154 started.
<-><->
      
l.296 ... of $A$ which cover all the elements of $
                                                  A$ and which don‚Äôt
Not a real error.

! Preview: Snippet 154 ended.(537395+0x577257).
<-><->
      
l.296 ...f $A$ which cover all the elements of $A$
                                                   and which don‚Äôt
Not a real error.

[154]
Missing character: There is no ‚ in font cmr12!
Missing character: There is no Ä in font cmr12!
Missing character: There is no ô in font cmr12!

! Preview: Snippet 155 started.
<-><->
      
l.299       \item covers all of $
                                 A$: $\cup_{x \in p}$ $X=A$
Not a real error.

! Preview: Snippet 155 ended.(537395+0x577257).
<-><->
      
l.299       \item covers all of $A$
                                   : $\cup_{x \in p}$ $X=A$
Not a real error.

[155]
! Preview: Snippet 156 started.
<-><->
      
l.299       \item covers all of $A$: $
                                      \cup_{x \in p}$ $X=A$
Not a real error.

! Preview: Snippet 156 ended.(436908+219909x1522421).
<-><->
      
l.299 ...\item covers all of $A$: $\cup_{x \in p}$
                                                   $X=A$
Not a real error.

[156]
! Preview: Snippet 157 started.
<-><->
      
l.299 ...tem covers all of $A$: $\cup_{x \in p}$ $
                                                  X=A$
Not a real error.

! Preview: Snippet 157 ended.(537395+0x2313988).
<-><->
      
l.299 ...covers all of $A$: $\cup_{x \in p}$ $X=A$
                                                  
Not a real error.

[157]
! Preview: Snippet 158 started.
<-><->
      
l.300       \item non-empty: $
                              A_i \neq \emptyset$ for all $X \in P$
Not a real error.

! Preview: Snippet 158 ended.(589824+152916x2228720).
<-><->
      
l.300       \item non-empty: $A_i \neq \emptyset$
                                                  for all $X \in P$
Not a real error.

[158]
! Preview: Snippet 159 started.
<-><->
      
l.300 ...non-empty: $A_i \neq \emptyset$ for all $
                                                  X \in P$
Not a real error.

! Preview: Snippet 159 ended.(537395+30747x2265391).
<-><->
      
l.300 ...y: $A_i \neq \emptyset$ for all $X \in P$
                                                  
Not a real error.

[159]
! Preview: Snippet 160 started.
<-><->
      
l.301       \item no overlap: $
                               X \cap Y = \emptyset$ for all $X, Y \in P,X \...

Not a real error.

! Preview: Snippet 160 ended.(589824+43690x3621655).
<-><->
      
l.301 ... \item no overlap: $X \cap Y = \emptyset$
                                                   for all $X, Y \in P,X \ne...

Not a real error.

[160]
! Preview: Snippet 161 started.
<-><->
      
l.301 ...overlap: $X \cap Y = \emptyset$ for all $
                                                  X, Y \in P,X \neq Y$
Not a real error.

! Preview: Snippet 161 ended.(546133+152916x5799518).
<-><->
      
l.301 ... \emptyset$ for all $X, Y \in P,X \neq Y$
                                                  
Not a real error.

[161]
! Preview: Snippet 162 started.
<-><->
      
l.307     \item Two sets $
                          A$ and $B$ have the same cardinality $(|A| =
Not a real error.

! Preview: Snippet 162 ended.(537395+0x577257).
<-><->
      
l.307     \item Two sets $A$
                             and $B$ have the same cardinality $(|A| =
Not a real error.

[162]
! Preview: Snippet 163 started.
<-><->
      
l.307     \item Two sets $A$ and $
                                  B$ have the same cardinality $(|A| =
Not a real error.

! Preview: Snippet 163 ended.(537395+0x624680).
<-><->
      
l.307     \item Two sets $A$ and $B$
                                     have the same cardinality $(|A| =
Not a real error.

[163]
! Preview: Snippet 164 started.
<-><->
      
l.307 ...s $A$ and $B$ have the same cardinality $
                                                  (|A| =
Not a real error.

! Preview: Snippet 164 ended.(589824+196608x3710493).
<-><->
      
l.308       |B|)$
                  iff there is a bijection from $A$ to $B$
Not a real error.

[164]
! Preview: Snippet 165 started.
<-><->
      
l.308       |B|)$ iff there is a bijection from $
                                                 A$ to $B$
Not a real error.

! Preview: Snippet 165 ended.(537395+0x577257).
<-><->
      
l.308 ...  |B|)$ iff there is a bijection from $A$
                                                   to $B$
Not a real error.

[165]
! Preview: Snippet 166 started.
<-><->
      
l.308 ...)$ iff there is a bijection from $A$ to $
                                                  B$
Not a real error.

! Preview: Snippet 166 ended.(537395+0x624680).
<-><->
      
l.308 ... iff there is a bijection from $A$ to $B$
                                                  
Not a real error.

[166]
Missing character: There is no Ô in font cmr12!
Missing character: There is no ¨ in font cmr12!
Missing character: There is no Å in font cmr12!

! Preview: Snippet 167 started.
<-><->
      
l.309     \item An inÔ¨Ånite set $
                                  A$ is countable iff there is a bijection f...

Not a real error.

! Preview: Snippet 167 ended.(537395+0x577257).
<-><->
      
l.309     \item An inÔ¨Ånite set $A$
                                     is countable iff there is a bijection f...

Not a real error.

[167]
! Preview: Snippet 168 started.
<-><->
      
l.309 ...countable iff there is a bijection from $
                                                  \mathbb{N}$ onto $A$
Not a real error.

! Preview: Snippet 168 ended.(541764+0x567980).
<-><->
      
l.309 ...ff there is a bijection from $\mathbb{N}$
                                                   onto $A$
Not a real error.

[168]
! Preview: Snippet 169 started.
<-><->
      
l.309 ...e is a bijection from $\mathbb{N}$ onto $
                                                  A$
Not a real error.

! Preview: Snippet 169 ended.(537395+0x577257).
<-><->
      
l.309 ...is a bijection from $\mathbb{N}$ onto $A$
                                                  
Not a real error.

[169]
Missing character: There is no Ô in font cmr12!
Missing character: There is no ¨ in font cmr12!
Missing character: There is no Å in font cmr12!

! Preview: Snippet 170 started.
<-><->
      
l.310 ...hroeder Bernstein Theorem: DeÔ¨Ånition: $
                                                  |A| \leq |B|$ iff
Not a real error.

! Preview: Snippet 170 ended.(589824+196608x3124324).
<-><->
      
l.310 ...tein Theorem: DeÔ¨Ånition: $|A| \leq |B|$
                                                   iff
Not a real error.

[170]
! Preview: Snippet 171 started.
<-><->
      
l.311       there is a one-to-one function from $
                                                 A$ to $B$
Not a real error.

! Preview: Snippet 171 ended.(537395+0x577257).
<-><->
      
l.311 ...  there is a one-to-one function from $A$
                                                   to $B$
Not a real error.

[171]
! Preview: Snippet 172 started.
<-><->
      
l.311 ...re is a one-to-one function from $A$ to $
                                                  B$
Not a real error.

! Preview: Snippet 172 ended.(537395+0x624680).
<-><->
      
l.311 ... is a one-to-one function from $A$ to $B$
                                                  
Not a real error.

[172]
! Preview: Snippet 173 started.
<-><->
      
l.317     \item Colorability: Always $
                                      4$ colorable
Not a real error.

! Preview: Snippet 173 ended.(506811+0x385020).
<-><->
      
l.317     \item Colorability: Always $4$
                                         colorable
Not a real error.

[173]
! Preview: Snippet 174 started.
<-><->
      
l.320     \item $
                 K_{3,3}$ is not planar
Not a real error.

! Preview: Snippet 174 ended.(537395+219909x1399700).
<-><->
      
l.320     \item $K_{3,3}$
                          is not planar
Not a real error.

[174]
! Preview: Snippet 175 started.
<-><->
      
l.321     \item $
                 K_5$ is not planar
Not a real error.

! Preview: Snippet 175 ended.(537395+117964x966428).
<-><->
      
l.321     \item $K_5$
                      is not planar
Not a real error.

[175]
Missing character: There is no ‚ in font cmr12!
Missing character: There is no Ä in font cmr12!
Missing character: There is no ô in font cmr12!

! Preview: Snippet 176 started.
<-><->
      
l.322 ... it contains a subgraph homeomorphic to $
                                                  K_{3,3}$ or $K_5$ .
Not a real error.

! Preview: Snippet 176 ended.(537395+219909x1399700).
<-><->
      
l.322 ...ains a subgraph homeomorphic to $K_{3,3}$
                                                   or $K_5$ .
Not a real error.

[176]
! Preview: Snippet 177 started.
<-><->
      
l.322 ...a subgraph homeomorphic to $K_{3,3}$ or $
                                                  K_5$ .
Not a real error.

! Preview: Snippet 177 ended.(537395+117964x966428).
<-><->
      
l.322 ...bgraph homeomorphic to $K_{3,3}$ or $K_5$
                                                   .
Not a real error.

[177]
Missing character: There is no ‚ in font cmr12!
Missing character: There is no Ä in font cmr12!
Missing character: There is no ô in font cmr12!

! Preview: Snippet 178 started.
<-><->
      
l.323     \item Euler‚Äôs formula: $
                                    v ‚àí e + f = 2$
Not a real error.

Missing character: There is no ‚ in font cmr12!
Missing character: There is no à in font cmr12!
Missing character: There is no í in font cmr12!
! Preview: Snippet 178 ended.(546132+152916x3590195).
<-><->
      
l.323 ...item Euler‚Äôs formula: $v ‚àí e + f = 2$
                                                  
Not a real error.

[178]
! Preview: Snippet 179 started.
<-><->
      
l.324 ...theorem (degrees): sum of vertex degrees$
                                                  = 2e$
Not a real error.

! Preview: Snippet 179 ended.(506811+0x1559285).
<-><->
      
l.324 ...em (degrees): sum of vertex degrees$= 2e$
                                                  
Not a real error.

[179]
! Preview: Snippet 180 started.
<-><->
      
l.325 ...ng theorem (faces): sum of face degrees $
                                                  = 2e$
Not a real error.

! Preview: Snippet 180 ended.(506811+0x1559285).
<-><->
      
l.325 ...eorem (faces): sum of face degrees $= 2e$
                                                  
Not a real error.

[180] ) 
Here is how much of TeX's memory you used:
 173 strings out of 491506
 2351 string characters out of 3122946
 93761 words of memory out of 3000000
 5569 multiletter control sequences out of 15000+200000
 10678 words of font info for 40 fonts, out of 3000000 for 9000
 831 hyphenation exceptions out of 8191
 22i,10n,22p,173b,365s stack positions out of 5000i,500n,10000p,200000b,50000s

Output written on review.dvi (180 pages, 23884 bytes).
