This is pdfTeX, Version 3.1415926-2.3-1.40.12 (TeX Live 2012/dev/Arch Linux) (format=latex 2011.11.12)  15 NOV 2011 22:05
entering extended mode
 restricted \write18 enabled.
 %&-line parsing enabled.
**review.dvi
(./review.dvi
LaTeX2e <2009/09/24>
Babel <v3.8l> and hyphenation patterns for english, dumylang, nohyphenation, ge
rman-x-2009-06-19, ngerman-x-2009-06-19, afrikaans, ancientgreek, ibycus, arabi
c, armenian, basque, bulgarian, catalan, pinyin, coptic, croatian, czech, danis
h, dutch, ukenglish, usenglishmax, esperanto, estonian, ethiopic, farsi, finnis
h, french, galician, german, ngerman, swissgerman, monogreek, greek, hungarian,
 icelandic, assamese, bengali, gujarati, hindi, kannada, malayalam, marathi, or
iya, panjabi, tamil, telugu, indonesian, interlingua, irish, italian, kurmanji,
 lao, latin, latvian, lithuanian, mongolian, mongolianlmc, bokmal, nynorsk, pol
ish, portuguese, romanian, russian, sanskrit, serbian, serbianc, slovak, sloven
ian, spanish, swedish, turkish, turkmen, ukrainian, uppersorbian, welsh, loaded
.

! LaTeX Error: Missing \begin{document}.

See the LaTeX manual or LaTeX Companion for explanation.
Type  H <return>  for immediate help.
 ...                                              
                                                  
l.1 ÷
     ^^B^^Aƒ’À^^\;^^@^^@^^@^^@^^Cè^^[ TeX output 2011.11.15:0142‹^^@^^@^^@^^...

? 
! Interruption.
\GenericError  ...                                
                                                  \endgroup 
l.1 ÷
     ^^B^^Aƒ’À^^\;^^@^^@^^@^^@^^Cè^^[ TeX output 2011.11.15:0142‹^^@^^@^^@^^...

? 
Missing character: There is no ÷ in font nullfont!
! Text line contains an invalid character.
l.1 ÷^^B
        ^^Aƒ’À^^\;^^@^^@^^@^^@^^Cè^^[ TeX output 2011.11.15:0142‹^^@^^@^^@^^...

? 
! Text line contains an invalid character.
l.1 ÷^^B^^A
           ƒ’À^^\;^^@^^@^^@^^@^^Cè^^[ TeX output 2011.11.15:0142‹^^@^^@^^@^^...

? 
Missing character: There is no ƒ in font nullfont!
Missing character: There is no ’ in font nullfont!
Missing character: There is no À in font nullfont!
! Text line contains an invalid character.
l.1 ÷^^B^^Aƒ’À^^\
                 ;^^@^^@^^@^^@^^Cè^^[ TeX output 2011.11.15:0142‹^^@^^@^^@^^...

? 
Missing character: There is no ; in font nullfont!
! Text line contains an invalid character.
l.1 ÷^^B^^Aƒ’À^^\;^^@
                     ^^@^^@^^@^^Cè^^[ TeX output 2011.11.15:0142‹^^@^^@^^@^^...

? 
! Text line contains an invalid character.
l.1 ÷^^B^^Aƒ’À^^\;^^@^^@
                        ^^@^^@^^Cè^^[ TeX output 2011.11.15:0142‹^^@^^@^^@^^...

? 
! Text line contains an invalid character.
l.1 ÷^^B^^Aƒ’À^^\;^^@^^@^^@
                           ^^@^^Cè^^[ TeX output 2011.11.15:0142‹^^@^^@^^@^^...

? 
! Text line contains an invalid character.
l.1 ÷^^B^^Aƒ’À^^\;^^@^^@^^@^^@
                              ^^Cè^^[ TeX output 2011.11.15:0142‹^^@^^@^^@^^...

? 
! Text line contains an invalid character.
l.1 ÷^^B^^Aƒ’À^^\;^^@^^@^^@^^@^^C
                                 è^^[ TeX output 2011.11.15:0142‹^^@^^@^^@^^...

? 
! Interruption.
<to be read again> 
                   è
l.1 ÷^^B^^Aƒ’À^^\;^^@^^@^^@^^@^^Cè
                                  ^^[ TeX output 2011.11.15:0142‹^^@^^@^^@^^...

? 
Missing character: There is no è in font nullfont!
! Text line contains an invalid character.
l.1 ÷^^B^^Aƒ’À^^\;^^@^^@^^@^^@^^Cè^^[
                                      TeX output 2011.11.15:0142‹^^@^^@^^@^^...

? 
Missing character: There is no T in font nullfont!
Missing character: There is no e in font nullfont!
Missing character: There is no X in font nullfont!
Missing character: There is no o in font nullfont!
Missing character: There is no u in font nullfont!
Missing character: There is no t in font nullfont!
Missing character: There is no p in font nullfont!
Missing character: There is no u in font nullfont!
Missing character: There is no t in font nullfont!
Missing character: There is no 2 in font nullfont!
Missing character: There is no 0 in font nullfont!
Missing character: There is no 1 in font nullfont!
Missing character: There is no 1 in font nullfont!
Missing character: There is no . in font nullfont!
Missing character: There is no 1 in font nullfont!
Missing character: There is no 1 in font nullfont!
Missing character: There is no . in font nullfont!
Missing character: There is no 1 in font nullfont!
Missing character: There is no 5 in font nullfont!
Missing character: There is no : in font nullfont!
Missing character: There is no 0 in font nullfont!
Missing character: There is no 1 in font nullfont!
Missing character: There is no 4 in font nullfont!
Missing character: There is no 2 in font nullfont!
Missing character: There is no ‹ in font nullfont!
! Text line contains an invalid character.
l.1 ...^@^^@^^Cè^^[ TeX output 2011.11.15:0142‹^^@
                                                  ^^@^^@^^A^^@^^@^^@^^@^^@^^...

? 
! Text line contains an invalid character.
l.1 ...^@^^Cè^^[ TeX output 2011.11.15:0142‹^^@^^@
                                                  ^^@^^A^^@^^@^^@^^@^^@^^@^^...

? 
! Text line contains an invalid character.
l.1 ...^Cè^^[ TeX output 2011.11.15:0142‹^^@^^@^^@
                                                  ^^A^^@^^@^^@^^@^^@^^@^^@^^...

? 
! Text line contains an invalid character.
l.1 ...^^[ TeX output 2011.11.15:0142‹^^@^^@^^@^^A
                                                  ^^@^^@^^@^^@^^@^^@^^@^^@^^...

? 
! Text line contains an invalid character.
l.1 ... TeX output 2011.11.15:0142‹^^@^^@^^@^^A^^@
                                                  ^^@^^@^^@^^@^^@^^@^^@^^@^^...

? 
! Text line contains an invalid character.
l.1 ...X output 2011.11.15:0142‹^^@^^@^^@^^A^^@^^@
                                                  ^^@^^@^^@^^@^^@^^@^^@^^@^^...

? 
! Text line contains an invalid character.
l.1 ...utput 2011.11.15:0142‹^^@^^@^^@^^A^^@^^@^^@
                                                  ^^@^^@^^@^^@^^@^^@^^@^^@^^...

? 
! Text line contains an invalid character.
l.1 ...ut 2011.11.15:0142‹^^@^^@^^@^^A^^@^^@^^@^^@
                                                  ^^@^^@^^@^^@^^@^^@^^@^^@^^...

? 
! Text line contains an invalid character.
l.1 ...2011.11.15:0142‹^^@^^@^^@^^A^^@^^@^^@^^@^^@
                                                  ^^@^^@^^@^^@^^@^^@^^@^^@^^...

? 
! Text line contains an invalid character.
l.1 ...1.11.15:0142‹^^@^^@^^@^^A^^@^^@^^@^^@^^@^^@
                                                  ^^@^^@^^@^^@^^@^^@^^@^^@^^...

? 
! Text line contains an invalid character.
l.1 ...1.15:0142‹^^@^^@^^@^^A^^@^^@^^@^^@^^@^^@^^@
                                                  ^^@^^@^^@^^@^^@^^@^^@^^@^^...

? 
! Text line contains an invalid character.
l.1 ...5:0142‹^^@^^@^^@^^A^^@^^@^^@^^@^^@^^@^^@^^@
                                                  ^^@^^@^^@^^@^^@^^@^^@^^@^^...

? 
! Text line contains an invalid character.
l.1 ...142‹^^@^^@^^@^^A^^@^^@^^@^^@^^@^^@^^@^^@^^@
                                                  ^^@^^@^^@^^@^^@^^@^^@^^@^^...

? 
! Text line contains an invalid character.
l.1 ...‹^^@^^@^^@^^A^^@^^@^^@^^@^^@^^@^^@^^@^^@^^@
                                                  ^^@^^@^^@^^@^^@^^@^^@^^@^^...

? 
! Text line contains an invalid character.
l.1 ...@^^@^^@^^A^^@^^@^^@^^@^^@^^@^^@^^@^^@^^@^^@
                                                  ^^@^^@^^@^^@^^@^^@^^@^^@^^...

? 
! Text line contains an invalid character.
l.1 ...@^^@^^A^^@^^@^^@^^@^^@^^@^^@^^@^^@^^@^^@^^@
                                                  ^^@^^@^^@^^@^^@^^@^^@^^@^^...

? 
! Text line contains an invalid character.
l.1 ...@^^A^^@^^@^^@^^@^^@^^@^^@^^@^^@^^@^^@^^@^^@
                                                  ^^@^^@^^@^^@^^@^^@^^@^^@^^...

? 
! Text line contains an invalid character.
l.1 ...A^^@^^@^^@^^@^^@^^@^^@^^@^^@^^@^^@^^@^^@^^@
                                                  ^^@^^@^^@^^@^^@^^@^^@^^@^^...

? 
! Text line contains an invalid character.
l.1 ...@^^@^^@^^@^^@^^@^^@^^@^^@^^@^^@^^@^^@^^@^^@
                                                  ^^@^^@^^@^^@^^@^^@^^@^^@^^...

? 
! Text line contains an invalid character.
l.1 ...@^^@^^@^^@^^@^^@^^@^^@^^@^^@^^@^^@^^@^^@^^@
                                                  ^^@^^@^^@^^@^^@^^@^^@^^@^^...

? 
! Text line contains an invalid character.
l.1 ...@^^@^^@^^@^^@^^@^^@^^@^^@^^@^^@^^@^^@^^@^^@
                                                  ^^@^^@^^@^^@^^@^^@^^@^^@^^...

? 
! Text line contains an invalid character.
l.1 ...@^^@^^@^^@^^@^^@^^@^^@^^@^^@^^@^^@^^@^^@^^@
                                                  ^^@^^@^^@^^@^^@^^@^^@^^@^^...

? 
! Text line contains an invalid character.
l.1 ...@^^@^^@^^@^^@^^@^^@^^@^^@^^@^^@^^@^^@^^@^^@
                                                  ^^@^^@^^@^^@^^@^^@^^@^^@^^...

? 
! Text line contains an invalid character.
l.1 ...@^^@^^@^^@^^@^^@^^@^^@^^@^^@^^@^^@^^@^^@^^@
                                                  ^^@^^@^^@^^@^^@^^@^^@^^@^^...

? 
! Text line contains an invalid character.
l.1 ...@^^@^^@^^@^^@^^@^^@^^@^^@^^@^^@^^@^^@^^@^^@
                                                  ^^@^^@^^@^^@^^@^^@^^@^^@^^...

? 
! Text line contains an invalid character.
l.1 ...@^^@^^@^^@^^@^^@^^@^^@^^@^^@^^@^^@^^@^^@^^@
                                                  ^^@^^@^^@^^@^^@^^@^^@^^@^^...

? 
! Text line contains an invalid character.
l.1 ...@^^@^^@^^@^^@^^@^^@^^@^^@^^@^^@^^@^^@^^@^^@
                                                  ^^@^^@^^@^^@^^@^^@^^@^^@^^...

? 
! Text line contains an invalid character.
l.1 ...@^^@^^@^^@^^@^^@^^@^^@^^@^^@^^@^^@^^@^^@^^@
                                                  ^^@^^@^^@^^@^^@^^@^^@^^@^^...

? 
! Text line contains an invalid character.
l.1 ...@^^@^^@^^@^^@^^@^^@^^@^^@^^@^^@^^@^^@^^@^^@
                                                  ^^@^^@^^@^^@^^@^^@^^@^^@^^...

? 
! Text line contains an invalid character.
l.1 ...@^^@^^@^^@^^@^^@^^@^^@^^@^^@^^@^^@^^@^^@^^@
                                                  ^^@^^@^^@^^@^^@^^@^^@^^@^^...

? 
! Text line contains an invalid character.
l.1 ...@^^@^^@^^@^^@^^@^^@^^@^^@^^@^^@^^@^^@^^@^^@
                                                  ^^@^^@^^@^^@^^@^^@^^@^^@^^...

? 
! Text line contains an invalid character.
l.1 ...@^^@^^@^^@^^@^^@^^@^^@^^@^^@^^@^^@^^@^^@^^@
                                                  ^^@^^@^^@^^@^^@^^@^^@^^@ÿÿ...

? 
! Text line contains an invalid character.
l.1 ...@^^@^^@^^@^^@^^@^^@^^@^^@^^@^^@^^@^^@^^@^^@
                                                  ^^@^^@^^@^^@^^@^^@^^@ÿÿÿÿï...

? 
! Text line contains an invalid character.
l.1 ...@^^@^^@^^@^^@^^@^^@^^@^^@^^@^^@^^@^^@^^@^^@
                                                  ^^@^^@^^@^^@^^@^^@ÿÿÿÿï^^_...

? 
! Text line contains an invalid character.
l.1 ...@^^@^^@^^@^^@^^@^^@^^@^^@^^@^^@^^@^^@^^@^^@
                                                  ^^@^^@^^@^^@^^@ÿÿÿÿï^^_pap...

? 
! Text line contains an invalid character.
l.1 ...@^^@^^@^^@^^@^^@^^@^^@^^@^^@^^@^^@^^@^^@^^@
                                                  ^^@^^@^^@^^@ÿÿÿÿï^^_papers...

? 
! Text line contains an invalid character.
l.1 ...@^^@^^@^^@^^@^^@^^@^^@^^@^^@^^@^^@^^@^^@^^@
                                                  ^^@^^@^^@ÿÿÿÿï^^_papersize...

? 
! Text line contains an invalid character.
l.1 ...@^^@^^@^^@^^@^^@^^@^^@^^@^^@^^@^^@^^@^^@^^@
                                                  ^^@^^@ÿÿÿÿï^^_papersize=61...

? 
! Text line contains an invalid character.
l.1 ...@^^@^^@^^@^^@^^@^^@^^@^^@^^@^^@^^@^^@^^@^^@
                                                  ^^@ÿÿÿÿï^^_papersize=614.2...

? 
! Text line contains an invalid character.
l.1 ...@^^@^^@^^@^^@^^@^^@^^@^^@^^@^^@^^@^^@^^@^^@
                                                  ÿÿÿÿï^^_papersize=614.295p...

? 
Missing character: There is no ÿ in font nullfont!
Missing character: There is no ÿ in font nullfont!
Missing character: There is no ÿ in font nullfont!
Missing character: There is no ÿ in font nullfont!
Missing character: There is no ï in font nullfont!
! Text line contains an invalid character.
l.1 ...^@^^@^^@^^@^^@^^@^^@^^@^^@^^@^^@^^@ÿÿÿÿï^^_
                                                  papersize=614.295pt,794.96...

? 
Missing character: There is no p in font nullfont!
Missing character: There is no a in font nullfont!
Missing character: There is no p in font nullfont!
Missing character: There is no e in font nullfont!
Missing character: There is no r in font nullfont!
Missing character: There is no s in font nullfont!
Missing character: There is no i in font nullfont!
Missing character: There is no z in font nullfont!
Missing character: There is no e in font nullfont!
Missing character: There is no = in font nullfont!
Missing character: There is no 6 in font nullfont!
Missing character: There is no 1 in font nullfont!
Missing character: There is no 4 in font nullfont!
Missing character: There is no . in font nullfont!
Missing character: There is no 2 in font nullfont!
Missing character: There is no 9 in font nullfont!
Missing character: There is no 5 in font nullfont!
Missing character: There is no p in font nullfont!
Missing character: There is no t in font nullfont!
Missing character: There is no , in font nullfont!
Missing character: There is no 7 in font nullfont!
Missing character: There is no 9 in font nullfont!
Missing character: There is no 4 in font nullfont!
Missing character: There is no . in font nullfont!
Missing character: There is no 9 in font nullfont!
Missing character: There is no 6 in font nullfont!
Missing character: There is no 9 in font nullfont!
Missing character: There is no 9 in font nullfont!
Missing character: There is no 9 in font nullfont!
Missing character: There is no p in font nullfont!
Missing character: There is no t in font nullfont!
Missing character: There is no   in font nullfont!
! Text line contains an invalid character.
l.1 ...ÿÿÿÿï^^_papersize=614.295pt,794.96999pt ^^B
                                                  Ì¤ ı!^^^U ^^BÀ¡ë ıMÅ0’...

? 
Missing character: There is no Ì in font nullfont!
Missing character: There is no  in font nullfont!
Missing character: There is no ¤ in font nullfont!
Missing character: There is no  in font nullfont!
Missing character: There is no   in font nullfont!
Missing character: There is no ı in font nullfont!
Missing character: There is no ! in font nullfont!
! Missing $ inserted.
<inserted text> 
                $
l.1 ...papersize=614.295pt,794.96999pt ^^BÌ¤ ı!^
                                                  ^^U ^^BÀ¡ë ıMÅ0’^^@¡?Ôó^...

? 
LaTeX Font Info:    External font `cmex10' loaded for size
(Font)              <7> on input line 1.
LaTeX Font Info:    External font `cmex10' loaded for size
(Font)              <5> on input line 1.
! Text line contains an invalid character.
l.1 ...ersize=614.295pt,794.96999pt ^^BÌ¤ ı!^^^U
                                                   ^^BÀ¡ë ıMÅ0’^^@¡?Ôó^^PÂ...

? 
! Text line contains an invalid character.
l.1 ...ze=614.295pt,794.96999pt ^^BÌ¤ ı!^^^U ^^B
                                                  À¡ë ıMÅ0’^^@¡?Ôó^^PÂÖN ^...

? 
! Text line contains an invalid character.
l.1 ...94.96999pt ^^BÌ¤ ı!^^^U ^^BÀ¡ë ıMÅ0’^^@
                                                  ¡?Ôó^^PÂÖN ^^@^^T½q^^@^^L^...

? 
! Text line contains an invalid character.
l.1 ...9pt ^^BÌ¤ ı!^^^U ^^BÀ¡ë ıMÅ0’^^@¡?Ôó^^P
                                                  ÂÖN ^^@^^T½q^^@^^L^^@^^@^^...

? 
! Text line contains an invalid character.
l.1 ...Ì¤ ı!^^^U ^^BÀ¡ë ıMÅ0’^^@¡?Ôó^^PÂÖN ^^@
                                                  ^^T½q^^@^^L^^@^^@^^@^^Fcmb...

? 
! Text line contains an invalid character.
l.1 ... ı!^^^U ^^BÀ¡ë ıMÅ0’^^@¡?Ôó^^PÂÖN ^^@^^T
                                                  ½q^^@^^L^^@^^@^^@^^Fcmbx12...

? 
! Text line contains an invalid character.
l.1 ...^^U ^^BÀ¡ë ıMÅ0’^^@¡?Ôó^^PÂÖN ^^@^^T½q^^@
                                                  ^^L^^@^^@^^@^^Fcmbx12»CS23...

? 
! Missing $ inserted.
<inserted text> 
                $
l.1 ... ^^BÀ¡ë ıMÅ0’^^@¡?Ôó^^PÂÖN ^^@^^T½q^^@^^L
                                                  ^^@^^@^^@^^Fcmbx12»CS232‘^^GÇ

? 
Missing character: There is no   in font cmr7!
Missing character: There is no À in font cmr10!
Missing character: There is no ¡ in font cmr10!
Missing character: There is no ë in font cmr10!
Missing character: There is no  in font cmr10!
Missing character: There is no   in font cmr10!
Missing character: There is no ı in font cmr10!
Missing character: There is no Å in font cmr10!
Missing character: There is no  in font cmr10!
Missing character: There is no ’ in font cmr10!
Missing character: There is no ¡ in font cmr10!
Missing character: There is no Ô in font cmr10!
Missing character: There is no ó in font cmr10!
Missing character: There is no Â in font cmr10!
Missing character: There is no Ö in font cmr10!
Missing character: There is no   in font cmr10!
Missing character: There is no ½ in font cmr10!

Overfull \hbox (20.0pt too wide) in paragraph at lines 1--1
[]
 []


Overfull \hbox (34.96178pt too wide) in paragraph at lines 1--1
[]\OML/cmm/m/it/10 M\OT1/cmr/m/n/10 0?\OML/cmm/m/it/10 Nq$ 
 []

! Text line contains an invalid character.
l.1 ...BÀ¡ë ıMÅ0’^^@¡?Ôó^^PÂÖN ^^@^^T½q^^@^^L^^@
                                                  ^^@^^@^^Fcmbx12»CS232‘^^GÇ
? 
! Text line contains an invalid character.
l.1 ...ë ıMÅ0’^^@¡?Ôó^^PÂÖN ^^@^^T½q^^@^^L^^@^^@
                                                  ^^@^^Fcmbx12»CS232‘^^GÇ
? 
! Text line contains an invalid character.
l.1 ...ıMÅ0’^^@¡?Ôó^^PÂÖN ^^@^^T½q^^@^^L^^@^^@^^@
                                                  ^^Fcmbx12»CS232‘^^GÇ
? 
! Text line contains an invalid character.
l.1 ...0’^^@¡?Ôó^^PÂÖN ^^@^^T½q^^@^^L^^@^^@^^@^^F
                                                  cmbx12»CS232‘^^GÇ
? 

! LaTeX Error: Missing \begin{document}.

See the LaTeX manual or LaTeX Companion for explanation.
Type  H <return>  for immediate help.
 ...                                              
                                                  
l.1 ...’^^@¡?Ôó^^PÂÖN ^^@^^T½q^^@^^L^^@^^@^^@^^Fc
                                                  mbx12»CS232‘^^GÇ
? 
Missing character: There is no c in font nullfont!
Missing character: There is no m in font nullfont!
Missing character: There is no b in font nullfont!
Missing character: There is no x in font nullfont!
Missing character: There is no 1 in font nullfont!
Missing character: There is no 2 in font nullfont!
Missing character: There is no » in font nullfont!
Missing character: There is no C in font nullfont!
Missing character: There is no S in font nullfont!
Missing character: There is no 2 in font nullfont!
Missing character: There is no 3 in font nullfont!
Missing character: There is no 2 in font nullfont!
Missing character: There is no ‘ in font nullfont!
! Text line contains an invalid character.
l.1 ... ^^@^^T½q^^@^^L^^@^^@^^@^^Fcmbx12»CS232‘^^G
                                                  Ç
? 
Missing character: There is no Ç in font nullfont!
Missing character: There is no R in font nullfont!
Missing character: There is no e in font nullfont!
Missing character: There is no v in font nullfont!
Missing character: There is no i in font nullfont!
Missing character: There is no e in font nullfont!
Missing character: There is no w in font nullfont!
Missing character: There is no  in font nullfont!
Missing character: There is no Ÿ in font nullfont!
Missing character: There is no ( in font nullfont!
Missing character: There is no ± in font nullfont!
Missing character: There is no … in font nullfont!
Missing character: There is no  in font nullfont!
Missing character: There is no  in font nullfont!
Missing character: There is no  in font nullfont!
Missing character: There is no  in font nullfont!
Missing character: There is no ‘ in font nullfont!
Missing character: There is no ö in font nullfont!
Missing character: There is no k in font nullfont!
Missing character: There is no r in font nullfont!
Missing character: There is no e in font nullfont!
Missing character: There is no c in font nullfont!
Missing character: There is no e in font nullfont!
Missing character: There is no n in font nullfont!
Missing character: There is no “ in font nullfont!
Missing character: There is no t in font nullfont!
Missing character: There is no l in font nullfont!
Missing character: There is no y in font nullfont!
Missing character: There is no ˜ in font nullfont!
Missing character: There is no u in font nullfont!
Missing character: There is no s in font nullfont!
Missing character: There is no e in font nullfont!
Missing character: There is no d in font nullfont!
Missing character: There is no – in font nullfont!
! Text line contains an invalid character.
l.3 recen“tly˜used–^^C
                      ¨
? 
Missing character: There is no ¨ in font nullfont!
Missing character: There is no d in font nullfont!
Missing character: There is no a in font nullfont!
Missing character: There is no t in font nullfont!
Missing character: There is no a in font nullfont!
Missing character: There is no , in font nullfont!
Missing character: There is no ‘ in font nullfont!
! Text line contains an invalid character.
l.4 data,‘^^C
             µ`often“used˜or“appro¬rximated˜to“decide˜what“to˜kic¬rk“out˜o...

? 
Missing character: There is no µ in font nullfont!
Missing character: There is no ` in font nullfont!
Missing character: There is no o in font nullfont!
Missing character: There is no f in font nullfont!
Missing character: There is no t in font nullfont!
Missing character: There is no e in font nullfont!
Missing character: There is no n in font nullfont!
Missing character: There is no “ in font nullfont!
Missing character: There is no u in font nullfont!
Missing character: There is no s in font nullfont!
Missing character: There is no e in font nullfont!
Missing character: There is no d in font nullfont!
Missing character: There is no ˜ in font nullfont!
Missing character: There is no o in font nullfont!
Missing character: There is no r in font nullfont!
Missing character: There is no “ in font nullfont!
Missing character: There is no a in font nullfont!
Missing character: There is no p in font nullfont!
Missing character: There is no p in font nullfont!
Missing character: There is no r in font nullfont!
Missing character: There is no o in font nullfont!
Missing character: There is no  in font nullfont!
Missing character: There is no ¬ in font nullfont!
Missing character: There is no r in font nullfont!
Missing character: There is no x in font nullfont!
Missing character: There is no i in font nullfont!
Missing character: There is no m in font nullfont!
Missing character: There is no a in font nullfont!
Missing character: There is no t in font nullfont!
Missing character: There is no e in font nullfont!
Missing character: There is no d in font nullfont!
Missing character: There is no ˜ in font nullfont!
Missing character: There is no t in font nullfont!
Missing character: There is no o in font nullfont!
Missing character: There is no “ in font nullfont!
Missing character: There is no d in font nullfont!
Missing character: There is no e in font nullfont!
Missing character: There is no c in font nullfont!
Missing character: There is no i in font nullfont!
Missing character: There is no d in font nullfont!
Missing character: There is no e in font nullfont!
Missing character: There is no ˜ in font nullfont!
Missing character: There is no w in font nullfont!
Missing character: There is no h in font nullfont!
Missing character: There is no a in font nullfont!
Missing character: There is no t in font nullfont!
Missing character: There is no “ in font nullfont!
Missing character: There is no t in font nullfont!
Missing character: There is no o in font nullfont!
Missing character: There is no ˜ in font nullfont!
Missing character: There is no k in font nullfont!
Missing character: There is no i in font nullfont!
Missing character: There is no c in font nullfont!
Missing character: There is no  in font nullfont!
Missing character: There is no ¬ in font nullfont!
Missing character: There is no r in font nullfont!
Missing character: There is no k in font nullfont!
Missing character: There is no “ in font nullfont!
Missing character: There is no o in font nullfont!
Missing character: There is no u in font nullfont!
Missing character: There is no t in font nullfont!
Missing character: There is no ˜ in font nullfont!
Missing character: There is no o in font nullfont!
Missing character: There is no f in font nullfont!
Missing character: There is no  in font nullfont!
Missing character: There is no ¤ in font nullfont!
! Text line contains an invalid character.
l.4 ...mated˜to“decide˜what“to˜kic¬rk“out˜of¤^^N
                                                  €^^@‘%(*the‘^^Cê¨cac¬rhe...

? 
Missing character: There is no € in font nullfont!
! Text line contains an invalid character.
l.4 ...d˜to“decide˜what“to˜kic¬rk“out˜of¤^^N€^^@
                                                  ‘%(*the‘^^Cê¨cac¬rhe©^^...

? 
Missing character: There is no  in font nullfont!
Missing character: There is no ‘ in font nullfont!
Missing character: There is no I in font nullfont!
Missing character: There is no f in font nullfont!
Missing character: There is no – in font nullfont!
! Text line contains an invalid character.
l.5 If–^^C
          düone“can“ensure›^^Cdûalmost“certain“hits“in“the“higher“cac¬rhes˜...

? 
Missing character: There is no d in font nullfont!
Missing character: There is no ü in font nullfont!
Missing character: There is no o in font nullfont!
Missing character: There is no n in font nullfont!
Missing character: There is no e in font nullfont!
Missing character: There is no “ in font nullfont!
Missing character: There is no c in font nullfont!
Missing character: There is no a in font nullfont!
Missing character: There is no n in font nullfont!
Missing character: There is no “ in font nullfont!
Missing character: There is no e in font nullfont!
Missing character: There is no n in font nullfont!
Missing character: There is no s in font nullfont!
Missing character: There is no u in font nullfont!
Missing character: There is no r in font nullfont!
Missing character: There is no e in font nullfont!
Missing character: There is no › in font nullfont!
! Text line contains an invalid character.
l.5 If–^^Cdüone“can“ensure›^^C
                              dûalmost“certain“hits“in“the“higher“cac¬rhes˜...

? 
Missing character: There is no d in font nullfont!
Missing character: There is no û in font nullfont!
Missing character: There is no a in font nullfont!
Missing character: There is no l in font nullfont!
Missing character: There is no m in font nullfont!
Missing character: There is no o in font nullfont!
Missing character: There is no s in font nullfont!
Missing character: There is no t in font nullfont!
Missing character: There is no “ in font nullfont!
Missing character: There is no c in font nullfont!
Missing character: There is no e in font nullfont!
Missing character: There is no r in font nullfont!
Missing character: There is no t in font nullfont!
Missing character: There is no a in font nullfont!
Missing character: There is no i in font nullfont!
Missing character: There is no n in font nullfont!
Missing character: There is no “ in font nullfont!
Missing character: There is no h in font nullfont!
Missing character: There is no i in font nullfont!
Missing character: There is no t in font nullfont!
Missing character: There is no s in font nullfont!
Missing character: There is no “ in font nullfont!
Missing character: There is no i in font nullfont!
Missing character: There is no n in font nullfont!
Missing character: There is no “ in font nullfont!
Missing character: There is no t in font nullfont!
Missing character: There is no h in font nullfont!
Missing character: There is no e in font nullfont!
Missing character: There is no “ in font nullfont!
Missing character: There is no h in font nullfont!
Missing character: There is no i in font nullfont!
Missing character: There is no g in font nullfont!
Missing character: There is no h in font nullfont!
Missing character: There is no e in font nullfont!
Missing character: There is no r in font nullfont!
Missing character: There is no “ in font nullfont!
Missing character: There is no c in font nullfont!
Missing character: There is no a in font nullfont!
Missing character: There is no c in font nullfont!
Missing character: There is no  in font nullfont!
Missing character: There is no ¬ in font nullfont!
Missing character: There is no r in font nullfont!
Missing character: There is no h in font nullfont!
Missing character: There is no e in font nullfont!
Missing character: There is no s in font nullfont!
Missing character: There is no ˜ in font nullfont!
Missing character: There is no a in font nullfont!
Missing character: There is no n in font nullfont!
Missing character: There is no d in font nullfont!
Missing character: There is no “ in font nullfont!
Missing character: There is no r in font nullfont!
Missing character: There is no e in font nullfont!
Missing character: There is no l in font nullfont!
Missing character: There is no a in font nullfont!
Missing character: There is no t in font nullfont!
Missing character: There is no i in font nullfont!
Missing character: There is no v in font nullfont!
Missing character: There is no  in font nullfont!
Missing character: There is no ¬ in font nullfont!
Missing character: There is no r in font nullfont!
Missing character: There is no e in font nullfont!
Missing character: There is no l in font nullfont!
Missing character: There is no y in font nullfont!
Missing character: There is no “ in font nullfont!
Missing character: There is no g in font nullfont!
Missing character: There is no o in font nullfont!
Missing character: There is no • in font nullfont!
Missing character: There is no S in font nullfont!
Missing character: There is no  in font nullfont!
Missing character: There is no o in font nullfont!
Missing character: There is no “ in font nullfont!
Missing character: There is no d in font nullfont!
Missing character: There is no ‘ in font nullfont!
! Text line contains an invalid character.
l.5 ...er“cac¬rhes˜and“relativ¬rely“go•So“d‘^^C
                                                  dürates¡‘%(*in–^^Cê¨the“...

? 
Missing character: There is no d in font nullfont!
Missing character: There is no ü in font nullfont!
Missing character: There is no r in font nullfont!
Missing character: There is no a in font nullfont!
Missing character: There is no t in font nullfont!
Missing character: There is no e in font nullfont!
Missing character: There is no s in font nullfont!
Missing character: There is no  in font nullfont!
Missing character: There is no ¡ in font nullfont!
Missing character: There is no  in font nullfont!
Missing character: There is no ‘ in font nullfont!
Missing character: There is no N in font nullfont!
Missing character: There is no - in font nullfont!
Missing character: There is no W in font nullfont!
Missing character: There is no ‘ in font nullfont!
Missing character: There is no ÿ in font nullfont!
! Text line contains an invalid character.
l.6 N-W‘ÿ^^E
            Va•¬ry›^^E^^OHassoSciativ“e‘^^E^^OGcac“he˜has‘^^E^^OGN‘^^E^^Nü...

? 
Missing character: There is no V in font nullfont!
Missing character: There is no a in font nullfont!
Missing character: There is no • in font nullfont!
Missing character: There is no ¬ in font nullfont!
Missing character: There is no r in font nullfont!
Missing character: There is no y in font nullfont!
Missing character: There is no › in font nullfont!
! Text line contains an invalid character.
l.6 N-W‘ÿ^^EVa•¬ry›^^E
                      ^^OHassoSciativ“e‘^^E^^OGcac“he˜has‘^^E^^OGN‘^^E^^Nü...

? 
! Text line contains an invalid character.
l.6 N-W‘ÿ^^EVa•¬ry›^^E^^O
                         HassoSciativ“e‘^^E^^OGcac“he˜has‘^^E^^OGN‘^^E^^Nü...

? 
Missing character: There is no H in font nullfont!
Missing character: There is no a in font nullfont!
Missing character: There is no s in font nullfont!
Missing character: There is no s in font nullfont!
Missing character: There is no o in font nullfont!
Missing character: There is no  in font nullfont!
Missing character: There is no S in font nullfont!
Missing character: There is no  in font nullfont!
Missing character: There is no c in font nullfont!
Missing character: There is no i in font nullfont!
Missing character: There is no a in font nullfont!
Missing character: There is no t in font nullfont!
Missing character: There is no i in font nullfont!
Missing character: There is no v in font nullfont!
Missing character: There is no “ in font nullfont!
Missing character: There is no e in font nullfont!
Missing character: There is no ‘ in font nullfont!
! Text line contains an invalid character.
l.6 N-W‘ÿ^^EVa•¬ry›^^E^^OHassoSciativ“e‘^^E
                                             ^^OGcac“he˜has‘^^E^^OGN‘^^E^^Nü...

? 
! Text line contains an invalid character.
l.6 N-W‘ÿ^^EVa•¬ry›^^E^^OHassoSciativ“e‘^^E^^O
                                                Gcac“he˜has‘^^E^^OGN‘^^E^^Nü...

? 
Missing character: There is no G in font nullfont!
Missing character: There is no c in font nullfont!
Missing character: There is no a in font nullfont!
Missing character: There is no c in font nullfont!
Missing character: There is no “ in font nullfont!
Missing character: There is no h in font nullfont!
Missing character: There is no e in font nullfont!
Missing character: There is no ˜ in font nullfont!
Missing character: There is no h in font nullfont!
Missing character: There is no a in font nullfont!
Missing character: There is no s in font nullfont!
Missing character: There is no ‘ in font nullfont!
! Text line contains an invalid character.
l.6 ...^E^^OHassoSciativ“e‘^^E^^OGcac“he˜has‘^^E
                                                  ^^OGN‘^^E^^NübloSc“ks˜p...

? 
! Text line contains an invalid character.
l.6 ...^OHassoSciativ“e‘^^E^^OGcac“he˜has‘^^E^^O
                                                  GN‘^^E^^NübloSc“ks˜pSe...

? 
Missing character: There is no G in font nullfont!
Missing character: There is no N in font nullfont!
Missing character: There is no ‘ in font nullfont!
! Text line contains an invalid character.
l.6 ...oSciativ“e‘^^E^^OGcac“he˜has‘^^E^^OGN‘^^E
                                                  ^^NübloSc“ks˜pSer˜set....

? 
! Text line contains an invalid character.
l.6 ...ciativ“e‘^^E^^OGcac“he˜has‘^^E^^OGN‘^^E^^N
                                                  übloSc“ks˜pSer˜set.‘^^...

? 
Missing character: There is no ü in font nullfont!
Missing character: There is no b in font nullfont!
Missing character: There is no l in font nullfont!
Missing character: There is no o in font nullfont!
Missing character: There is no  in font nullfont!
Missing character: There is no S in font nullfont!
Missing character: There is no  in font nullfont!
Missing character: There is no c in font nullfont!
Missing character: There is no “ in font nullfont!
Missing character: There is no k in font nullfont!
Missing character: There is no s in font nullfont!
Missing character: There is no ˜ in font nullfont!
Missing character: There is no p in font nullfont!
Missing character: There is no  in font nullfont!
Missing character: There is no S in font nullfont!
Missing character: There is no  in font nullfont!
Missing character: There is no e in font nullfont!
Missing character: There is no r in font nullfont!
Missing character: There is no ˜ in font nullfont!
Missing character: There is no s in font nullfont!
Missing character: There is no e in font nullfont!
Missing character: There is no t in font nullfont!
Missing character: There is no . in font nullfont!
Missing character: There is no ‘ in font nullfont!
! Text line contains an invalid character.
l.6 ...‘^^E^^OGN‘^^E^^NübloSc“ks˜pSer˜set.‘^^H
                                                  ¦¾Th“us˜address‘^^E^^OGó^^...

? 
Missing character: There is no ¦ in font nullfont!
Missing character: There is no ¾ in font nullfont!
Missing character: There is no T in font nullfont!
Missing character: There is no h in font nullfont!
Missing character: There is no “ in font nullfont!
Missing character: There is no u in font nullfont!
Missing character: There is no s in font nullfont!
Missing character: There is no ˜ in font nullfont!
Missing character: There is no a in font nullfont!
Missing character: There is no d in font nullfont!
Missing character: There is no d in font nullfont!
Missing character: There is no r in font nullfont!
Missing character: There is no e in font nullfont!
Missing character: There is no s in font nullfont!
Missing character: There is no s in font nullfont!
Missing character: There is no ‘ in font nullfont!
! Text line contains an invalid character.
l.6 ...oSc“ks˜pSer˜set.‘^^H¦¾Th“us˜address‘^^E
                                                  ^^OGó^^V!",š^^@^^L^^@^^@^^@
? 
! Text line contains an invalid character.
l.6 ...c“ks˜pSer˜set.‘^^H¦¾Th“us˜address‘^^E^^O
                                                  Gó^^V!",š^^@^^L^^@^^@^^@
? 
Missing character: There is no G in font nullfont!
Missing character: There is no ó in font nullfont!
! Text line contains an invalid character.
l.6 ...˜pSer˜set.‘^^H¦¾Th“us˜address‘^^E^^OGó^^V
                                                  !",š^^@^^L^^@^^@^^@
? 
Missing character: There is no ! in font nullfont!
Missing character: There is no " in font nullfont!
Missing character: There is no , in font nullfont!
Missing character: There is no š in font nullfont!
! Text line contains an invalid character.
l.6 ...˜set.‘^^H¦¾Th“us˜address‘^^E^^OGó^^V!",š^^@
                                                  ^^L^^@^^@^^@
? 

Overfull \hbox (20.0pt too wide) in paragraph at lines 1--6
[]
 []

! Text line contains an invalid character.
l.6 ...^^H¦¾Th“us˜address‘^^E^^OGó^^V!",š^^@^^L^^@
                                                  ^^@^^@
? 
! Text line contains an invalid character.
l.6 ...¦¾Th“us˜address‘^^E^^OGó^^V!",š^^@^^L^^@^^@
                                                  ^^@
? 
! Emergency stop.
l.6 ...¦¾Th“us˜address‘^^E^^OGó^^V!",š^^@^^L^^@^^@
                                                  ^^@
End of file on the terminal!

 
Here is how much of TeX's memory you used:
 7 strings out of 493634
 168 string characters out of 3148854
 49245 words of memory out of 3000000
 3407 multiletter control sequences out of 15000+200000
 3640 words of font info for 14 fonts, out of 3000000 for 9000
 831 hyphenation exceptions out of 8191
 18i,1n,12p,1123b,56s stack positions out of 5000i,500n,10000p,200000b,50000s
No pages of output.
