This is pdfTeX, Version 3.1415926-2.3-1.40.12 (TeX Live 2012/dev/Arch Linux) (format=prv_review 2011.11.13)  13 NOV 2011 20:06
entering extended mode
 restricted \write18 enabled.
 %&-line parsing enabled.
**&prv_review review.tex
(./review.tex
LaTeX2e <2009/09/24>
Babel <v3.8l> and hyphenation patterns for english, dumylang, nohyphenation, ge
rman-x-2009-06-19, ngerman-x-2009-06-19, afrikaans, ancientgreek, ibycus, arabi
c, armenian, basque, bulgarian, catalan, pinyin, coptic, croatian, czech, danis
h, dutch, ukenglish, usenglishmax, esperanto, estonian, ethiopic, farsi, finnis
h, french, galician, german, ngerman, swissgerman, monogreek, greek, hungarian,
 icelandic, assamese, bengali, gujarati, hindi, kannada, malayalam, marathi, or
iya, panjabi, tamil, telugu, indonesian, interlingua, irish, italian, kurmanji,
 lao, latin, latvian, lithuanian, mongolian, mongolianlmc, bokmal, nynorsk, pol
ish, portuguese, romanian, russian, sanskrit, serbian, serbianc, slovak, sloven
ian, spanish, swedish, turkish, turkmen, ukrainian, uppersorbian, welsh, loaded
.
CUSTOMISED FORMAT. Preloaded files:
        .
 article.cls    2007/10/19 v1.4h Standard LaTeX document class
  size12.clo    2007/10/19 v1.4h Standard LaTeX file (size option)
 amsmath.sty    2000/07/18 v2.13 AMS math features
 amstext.sty    2000/06/29 v2.01
  amsgen.sty    1999/11/30 v2.0
  amsbsy.sty    1999/11/29 v1.2d
  amsopn.sty    1999/12/14 v2.01 operator names
  amsthm.sty    2009/07/02 v2.20.1
 amssymb.sty    2009/06/22 v3.00
amsfonts.sty    2009/06/22 v3.00 Basic AMSFonts support
graphicx.sty    1999/02/16 v1.0f Enhanced LaTeX Graphics (DPC,SPQR)
  keyval.sty    1999/03/16 v1.13 key=value parser (DPC)
graphics.sty    2009/02/05 v1.0o Standard LaTeX Graphics (DPC,SPQR)
    trig.sty    1999/03/16 v1.09 sin cos tan (DPC)
graphics.cfg    2010/04/23 v1.9 graphics configuration of TeX Live
   dvips.def    1999/02/16 v3.0i Driver-dependant file (DPC,SPQR)
multicol.sty    2008/12/05 v1.6h multicolumn formatting (FMi)
geometry.sty    2010/09/12 v5.6 Page Geometry
   ifpdf.sty    2011/01/30 v2.3 Provides the ifpdf switch (HO)
  ifvtex.sty    2010/03/01 v1.5 Switches for detecting VTeX and its modes (HO)
 ifxetex.sty    2010/09/12 v0.6 Provides ifxetex conditional
    umsa.fd    2009/06/22 v3.00 AMS symbols A
    umsb.fd    2009/06/22 v3.00 AMS symbols B
        .
(./review.aux)
LaTeX Font Info:    Checking defaults for OML/cmm/m/it on input line 73.
LaTeX Font Info:    ... okay on input line 73.
LaTeX Font Info:    Checking defaults for T1/cmr/m/n on input line 73.
LaTeX Font Info:    ... okay on input line 73.
LaTeX Font Info:    Checking defaults for OT1/cmr/m/n on input line 73.
LaTeX Font Info:    ... okay on input line 73.
LaTeX Font Info:    Checking defaults for OMS/cmsy/m/n on input line 73.
LaTeX Font Info:    ... okay on input line 73.
LaTeX Font Info:    Checking defaults for OMX/cmex/m/n on input line 73.
LaTeX Font Info:    ... okay on input line 73.
LaTeX Font Info:    Checking defaults for U/cmr/m/n on input line 73.
LaTeX Font Info:    ... okay on input line 73.
 (/usr/share/texmf/tex/latex/preview/preview.sty
Package: preview 2010/02/14 11.86 (AUCTeX/preview-latex)

(/usr/share/texmf/tex/latex/preview/prtightpage.def
\PreviewBorder=\dimen130
)
(/usr/share/texmf/tex/latex/preview/prauctex.def
No auxiliary output files.


\hbadness=\count113
\hfuzz=\dimen131
(/usr/share/texmf/tex/latex/preview/prauctex.cfg))
(/usr/share/texmf/tex/latex/preview/prfootnotes.def)
\pr@snippet=\count114
\pr@box=\box54
\pr@output=\toks27

Preview: Fontsize 12pt
)
*geometry* detected driver: dvips
*geometry* verbose mode - [ preamble ] result:
* driver: dvips
* paper: letterpaper
* layout: <same size as paper>
* layoutoffset:(h,v)=(0.0pt,0.0pt)
* modes: 
* h-part:(L,W,R)=(54.2025pt, 505.89pt, 54.2025pt)
* v-part:(T,H,B)=(54.2025pt, 704.63249pt, 36.135pt)
* \paperwidth=614.295pt
* \paperheight=794.96999pt
* \textwidth=505.89pt
* \textheight=704.63249pt
* \oddsidemargin=-18.06749pt
* \evensidemargin=-18.06749pt
* \topmargin=-18.06749pt
* \headheight=0.0pt
* \headsep=0.0pt
* \topskip=12.0pt
* \footskip=30.0pt
* \marginparwidth=44.0pt
* \marginparsep=10.0pt
* \columnsep=10.0pt
* \skip\footins=10.8pt plus 4.0pt minus 2.0pt
* \hoffset=0.0pt
* \voffset=0.0pt
* \mag=1000
* \@twocolumnfalse
* \@twosidefalse
* \@mparswitchfalse
* \@reversemarginfalse
* (1in=72.27pt=25.4mm, 1cm=28.453pt)

! Preview: Snippet 1 started.
<-><->
      
l.87 \begin{align*}
                   
Not a real error.

Preview: Tightpage -32891 -32891 32891 32891
! Preview: Snippet 1 ended.(10253083+0x39357058).
<-><->
      
l.102 \end{align*}
                  
Not a real error.

[1]
! Preview: Snippet 2 started.
<-><->
      
l.108   \item $
               0 \leq \mathbb{P}(X) \leq 1$
Not a real error.

! Preview: Snippet 2 ended.(589824+196608x4647611).
<-><->
      
l.108   \item $0 \leq \mathbb{P}(X) \leq 1$
                                           
Not a real error.

[2]
! Preview: Snippet 3 started.
<-><->
      
l.109   \item $
               \mathbb{P}(\emptyset) = 0, \mathbb{P}(\Omega)=1$, where
Not a real error.

! Preview: Snippet 3 ended.(589824+196608x6295043).
<-><->
      
l.109 ...{P}(\emptyset) = 0, \mathbb{P}(\Omega)=1$
                                                  , where
Not a real error.

[3]
! Preview: Snippet 4 started.
<-><->
      
l.110     $
           \emptyset$ is the empty set, and $\Omega$ is the problem space
Not a real error.

! Preview: Snippet 4 ended.(589824+43690x393217).
<-><->
      
l.110     $\emptyset$
                      is the empty set, and $\Omega$ is the problem space
Not a real error.

[4]
! Preview: Snippet 5 started.
<-><->
      
l.110     $\emptyset$ is the empty set, and $
                                             \Omega$ is the problem space
Not a real error.

! Preview: Snippet 5 ended.(537395+0x556140).
<-><->
      
l.110 ...\emptyset$ is the empty set, and $\Omega$
                                                   is the problem space
Not a real error.

[5]
! Preview: Snippet 6 started.
<-><->
      
l.111   \item $
               \mathbb{P}(A\cap B) = \mathbb{P}(B)\mathbb{P}(A | B)$,
Not a real error.

! Preview: Snippet 6 ended.(589824+196608x8395191).
<-><->
      
l.111 ...\cap B) = \mathbb{P}(B)\mathbb{P}(A | B)$
                                                  ,
Not a real error.

[6]
! Preview: Snippet 7 started.
<-><->
      
l.113   \item $
               \mathbb{P}(A\cup B) = \mathbb{P}(A) + \mathbb{P}(B) -
Not a real error.

! Preview: Snippet 7 ended.(589824+196608x12616952).
<-><->
      
l.114     \mathbb{P}(A\cap B)$
                              
Not a real error.

[7]
! Preview: Snippet 8 started.
<-><->
      
l.115   \item $
               \mathbb{P}(A^c) = 1-\mathbb{P}(A)$, Reason: $A\cap A^c =
Not a real error.

! Preview: Snippet 8 ended.(589824+196608x5969622).
<-><->
      
l.115   \item $\mathbb{P}(A^c) = 1-\mathbb{P}(A)$
                                                 , Reason: $A\cap A^c =
Not a real error.

[8]
! Preview: Snippet 9 started.
<-><->
      
l.115 ...hbb{P}(A^c) = 1-\mathbb{P}(A)$, Reason: $
                                                  A\cap A^c =
Not a real error.

! Preview: Snippet 9 ended.(589824+196608x17838775).
<-><->
      
l.117 ...tarrow \mathbb{P}(A)+\mathbb{P}(A^c) = 1$
                                                  
Not a real error.

[9]
! Preview: Snippet 10 started.
<-><->
      
l.118   \item Given: $
                      A$ has mutally disjoint, $\mathbb{P}(\cup_{i=0}^n
Not a real error.

! Preview: Snippet 10 ended.(537395+0x577257).
<-><->
      
l.118   \item Given: $A$
                         has mutally disjoint, $\mathbb{P}(\cup_{i=0}^n
Not a real error.

[10]
! Preview: Snippet 11 started.
<-><->
      
l.118   \item Given: $A$ has mutally disjoint, $
                                                \mathbb{P}(\cup_{i=0}^n
Not a real error.

! Preview: Snippet 11 ended.(608033+229381x8148166).
<-><->
      
l.119     A_i) = \sum_{i=0}^n\mathbb{P}(A_i) $
                                              
Not a real error.

[11]
! Preview: Snippet 12 started.
<-><->
      
l.120   \item $
               \mathbb{P}(A)=\sum_{i=0}^n\mathbb{P}({t_i})$, assuming ${t_i}...

Not a real error.

! Preview: Snippet 12 ended.(608033+229381x6168034).
<-><->
      
l.120 ...thbb{P}(A)=\sum_{i=0}^n\mathbb{P}({t_i})$
                                                  , assuming ${t_i}\cap {t_j...

Not a real error.

[12]
! Preview: Snippet 13 started.
<-><->
      
l.120 ...sum_{i=0}^n\mathbb{P}({t_i})$, assuming $
                                                  {t_i}\cap {t_j} = \emptyset$
Not a real error.

! Preview: Snippet 13 ended.(589824+219909x3369678).
<-><->
      
l.120 ...$, assuming ${t_i}\cap {t_j} = \emptyset$
                                                  
Not a real error.

[13]
! Preview: Snippet 14 started.
<-><->
      
l.121   \item $
               A\subseteq B \rightarrow \mathbb{P}(A)\leq \mathbb{P}(B)$
Not a real error.

! Preview: Snippet 14 ended.(589824+196608x7883386).
<-><->
      
l.121 ...ghtarrow \mathbb{P}(A)\leq \mathbb{P}(B)$
                                                  
Not a real error.

[14]
! Preview: Snippet 15 started.
<-><->
      
l.122   \item Independent iff: $
                                \mathbb{P}(A\cap B) =
Not a real error.

! Preview: Snippet 15 ended.(589824+196608x7599480).
<-><->
      
l.123     \mathbb{P}(B)\mathbb{P}(B)$
                                     , alternatively written
Not a real error.

[15]
! Preview: Snippet 16 started.
<-><->
      
l.124     $
           \mathbb{P}(A|B) = \mathbb{P}(A)$ for $\mathbb{P}(B) \neq 0$
Not a real error.

! Preview: Snippet 16 ended.(589824+196608x5192504).
<-><->
      
l.124     $\mathbb{P}(A|B) = \mathbb{P}(A)$
                                            for $\mathbb{P}(B) \neq 0$
Not a real error.

[16]
! Preview: Snippet 17 started.
<-><->
      
l.124     $\mathbb{P}(A|B) = \mathbb{P}(A)$ for $
                                                 \mathbb{P}(B) \neq 0$
Not a real error.

! Preview: Snippet 17 ended.(589824+196608x3125038).
<-><->
      
l.124 ...\mathbb{P}(A)$ for $\mathbb{P}(B) \neq 0$
                                                  
Not a real error.

[17]
! Preview: Snippet 18 started.
<-><->
      
l.129 \begin{align*}
                    
Not a real error.

! Preview: Snippet 18 ended.(21352046+0x28030384).
<-><->
      
l.148 \end{align*}
                  
Not a real error.

[18]
! Preview: Snippet 19 started.
<-><->
      
l.152 \item $
             0 \leq F(x) \leq 1$
Not a real error.

! Preview: Snippet 19 ended.(589824+196608x4509118).
<-><->
      
l.152 \item $0 \leq F(x) \leq 1$
                                
Not a real error.

[19]
! Preview: Snippet 20 started.
<-><->
      
l.153 \item $
              \lim_{x\rightarrow -\infty}F(x) = 0 = \mathbb{P}(\emptyset) \w...

Not a real error.

! Preview: Snippet 20 ended.(589824+196608x17934748).
<-><->
      
l.154 ...row \infty}F(x) = 1 = \mathbb{P}(\Omega)$
                                                  
Not a real error.

[20]
! Preview: Snippet 21 started.
<-><->
      
l.155 \item $
             \forall (x,y) x<y \rightarrow F(x) \leq F(y)$
Not a real error.

! Preview: Snippet 21 ended.(589824+196608x9621018).
<-><->
      
l.155 ...all (x,y) x<y \rightarrow F(x) \leq F(y)$
                                                  
Not a real error.

[21]
! Preview: Snippet 22 started.
<-><->
      
l.164 \item $
             S = $ number of successes, $S: \mathbb{N} \rightarrow \mathbb{N}$
Not a real error.

! Preview: Snippet 22 ended.(537395+0x1336738).
<-><->
      
l.164 \item $S = $
                   number of successes, $S: \mathbb{N} \rightarrow \mathbb{N}$
Not a real error.

[22]
! Preview: Snippet 23 started.
<-><->
      
l.164 \item $S = $ number of successes, $
                                         S: \mathbb{N} \rightarrow \mathbb{N}$
Not a real error.

! Preview: Snippet 23 ended.(541764+0x3529462).
<-><->
      
l.164 ...s, $S: \mathbb{N} \rightarrow \mathbb{N}$
                                                  
Not a real error.

[23]
! Preview: Snippet 24 started.
<-><->
      
l.165 \item $
             W=$ waiting time, $W:\mathbb{N} \rightarrow \mathbb{N}$
Not a real error.

! Preview: Snippet 24 ended.(537395+0x1651307).
<-><->
      
l.165 \item $W=$
                 waiting time, $W:\mathbb{N} \rightarrow \mathbb{N}$
Not a real error.

[24]
! Preview: Snippet 25 started.
<-><->
      
l.165 \item $W=$ waiting time, $
                                W:\mathbb{N} \rightarrow \mathbb{N}$
Not a real error.

! Preview: Snippet 25 ended.(541764+0x3844031).
<-><->
      
l.165 ...me, $W:\mathbb{N} \rightarrow \mathbb{N}$
                                                  
Not a real error.

[25]
! Preview: Snippet 26 started.
<-><->
      
l.166 \item $
             \mathbb{L}=$ life time, $\mathbb{L}: \mathbb{R} \rightarrow \ma...

Not a real error.

! Preview: Snippet 26 ended.(541764+0x1341659).
<-><->
      
l.166 \item $\mathbb{L}=$
                          life time, $\mathbb{L}: \mathbb{R} \rightarrow \ma...

Not a real error.

[26]
! Preview: Snippet 27 started.
<-><->
      
l.166 \item $\mathbb{L}=$ life time, $
                                      \mathbb{L}: \mathbb{R} \rightarrow \ma...

Not a real error.

! Preview: Snippet 27 ended.(541764+0x3534383).
<-><->
      
l.166 ...bb{L}: \mathbb{R} \rightarrow \mathbb{R}$
                                                  
Not a real error.

[27]
! Preview: Snippet 28 started.
<-><->
      
l.168   \begin{align*}
                      
Not a real error.

! Preview: Snippet 28 ended.(5459165+0x21593279).
<-><->
      
l.173   \end{align*}
                    
Not a real error.

[28]
! Preview: Snippet 29 started.
<-><->
      
l.175   \begin{align*}
                      
Not a real error.

! Preview: Snippet 29 ended.(4839464+0x21490996).
<-><->
      
l.178   \end{align*}
                    
Not a real error.

[29]
! Preview: Snippet 30 started.
<-><->
      
l.180   \begin{align*}
                      
Not a real error.

! Preview: Snippet 30 ended.(6225743+0x20939032).
<-><->
      
l.185   \end{align*}
                    
Not a real error.

[30]
! Preview: Snippet 31 started.
<-><->
      
l.187   \begin{align*}
                      
Not a real error.

! Preview: Snippet 31 ended.(5292670+0x22571116).
<-><->
      
l.192   \end{align*}
                    
Not a real error.

[31]
! Preview: Snippet 32 started.
<-><->
      
l.194   \begin{equation}
                        
Not a real error.

! Preview: Snippet 32 ended.(1643828+0x33154007).
<-><->
      
l.196   \end{equation}
                      
Not a real error.

[32]
! Preview: Snippet 33 started.
<-><->
      
l.197   \begin{displaymath}
                           
Not a real error.

! Preview: Snippet 33 ended.(1966078+0x33154007).
<-><->
      
l.204   \end{displaymath}
                         \\
Not a real error.

[33]
! Preview: Snippet 34 started.
<-><->
      
l.206   \begin{equation}
                        
Not a real error.

! Preview: Snippet 34 ended.(859194+0x33154007).
<-><->
      
l.208   \end{equation}
                      
Not a real error.

[34]
! Preview: Snippet 35 started.
<-><->
      
l.209   \begin{displaymath}
                           
Not a real error.

! Preview: Snippet 35 ended.(1966078+0x33154007).
<-><->
      
l.216   \end{displaymath}
                         \\
Not a real error.

[35] ) 
Here is how much of TeX's memory you used:
 178 strings out of 491506
 2397 string characters out of 3122945
 93761 words of memory out of 3000000
 5572 multiletter control sequences out of 15000+200000
 11323 words of font info for 43 fonts, out of 3000000 for 9000
 831 hyphenation exceptions out of 8191
 26i,15n,22p,161b,266s stack positions out of 5000i,500n,10000p,200000b,50000s

Output written on review.dvi (35 pages, 10772 bytes).
